

Window: 'Command Prompt - keylogger'
[RETURN]EGKLORY[LMOUSE]

Window: 'runtime-EclipseApplication - MineSweeper/src/logic/MineSweeper.java - Eclipse Platform'
[LMOUSE][LMOUSE]

Window: NO ACTIVE WINDOW


Window: 'iTrace Engine'
[LMOUSE]

Window: 'runtime-EclipseApplication - MineSweeper/src/logic/MineSweeper.java - Eclipse Platform'
[LMOUSE][LMOUSE][LMOUSE][LMOUSE]

Window: 'MineSweeper'
[LMOUSE][LMOUSE][LMOUSE][LMOUSE][LMOUSE]

Window: NO ACTIVE WINDOW


Window: 'runtime-EclipseApplication - MineSweeper/src/logic/MineSweeper.java - Eclipse Platform'
[LMOUSE][LMOUSE][LMOUSE][LMOUSE]

Window: 'runtime-EclipseApplication - Eclipse Platform'


Window: 'runtime-EclipseApplication - MineSweeper/src/logic/MineSweeperBoard.java - Eclipse Platform'
[LMOUSE][STRG]F

Window: 'Find/Replace'
MINES[RETURN][LMOUSE]

Window: 'runtime-EclipseApplication - MineSweeper/src/logic/MineSweeperBoard.java - Eclipse Platform'
[LMOUSE][LMOUSE][LMOUSE][LMOUSE][RETURN]IF MIN[BACKSPACE][BACKSPACE][BACKSPACE][SHIFT]9MINE[SHIFT]COUNT [SHIFT]1[KEY \187] 10[ARROW RIGHT] [SHIFT][KEY \219][RETURN][SHIFT]SYSTEM.OUT.PRINTLN[SHIFT]9[AE][SHIFT]ERROR[ARROW RIGHT][ARROW RIGHT][UE][LMOUSE][RETURN]IF [SHIFT]9THIS.DATA.MINE[SHIFT]COUNT [SHIFT]1[KEY \187] 10[ARROW RIGHT] [SHIFT][KEY \219][RETURN][SHIFT]SYSTEM.OUT.PR[BACKSPACE][BACKSPACE][BACKSPACE][BACKSPACE][BACKSPACE][BACKSPACE][BACKSPACE][BACKSPACE][BACKSPACE]EM.OUT.PRINTLN[SHIFT]9[AE][SHIFT]BANANA[ARROW RIGHT][ARROW RIGHT][UE][STRG]S[LMOUSE]

Window: 'Errors in Workspace'
[LMOUSE]

Window: 'runtime-EclipseApplication - MineSweeper/src/logic/MineSweeperBoard.java - Eclipse Platform'


Window: 'MineSweeper'
[LMOUSE][LMOUSE][LMOUSE][LMOUSE][LMOUSE]

Window: NO ACTIVE WINDOW


Window: 'runtime-EclipseApplication - MineSweeper/src/logic/MineSweeperBoard.java - Eclipse Platform'


Window: 'runtime-EclipseApplication - Eclipse Platform'


Window: 'runtime-EclipseApplication - MineSweeper/src/logic/MineSweeper.java - Eclipse Platform'
[LMOUSE][LMOUSE]

Window: 'runtime-EclipseApplication - MineSweeper/src/logic/MineSweeperBoard.java - Eclipse Platform'
[LMOUSE][RETURN][TAB]S[BACKSPACE][BACKSPACE]##[SHIFT]TEST[RETURN][SHIFT]SYSTEM.OU[BACKSPACE][BACKSPACE][BACKSPACE][BACKSPACE][BACKSPACE]EM.OUT.PRINTLN[SHIFT]9MINE[SHIFT][SHIFT]COUNT[ARROW RIGHT][UE][STRG]S[RETURN][LMOUSE]

Window: 'Save and Launch'
[LMOUSE]

Window: 'runtime-EclipseApplication - MineSweeper/src/logic/MineSweeperBoard.java - Eclipse Platform'


Window: 'Errors in Workspace'
[LMOUSE]

Window: 'runtime-EclipseApplication - MineSweeper/src/logic/MineSweeperBoard.java - Eclipse Platform'


Window: NO ACTIVE WINDOW


Window: 'MineSweeper'
[LMOUSE][LMOUSE][LMOUSE][LMOUSE][LMOUSE][LMOUSE][LMOUSE][LMOUSE][LMOUSE][LMOUSE][LMOUSE][LMOUSE][LMOUSE][LMOUSE][LMOUSE][LMOUSE][LMOUSE][LMOUSE][LMOUSE][LMOUSE][LMOUSE][LMOUSE][LMOUSE][LMOUSE][LMOUSE][LMOUSE][LMOUSE][LMOUSE][LMOUSE][LMOUSE]

Window: 'runtime-EclipseApplication - MineSweeper/src/logic/MineSweeperBoard.java - Eclipse Platform'
[LMOUSE][STRG]F

Window: 'Find/Replace'
GENERATE[SHIFT]MINES[RETURN][RETURN][RETURN][RETURN][LMOUSE]

Window: 'runtime-EclipseApplication - MineSweeper/src/logic/MineSweeperBoard.java - Eclipse Platform'
[LMOUSE][LMOUSE][STRG]F

Window: 'Find/Replace'
D[BACKSPACE][BACKSPACE]GENERATE[BACKSPACE][SHIFT]E[BACKSPACE]E[SHIFT]MINES[RETURN][LMOUSE][LMOUSE]

Window: 'runtime-EclipseApplication - MineSweeper/src/logic/MineSweeperBoard.java - Eclipse Platform'
[LMOUSE][LMOUSE][LMOUSE][LMOUSE][LMOUSE][LMOUSE][RETURN][RETURN][SHIFT]SYSTEM.OUT.PRINTLN[SHIFT]9[AE]INSIDE GENERATEM[SHIFT]INES[ARROW RIGHT] [SHIFT][KEY \187] [SHIFT][AE][BACKSPACE]DATA.MINE[RETURN][ARROW RIGHT][UE][STRG]S[LMOUSE]

Window: 'Errors in Workspace'
[LMOUSE]

Window: 'runtime-EclipseApplication - MineSweeper/src/logic/MineSweeperBoard.java - Eclipse Platform'


Window: 'MineSweeper'
[LMOUSE][LMOUSE][LMOUSE][LMOUSE][LMOUSE][LMOUSE][LMOUSE][LMOUSE][LMOUSE][LMOUSE][LMOUSE][LMOUSE][LMOUSE][LMOUSE][LMOUSE]

Window: NO ACTIVE WINDOW


Window: 'runtime-EclipseApplication - MineSweeper/src/logic/MineSweeperBoard.java - Eclipse Platform'
[STRG]F

Window: 'Find/Replace'
GENEER[BACKSPACE][BACKSPACE]RATE[SHIFT]MINES[RETURN][LMOUSE]

Window: 'runtime-EclipseApplication - MineSweeper/src/logic/MineSweeperBoard.java - Eclipse Platform'
[LMOUSE][STRG]F

Window: 'Find/Replace'
GENERATE[SHIFT]MINES[RETURN][RETURN][LMOUSE]

Window: 'runtime-EclipseApplication - MineSweeper/src/logic/MineSweeperBoard.java - Eclipse Platform'
[LMOUSE][LMOUSE][STRG]F

Window: 'Find/Replace'
REMI[BACKSPACE]AINING[SHIFT]SPACES[RETURN][RETURN][LMOUSE]

Window: 'runtime-EclipseApplication - MineSweeper/src/logic/MineSweeperBoard.java - Eclipse Platform'
[LMOUSE][LMOUSE][RETURN][SHIFT]S[BACKSPACE][BACKSPACE][BACKSPACE][BACKSPACE][ARROW DOWN][ARROW RIGHT][ARROW RIGHT][RETURN]PRINT[SHIFT][BACKSPACE][BACKSPACE][BACKSPACE][BACKSPACE][BACKSPACE][SHIFT]SYETM.[BACKSPACE][BACKSPACE][BACKSPACE][BACKSPACE]STEM.OUT.PRINTLN[SHIFT]9I[ARROW RIGHT][UE][LMOUSE][STRG]S[LMOUSE]

Window: 'Errors in Workspace'
[LMOUSE]

Window: 'runtime-EclipseApplication - MineSweeper/src/logic/MineSweeperBoard.java - Eclipse Platform'


Window: 'MineSweeper'
[LMOUSE][LMOUSE][LMOUSE][LMOUSE][LMOUSE][LMOUSE][LMOUSE]

Window: NO ACTIVE WINDOW


Window: 'runtime-EclipseApplication - MineSweeper/src/logic/MineSweeperBoard.java - Eclipse Platform'
[RETURN]P[BACKSPACE][SHIFT]SYSTEM.OUT.PRINTLN[SHIFT][SHIFT]9MINES[ARROW RIGHT][STRG]S[UE][LMOUSE]

Window: 'Save and Launch'
[LMOUSE][LMOUSE][LMOUSE]

Window: 'runtime-EclipseApplication - MineSweeper/src/logic/MineSweeperBoard.java - Eclipse Platform'


Window: 'Errors in Workspace'
[LMOUSE]

Window: 'runtime-EclipseApplication - MineSweeper/src/logic/MineSweeperBoard.java - Eclipse Platform'


Window: 'MineSweeper'
[LMOUSE][LMOUSE][LMOUSE]

Window: 'runtime-EclipseApplication - MineSweeper/src/logic/MineSweeperBoard.java - Eclipse Platform'


Window: NO ACTIVE WINDOW


Window: 'Windows Shell Experience Host'


Window: 'Jump List for javaw'
[LMOUSE]

Window: 'MineSweeper'


Window: 'runtime-EclipseApplication - MineSweeper/src/logic/MineSweeperBoard.java - Eclipse Platform'


Window: NO ACTIVE WINDOW


Window: 'MineSweeper'
[LMOUSE]

Window: NO ACTIVE WINDOW
[LMOUSE]

Window: 'MineSweeper'


Window: NO ACTIVE WINDOW


Window: 'Jump List for javaw'
[LMOUSE]

Window: 'MineSweeper'


Window: NO ACTIVE WINDOW


Window: 'Jump List for javaw'
[LMOUSE]

Window: 'MineSweeper'


Window: 'runtime-EclipseApplication - MineSweeper/src/logic/MineSweeperBoard.java - Eclipse Platform'


Window: NO ACTIVE WINDOW


Window: 'Jump List for javaw'
[LMOUSE]

Window: 'MineSweeper'


Window: 'runtime-EclipseApplication - MineSweeper/src/logic/MineSweeperBoard.java - Eclipse Platform'
[LMOUSE][BACKSPACE][BACKSPACE][BACKSPACE][BACKSPACE][LMOUSE]

Window: 'Save and Launch'
[LMOUSE]

Window: 'runtime-EclipseApplication - MineSweeper/src/logic/MineSweeperBoard.java - Eclipse Platform'


Window: 'Errors in Workspace'
[LMOUSE]

Window: 'runtime-EclipseApplication - MineSweeper/src/logic/MineSweeperBoard.java - Eclipse Platform'


Window: 'MineSweeper'
[LMOUSE][RMOUSE][RMOUSE][RMOUSE][RMOUSE][RMOUSE][RMOUSE][RMOUSE][RMOUSE][RMOUSE][RMOUSE][RMOUSE][LMOUSE][RMOUSE][RMOUSE][LMOUSE][LMOUSE][LMOUSE]

Window: 'runtime-EclipseApplication - MineSweeper/src/logic/MineSweeperBoard.java - Eclipse Platform'
[RETURN][RETURN]MINES[BACKSPACE][BACKSPACE][BACKSPACE][BACKSPACE][BACKSPACE]##[SHIFT]SANITY CHECK[RETURN]FOR I[BACKSPACE][SHIFT][SHIFT][SHIFT]9I IN RAN[BACKSPACE][BACKSPACE][BACKSPACE]R[BACKSPACE][BACKSPACE][BACKSPACE][BACKSPACE][BACKSPACE][BACKSPACE]INT K [KEY \187] [BACKSPACE][BACKSPACE][BACKSPACE][BACKSPACE]J [KEY \187] 0[UE] J[SHIFT][KEY \187][KEY \187][BACKSPACE][SHIFT][KEY \187][UE] K[BACKSPACE]J [SHIFT], MINES[BACKSPACE][BACKSPACE][BACKSPACE][BACKSPACE][BACKSPACE]MINES.LENGTH[SHIFT]90[ARROW RIGHT] [SHIFT][KEY \221][RETURN][BACKSPACE][BACKSPACE][BACKSPACE][BACKSPACE][BACKSPACE][SHIFT][KEY \219][RETURN][SHIFT][BACKSPACE][TAB]FPR [LMOUSE][STRG]C[LMOUSE][LMOUSE][STRG]V[LMOUSE]K[LMOUSE]K[LMOUSE]K[LMOUSE][SHIFT][KEY \219][RETURN]IF MINES[KEY \219]J[ARROW RIGHT][KEY \219]K[ARROW RIGHT] [KEY \187][KEY \187] -[BACKSPACE][BACKSPACE] TRUE[RETURN][SHIFT]SYSE[BACKSPACE]TEM.OUT.R[BACKSPACE]PRINTLN9[SHIFT][SHIFT][AE][SHIFT]WHEE[ARROW RIGHT][UE][KEY \220][BACKSPACE][BACKSPACE][ARROW RIGHT][UE][LMOUSE][KEY \219]K[KEY \221][BACKSPACE][BACKSPACE]J[KEY \221][STRG]S[LMOUSE]

Window: 'Errors in Workspace'
[LMOUSE]

Window: 'runtime-EclipseApplication - MineSweeper/src/logic/MineSweeperBoard.java - Eclipse Platform'


Window: 'MineSweeper'
[LMOUSE]

Window: NO ACTIVE WINDOW


Window: 'runtime-EclipseApplication - MineSweeper/src/logic/MineSweeperBoard.java - Eclipse Platform'
[LMOUSE][LMOUSE][ARROW RIGHT][BACKSPACE][BACKSPACE][BACKSPACE][BACKSPACE][BACKSPACE][BACKSPACE]MINES[ARROW RIGHT][ARROW RIGHT][ARROW RIGHT][ARROW RIGHT][ARROW RIGHT][ARROW RIGHT][KEY \187][KEY \187][BACKSPACE][BACKSPACE][BACKSPACE][BACKSPACE][BACKSPACE][BACKSPACE][BACKSPACE][BACKSPACE][BACKSPACE][BACKSPACE][BACKSPACE][BACKSPACE][BACKSPACE]LENTH[SHIFT]9MINES[SHIFT]0[ARROW RIGHT][BACKSPACE][BACKSPACE][LMOUSE]G[LMOUSE][LMOUSE][LMOUSE]M[BACKSPACE][ARROW RIGHT][BACKSPACE][ARROW RIGHT][ARROW RIGHT][ARROW RIGHT][ARROW RIGHT][ARROW RIGHT][ARROW RIGHT][BACKSPACE][KEY \219]0[ARROW RIGHT][LMOUSE][LMOUSE][BACKSPACE][BACKSPACE][BACKSPACE][KEY \219][KEY \221].SIZE[SHIFT]90[LMOUSE][BACKSPACE][BACKSPACE][LMOUSE][LMOUSE][LMOUSE][LMOUSE][RETURN][RETURN]S[SHIFT]YSTEM.OUT.PRINTLN[SHIFT]9GET[SHIFT]Y[ARROW RIGHT][UE][RETURN][SHIFT]SYSTE[BACKSPACE][BACKSPACE][BACKSPACE][BACKSPACE]YSTEM.OUT.PRINTLN[SHIFT]9GET[SHIFT]X[ARROW RIGHT][AE][BACKSPACE][UE][LMOUSE][LMOUSE][LMOUSE][LMOUSE][BACKSPACE][BACKSPACE][BACKSPACE][BACKSPACE][BACKSPACE][LMOUSE]

Window: 'Save and Launch'
[LMOUSE]

Window: 'runtime-EclipseApplication - MineSweeper/src/logic/MineSweeperBoard.java - Eclipse Platform'


Window: 'Errors in Workspace'
[LMOUSE]

Window: 'runtime-EclipseApplication - MineSweeper/src/logic/MineSweeperBoard.java - Eclipse Platform'


Window: NO ACTIVE WINDOW


Window: 'MineSweeper'
[LMOUSE][LMOUSE]

Window: 'runtime-EclipseApplication - MineSweeper/src/logic/MineSweeperBoard.java - Eclipse Platform'
[LMOUSE][SHIFT]90[ARROW DOWN][ARROW LEFT][ARROW LEFT][SHIFT]90[STRG]S[LMOUSE]

Window: 'Errors in Workspace'
[LMOUSE]

Window: 'runtime-EclipseApplication - MineSweeper/src/logic/MineSweeperBoard.java - Eclipse Platform'


Window: 'MineSweeper'
[LMOUSE][LMOUSE]

Window: 'runtime-EclipseApplication - MineSweeper/src/logic/MineSweeperBoard.java - Eclipse Platform'
[LMOUSE][LMOUSE][STRG]C[LMOUSE][STRG]V.[ARROW DOWN][ARROW LEFT][ARROW LEFT][LMOUSE][LMOUSE][STRG]V.[LMOUSE][STRG]S[LMOUSE]

Window: 'Errors in Workspace'
[LMOUSE]

Window: 'runtime-EclipseApplication - MineSweeper/src/logic/MineSweeperBoard.java - Eclipse Platform'


Window: NO ACTIVE WINDOW


Window: 'MineSweeper'
[LMOUSE][LMOUSE][LMOUSE]

Window: 'runtime-EclipseApplication - MineSweeper/src/logic/MineSweeperBoard.java - Eclipse Platform'
[LMOUSE]F[LMOUSE][LMOUSE][LMOUSE][SHIFT][AE]THE  O[BACKSPACE][BACKSPACE]COORDINATES ARE [SHIFT]5D AND [SHIFT]5D, [BACKSPACE][BACKSPACE][SHIFT][AE], [BACKSPACE][BACKSPACE][BACKSPACE][SHIFT]5N[SHIFT][AE], SPACE.GET[SHIFT]X90, [LMOUSE][BACKSPACE][BACKSPACE][STRG]S[LMOUSE]

Window: 'Errors in Workspace'
[LMOUSE]

Window: 'runtime-EclipseApplication - MineSweeper/src/logic/MineSweeperBoard.java - Eclipse Platform'
[LMOUSE][LMOUSE]

Window: 'Errors in Workspace'
[LMOUSE]

Window: 'runtime-EclipseApplication - MineSweeper/src/logic/MineSweeperBoard.java - Eclipse Platform'


Window: 'MineSweeper'
[LMOUSE][LMOUSE][LMOUSE]

Window: 'runtime-EclipseApplication - MineSweeper/src/logic/MineSweeperBoard.java - Eclipse Platform'
[LMOUSE][LMOUSE][SHIFT][RETURN]REMAINING[SHIFT]SP[BACKSPACE][BACKSPACE][BACKSPACE][BACKSPACE][BACKSPACE][BACKSPACE]NING[SHIFT]SPACES.PUT[SHIFT]9MINE[ARROW RIGHT][UE][STRG]S[LMOUSE]

Window: 'Errors in Workspace'
[LMOUSE]

Window: 'runtime-EclipseApplication - MineSweeper/src/logic/MineSweeperBoard.java - Eclipse Platform'


Window: 'MineSweeper'
[LMOUSE][LMOUSE]

Window: 'runtime-EclipseApplication - MineSweeper/src/logic/MineSweeperBoard.java - Eclipse Platform'
[LMOUSE][LMOUSE]

Window: NO ACTIVE WINDOW


Window: 'iTrace Engine'
[LMOUSE]

Window: NO ACTIVE WINDOW


Window: 'Command Prompt - keylogger'
[LMOUSE]