

Window: 'Command Prompt - keylogger'
[RETURN][ARROW UP]EGKLORY[LMOUSE]

Window: 'runtime-EclipseApplication - MineSweeper/src/logic/MineSweeper.java - Eclipse Platform'
[LMOUSE][LMOUSE]

Window: NO ACTIVE WINDOW


Window: 'iTrace Engine'
[LMOUSE]

Window: 'runtime-EclipseApplication - MineSweeper/src/logic/MineSweeper.java - Eclipse Platform'
[LMOUSE][LMOUSE][LMOUSE]

Window: NO ACTIVE WINDOW


Window: 'MineSweeper'
[LMOUSE]

Window: NO ACTIVE WINDOW


Window: 'runtime-EclipseApplication - MineSweeper/src/logic/MineSweeper.java - Eclipse Platform'
[LMOUSE]

Window: 'runtime-EclipseApplication - Eclipse Platform'


Window: 'runtime-EclipseApplication - MineSweeper/src/presentation/MineSweeperGui.java - Eclipse Platform'
[LMOUSE][ARROW RIGHT][SHIFT][SHIFT][SHIFT][SHIFT][SHIFT][SHIFT][ARROW RIGHT][SHIFT]3[BACKSPACE]##[STRG][STRG][STRG][STRG][STRG][STRG]S[ALT]

Window: NO ACTIVE WINDOW


Window: 'Task Switching'


Window: 'MineSweeper'
[LMOUSE]

Window: 'runtime-EclipseApplication - MineSweeper/src/presentation/MineSweeperGui.java - Eclipse Platform'
[LMOUSE]

Window: 'MineSweeper'
[LMOUSE]

Window: NO ACTIVE WINDOW


Window: 'runtime-EclipseApplication - MineSweeper/src/presentation/MineSweeperGui.java - Eclipse Platform'
[ALT]

Window: NO ACTIVE WINDOW


Window: 'Task Switching'


Window: 'MineSweeper'
[LMOUSE]

Window: 'runtime-EclipseApplication - MineSweeper/src/presentation/MineSweeperGui.java - Eclipse Platform'
[LMOUSE][BACKSPACE][BACKSPACE][STRG]S[STRG][STRG][STRG][STRG][STRG][STRG][STRG][STRG][STRG][STRG][STRG][STRG][STRG][STRG][STRG][STRG][STRG][STRG][STRG][STRG][STRG][STRG][STRG][STRG][STRG][STRG][STRG][STRG][STRG][STRG][STRG][STRG][STRG][STRG][STRG][STRG][STRG][STRG][STRG][STRG][STRG][STRG][STRG][STRG][STRG][STRG][STRG][STRG][STRG][STRG][STRG][STRG]F

Window: 'Find/Replace'
BUTTON[SHIFT][SHIFT][SHIFT]CHEAT[RETURN][LMOUSE][LMOUSE][LMOUSE]

Window: 'runtime-EclipseApplication - MineSweeper/src/presentation/MineSweeperGui.java - Eclipse Platform'
[LMOUSE][ALT]

Window: NO ACTIVE WINDOW


Window: 'Task Switching'


Window: NO ACTIVE WINDOW


Window: 'iTrace Engine'
[ALT]

Window: NO ACTIVE WINDOW


Window: 'Task Switching'


Window: 'runtime-EclipseApplication - MineSweeper/src/presentation/MineSweeperGui.java - Eclipse Platform'
[LMOUSE]

Window: NO ACTIVE WINDOW


Window: 'MineSweeper'
[LMOUSE][LMOUSE]

Window: 'Custom'
[LMOUSE][LMOUSE][LMOUSE][LMOUSE][BACKSPACE]0[LMOUSE]

Window: 'MineSweeper'


Window: 'runtime-EclipseApplication - MineSweeper/src/presentation/MineSweeperGui.java - Eclipse Platform'


Window: 'MineSweeper'
[LMOUSE]

Window: NO ACTIVE WINDOW


Window: 'runtime-EclipseApplication - MineSweeper/src/presentation/MineSweeperGui.java - Eclipse Platform'
[ALT]

Window: NO ACTIVE WINDOW


Window: 'Task Switching'


Window: NO ACTIVE WINDOW


Window: 'MineSweeper'
[LMOUSE]

Window: 'runtime-EclipseApplication - MineSweeper/src/presentation/MineSweeperGui.java - Eclipse Platform'
[LMOUSE]

Window: 'MineSweeper'
[LMOUSE][LMOUSE]

Window: 'runtime-EclipseApplication - MineSweeper/src/presentation/MineSweeperGui.java - Eclipse Platform'


Window: 'MineSweeper'
[ALT]

Window: NO ACTIVE WINDOW


Window: 'Task Switching'
[TAB][TAB][TAB][TAB][TAB][TAB][TAB][TAB]

Window: NO ACTIVE WINDOW


Window: 'MineSweeper'
[LMOUSE][LMOUSE]

Window: 'Custom'
[LMOUSE][LMOUSE][LMOUSE][LMOUSE][LMOUSE][LMOUSE][LMOUSE][LMOUSE]

Window: 'MineSweeper'


Window: 'runtime-EclipseApplication - MineSweeper/src/presentation/MineSweeperGui.java - Eclipse Platform'


Window: 'MineSweeper'
[LMOUSE][LMOUSE][LMOUSE][LMOUSE][LMOUSE]

Window: 'runtime-EclipseApplication - MineSweeper/src/presentation/MineSweeperGui.java - Eclipse Platform'
[LMOUSE]

Window: 'MineSweeper'
[LMOUSE]

Window: NO ACTIVE WINDOW


Window: 'runtime-EclipseApplication - MineSweeper/src/presentation/MineSweeperGui.java - Eclipse Platform'
[LMOUSE][LMOUSE][LMOUSE][LMOUSE][LMOUSE][LMOUSE][LMOUSE][LMOUSE][LMOUSE][LMOUSE][LMOUSE][LMOUSE][LMOUSE][LMOUSE][LMOUSE][LMOUSE][STRG]F

Window: 'Find/Replace'
[LMOUSE][LMOUSE]

Window: 'runtime-EclipseApplication - MineSweeper/src/presentation/MineSweeperGui.java - Eclipse Platform'
[LMOUSE][LMOUSE]

Window: 'Find/Replace'
[LMOUSE][LMOUSE][STRG]ABOARAD[BACKSPACE][BACKSPACE]D.CAN[BACKSPACE][BACKSPACE][BACKSPACE][RETURN][RETURN][RETURN]C[LMOUSE]CAN[SHIFT]CHEAT[RETURN][RETURN][RETURN][RETURN][RETURN][RETURN][RETURN][LMOUSE][LMOUSE][LMOUSE][LMOUSE]

Window: 'runtime-EclipseApplication - MineSweeper/src/presentation/MineSweeperGui.java - Eclipse Platform'
[LMOUSE]

Window: 'Properties for java.lang.NullPointerException'


Window: 'Create Breakpoint for java.lang.NullPointerException'
NULL[LMOUSE]

Window: 'runtime-EclipseApplication - MineSweeper/src/presentation/MineSweeperGui.java - Eclipse Platform'
[LMOUSE][LMOUSE][LMOUSE][LMOUSE][LMOUSE][LMOUSE]

Window: 'MineSweeper'
[KEY \20][KEY \20][LMOUSE][LMOUSE][LMOUSE][LMOUSE]

Window: 'runtime-EclipseApplication - MineSweeper/src/presentation/MineSweeperGui.java - Eclipse Platform'


Window: 'MineSweeper'
[LMOUSE][LMOUSE]

Window: 'Custom'
[LMOUSE]

Window: 'MineSweeper'


Window: 'runtime-EclipseApplication - MineSweeper/src/presentation/MineSweeperGui.java - Eclipse Platform'


Window: 'MineSweeper'
[LMOUSE][LMOUSE][LMOUSE][KEY \20][KEY \20][KEY \20][KEY \20]

Window: 'Find/Replace'
[LMOUSE]

Window: NO ACTIVE WINDOW


Window: 'MineSweeper'


Window: 'Find/Replace'


Window: 'runtime-EclipseApplication - MineSweeper/src/presentation/MineSweeperGui.java - Eclipse Platform'
[LMOUSE]

Window: 'MineSweeper'
[LMOUSE][LMOUSE]

Window: 'runtime-EclipseApplication - MineSweeper/src/presentation/MineSweeperGui.java - Eclipse Platform'


Window: NO ACTIVE WINDOW


Window: 'MineSweeper'
[LMOUSE]

Window: 'runtime-EclipseApplication - MineSweeper/src/presentation/MineSweeperGui.java - Eclipse Platform'
[LMOUSE]

Window: 'MineSweeper'
[LMOUSE][LMOUSE]

Window: 'Custom'
[LMOUSE][LMOUSE][LMOUSE][BACKSPACE]0[LMOUSE]

Window: 'MineSweeper'


Window: 'runtime-EclipseApplication - MineSweeper/src/presentation/MineSweeperGui.java - Eclipse Platform'


Window: 'MineSweeper'
[LMOUSE]

Window: 'runtime-EclipseApplication - MineSweeper/src/presentation/MineSweeperGui.java - Eclipse Platform'
[SHIFT]HELLO[STRG]S[ALT]

Window: NO ACTIVE WINDOW


Window: 'Task Switching'


Window: NO ACTIVE WINDOW


Window: 'MineSweeper'
[LMOUSE]

Window: NO ACTIVE WINDOW


Window: 'runtime-EclipseApplication - MineSweeper/src/presentation/MineSweeperGui.java - Eclipse Platform'
[LMOUSE]

Window: 'MineSweeper'
[LMOUSE]

Window: 'Find/Replace'
[LMOUSE][LMOUSE][LMOUSE][LMOUSE]

Window: 'runtime-EclipseApplication - MineSweeper/src/presentation/MineSweeperGui.java - Eclipse Platform'
[ALT][TAB]

Window: NO ACTIVE WINDOW


Window: 'Task Switching'


Window: NO ACTIVE WINDOW


Window: 'MineSweeper'
[LMOUSE]

Window: 'runtime-EclipseApplication - MineSweeper/src/presentation/MineSweeperGui.java - Eclipse Platform'
[ALT]

Window: NO ACTIVE WINDOW


Window: 'Task Switching'


Window: 'MineSweeper'
[LMOUSE]

Window: 'runtime-EclipseApplication - MineSweeper/src/presentation/MineSweeperGui.java - Eclipse Platform'
[LMOUSE][LMOUSE][LMOUSE][LMOUSE][LMOUSE][STRG]F

Window: 'Find/Replace'
[SHIFT]JL[BACKSPACE][SHIFT]LABEL[KEY \20][KEY \20][LMOUSE][LMOUSE][LMOUSE][LMOUSE][LMOUSE][LMOUSE][LMOUSE][LMOUSE][LMOUSE][LMOUSE][LMOUSE][ESC]

Window: 'runtime-EclipseApplication - MineSweeper/src/presentation/MineSweeperGui.java - Eclipse Platform'
[STRG]F

Window: 'Find/Replace'
BUTTON[SHIFT]CHEAT[LMOUSE]

Window: 'runtime-EclipseApplication - MineSweeper/src/presentation/MineSweeperGui.java - Eclipse Platform'
[LMOUSE][ARROW RIGHT][SHIFT][SHIFT][SHIFT][SHIFT][SHIFT][SHIFT][SHIFT][SHIFT][SHIFT][SHIFT]3[BACKSPACE]##[LMOUSE][LMOUSE][LMOUSE][RETURN]TOP.ADD[SHIFT]9NEW [SHIFT]JLABLE[BACKSPACE][BACKSPACE][BACKSPACE][BACKSPACE][BACKSPACE][SHIFT]LABEL[SHIFT][SHIFT][SHIFT][SHIFT][SHIFT][SHIFT][SHIFT][SHIFT][SHIFT][SHIFT][SHIFT][SHIFT][SHIFT][SHIFT][SHIFT][SHIFT]9[SHIFT][AE]OU [BACKSPACE]T OF [SHIFT]CHEATS[ARROW RIGHT][ARROW RIGHT][ARROW RIGHT][LMOUSE][STRG][STRG][STRG][STRG][STRG][STRG]S[LMOUSE]L[ARROW RIGHT][ARROW RIGHT][ARROW RIGHT][ARROW LEFT]E[LMOUSE][STRG]S[LMOUSE]##[ARROW DOWN][ARROW LEFT][ARROW LEFT]##[STRG]S[LMOUSE][RETURN]PASS[STRG]S[LMOUSE][BACKSPACE][BACKSPACE][BACKSPACE][BACKSPACE]COMNTI[BACKSPACE][BACKSPACE][BACKSPACE][BACKSPACE]NTINUE[STRG]S[LMOUSE][LMOUSE][LMOUSE][LMOUSE][LMOUSE][LMOUSE][UE][STRG]S[LMOUSE][LMOUSE][LMOUSE]

Window: NO ACTIVE WINDOW
[LMOUSE]

Window: 'runtime-EclipseApplication - MineSweeper/src/presentation/MineSweeperGui.java - Eclipse Platform'
[LMOUSE][BACKSPACE][BACKSPACE][BACKSPACE][BACKSPACE][BACKSPACE][BACKSPACE][BACKSPACE][BACKSPACE][BACKSPACE]PASS[BACKSPACE][BACKSPACE][BACKSPACE][BACKSPACE][SHIFT]NONE[BACKSPACE][BACKSPACE][BACKSPACE][BACKSPACE][SHIFT]NULL[BACKSPACE][BACKSPACE][BACKSPACE][BACKSPACE][BACKSPACE][BACKSPACE][BACKSPACE][BACKSPACE][BACKSPACE][BACKSPACE][BACKSPACE][BACKSPACE][BACKSPACE][BACKSPACE][LMOUSE][STRG]S[LMOUSE]

Window: 'MineSweeper'
[LMOUSE][LMOUSE][LMOUSE][LMOUSE]

Window: 'runtime-EclipseApplication - MineSweeper/src/presentation/MineSweeperGui.java - Eclipse Platform'
[LMOUSE]

Window: 'Find/Replace'
[LMOUSE][SHIFT]HELLO[RETURN][LMOUSE]

Window: 'runtime-EclipseApplication - MineSweeper/src/presentation/MineSweeperGui.java - Eclipse Platform'
[BACKSPACE][BACKSPACE][BACKSPACE][BACKSPACE][BACKSPACE][BACKSPACE][ARROW RIGHT][BACKSPACE][SHIFT][AE][AE][STRG]S[LMOUSE][RETURN]TOP#A[BACKSPACE][BACKSPACE].ADD[SHIFT]9[BACKSPACE][LMOUSE][LMOUSE][STRG]C[LMOUSE][STRG]V[STRG]S[KEY \20][KEY \20][LMOUSE][BACKSPACE][ARROW LEFT][ARROW LEFT][ARROW LEFT][ARROW LEFT][ARROW RIGHT][ARROW RIGHT][ARROW RIGHT][ARROW RIGHT][ARROW LEFT][ARROW LEFT][ARROW LEFT][ARROW LEFT][ARROW LEFT][ARROW LEFT][ARROW LEFT][ARROW LEFT][ARROW LEFT][ARROW LEFT][ARROW LEFT][ARROW LEFT][ARROW LEFT][ARROW LEFT][ARROW LEFT][ARROW LEFT][ARROW LEFT][ARROW LEFT][ARROW RIGHT][ARROW RIGHT][ARROW RIGHT][BACKSPACE][ARROW RIGHT][ARROW RIGHT][ARROW RIGHT][ARROW RIGHT][ARROW RIGHT][ARROW RIGHT][ARROW RIGHT][ARROW RIGHT][ARROW RIGHT][ARROW RIGHT][ARROW RIGHT][ARROW RIGHT][ARROW RIGHT][ARROW RIGHT][ARROW RIGHT][ARROW RIGHT][ARROW RIGHT][ARROW RIGHT][ARROW RIGHT][ARROW RIGHT][ARROW LEFT][ARROW LEFT][ARROW LEFT][ARROW LEFT][ARROW LEFT][SHIFT][SHIFT][SHIFT][SHIFT]0[UE][STRG]S[ALT]

Window: NO ACTIVE WINDOW


Window: 'Task Switching'
[TAB][TAB][TAB][TAB][TAB][TAB][TAB]

Window: NO ACTIVE WINDOW


Window: 'runtime-EclipseApplication - MineSweeper/src/presentation/MineSweeperGui.java - Eclipse Platform'
[LMOUSE]

Window: 'MineSweeper'
[LMOUSE][ALT]

Window: NO ACTIVE WINDOW


Window: 'Task Switching'


Window: NO ACTIVE WINDOW


Window: 'runtime-EclipseApplication - MineSweeper/src/presentation/MineSweeperGui.java - Eclipse Platform'
[ALT]

Window: NO ACTIVE WINDOW


Window: 'Task Switching'


Window: 'MineSweeper'
[LMOUSE][LMOUSE][ALT]

Window: NO ACTIVE WINDOW


Window: 'Task Switching'


Window: NO ACTIVE WINDOW


Window: 'runtime-EclipseApplication - MineSweeper/src/presentation/MineSweeperGui.java - Eclipse Platform'
[LMOUSE][LMOUSE][BACKSPACE][BACKSPACE][STRG]S

Window: 'Find/Replace'
[LMOUSE][LMOUSE]BUTTON[SHIFT]CGH[BACKSPACE][BACKSPACE]HEAT[RETURN][KEY \20][KEY \20][LMOUSE][LMOUSE][LMOUSE][LMOUSE][LMOUSE][LMOUSE][LMOUSE]

Window: 'runtime-EclipseApplication - MineSweeper/src/presentation/MineSweeperGui.java - Eclipse Platform'


Window: 'Find/Replace'
[LMOUSE]

Window: 'runtime-EclipseApplication - MineSweeper/src/presentation/MineSweeperGui.java - Eclipse Platform'
[LMOUSE][LMOUSE]

Window: 'MineSweeper'
[LMOUSE][LMOUSE][LMOUSE][LMOUSE]

Window: 'runtime-EclipseApplication - MineSweeper/src/presentation/MineSweeperGui.java - Eclipse Platform'
[LMOUSE]

Window: NO ACTIVE WINDOW


Window: 'iTrace Engine'
[LMOUSE]

Window: NO ACTIVE WINDOW


Window: 'Command Prompt - keylogger'
[LMOUSE]