

Window: 'Command Prompt - keylogger'
[BACKSPACE][RETURN]AEGKLORY[LMOUSE]

Window: 'runtime-EclipseApplication - Eclipse Platform'


Window: NO ACTIVE WINDOW


Window: 'iTrace Engine'
[LMOUSE]

Window: 'runtime-EclipseApplication - Eclipse Platform'
[LMOUSE][LMOUSE]

Window: 'runtime-EclipseApplication - MineSweeper/src/logic/MineSweeper.java - Eclipse Platform'
[LMOUSE][LMOUSE][LMOUSE][LMOUSE][LMOUSE][LMOUSE][LMOUSE][LMOUSE][LMOUSE][LMOUSE][LMOUSE][LMOUSE][F1][LMOUSE][LMOUSE][F2]

Window: NO ACTIVE WINDOW
[LMOUSE]

Window: 'runtime-EclipseApplication - MineSweeper/src/logic/MineSweeper.java - Eclipse Platform'
[LMOUSE][LMOUSE][LMOUSE]

Window: NO ACTIVE WINDOW
[LMOUSE][LMOUSE]

Window: 'runtime-EclipseApplication - MineSweeper/src/logic/MineSweeper.java - Eclipse Platform'
[LMOUSE][RMOUSE][LMOUSE]

Window: 'runtime-EclipseApplication - Eclipse Platform'


Window: 'runtime-EclipseApplication - MineSweeper/src/logic/MineSweeper.java - Eclipse Platform'


Window: 'runtime-EclipseApplication - MineSweeper/src/logic/MineSweeperBoard.java - Eclipse Platform'
[LMOUSE]

Window: 'runtime-EclipseApplication - Eclipse Platform'


Window: 'runtime-EclipseApplication - MineSweeper/src/logic/MineSweeper.java - Eclipse Platform'
[LMOUSE]

Window: 'runtime-EclipseApplication - Eclipse Platform'


Window: 'runtime-EclipseApplication - MineSweeper/src/logic/MineSweeperBoard.java - Eclipse Platform'
[LMOUSE]

Window: 'runtime-EclipseApplication - MineSweeper/src/logic/MineSweeper.java - Eclipse Platform'
[LMOUSE]

Window: 'runtime-EclipseApplication - Eclipse Platform'


Window: 'runtime-EclipseApplication - MineSweeper/src/logic/MineSweeperBoard.java - Eclipse Platform'
[LMOUSE][LMOUSE]

Window: 'runtime-EclipseApplication - Eclipse Platform'


Window: 'runtime-EclipseApplication - MineSweeper/src/logic/MineSweeper.java - Eclipse Platform'
[LMOUSE][LMOUSE][LMOUSE][LMOUSE]

Window: 'MineSweeper'
[LMOUSE][LMOUSE][LMOUSE][LMOUSE][LMOUSE][LMOUSE][LMOUSE][LMOUSE][LMOUSE][LMOUSE][LMOUSE]

Window: NO ACTIVE WINDOW


Window: 'runtime-EclipseApplication - MineSweeper/src/logic/MineSweeper.java - Eclipse Platform'
[LMOUSE]

Window: 'runtime-EclipseApplication - Eclipse Platform'


Window: 'runtime-EclipseApplication - MineSweeper/src/logic/MineSweeperBoard.java - Eclipse Platform'
[LMOUSE][LMOUSE][LMOUSE][LMOUSE][RMOUSE][LMOUSE][RMOUSE][LMOUSE][LMOUSE][LMOUSE][LMOUSE][RMOUSE][LMOUSE][ALT]

Window: NO ACTIVE WINDOW


Window: 'Task Switching'


Window: 'MineSweeper'
[LMOUSE][LMOUSE][ALT]

Window: NO ACTIVE WINDOW


Window: 'Task Switching'


Window: NO ACTIVE WINDOW


Window: 'runtime-EclipseApplication - MineSweeper/src/logic/MineSweeperBoard.java - Eclipse Platform'
[ALT]

Window: NO ACTIVE WINDOW


Window: 'Task Switching'


Window: NO ACTIVE WINDOW


Window: 'MineSweeper'
[LMOUSE][LMOUSE][LMOUSE][LMOUSE][LMOUSE][LMOUSE][LMOUSE][LMOUSE][LMOUSE][LMOUSE][LMOUSE][LMOUSE][LMOUSE][LMOUSE][LMOUSE][LMOUSE][LMOUSE][LMOUSE][LMOUSE][LMOUSE][LMOUSE][LMOUSE][LMOUSE][LMOUSE][LMOUSE][LMOUSE][LMOUSE][LMOUSE][LMOUSE][LMOUSE][LMOUSE][LMOUSE][LMOUSE][LMOUSE]

Window: NO ACTIVE WINDOW


Window: 'runtime-EclipseApplication - MineSweeper/src/logic/MineSweeperBoard.java - Eclipse Platform'
[LMOUSE][LMOUSE][LMOUSE][LMOUSE][LMOUSE][LMOUSE][LMOUSE][LMOUSE][RMOUSE][LMOUSE][LMOUSE][LMOUSE][ALT]

Window: NO ACTIVE WINDOW


Window: 'Task Switching'


Window: NO ACTIVE WINDOW


Window: 'MineSweeper'
[LMOUSE][LMOUSE][LMOUSE][LMOUSE][LMOUSE][LMOUSE][LMOUSE][LMOUSE][LMOUSE][LMOUSE][LMOUSE][LMOUSE][LMOUSE][LMOUSE][LMOUSE][LMOUSE][LMOUSE][LMOUSE][LMOUSE][LMOUSE][LMOUSE][ALT]

Window: NO ACTIVE WINDOW


Window: 'Task Switching'


Window: NO ACTIVE WINDOW


Window: 'runtime-EclipseApplication - MineSweeper/src/logic/MineSweeperBoard.java - Eclipse Platform'
[LMOUSE][ARROW RIGHT][ARROW RIGHT][ARROW RIGHT][SHIFT][ARROW LEFT][ARROW LEFT][ARROW LEFT][ARROW LEFT][SHIFT][STRG][ARROW RIGHT][ARROW RIGHT][ARROW LEFT][ARROW LEFT][SHIFT][SHIFT][SHIFT][SHIFT][SHIFT][SHIFT]X90[STRG][ARROW RIGHT][ARROW RIGHT][ARROW RIGHT][ARROW RIGHT][STRG][SHIFT][ARROW RIGHT][ARROW RIGHT][ARROW LEFT][ARROW LEFT][SHIFT]Y90[STRG][STRG][STRG][STRG][STRG][STRG][STRG][STRG][STRG][STRG][STRG][STRG][STRG][STRG][STRG][STRG][STRG][STRG][STRG][STRG]S[LMOUSE]

Window: 'MineSweeper'
[LMOUSE][LMOUSE][LMOUSE][LMOUSE][LMOUSE][LMOUSE][LMOUSE][LMOUSE][LMOUSE][LMOUSE][LMOUSE][LMOUSE][LMOUSE][LMOUSE][LMOUSE][LMOUSE][LMOUSE][LMOUSE][LMOUSE][LMOUSE][LMOUSE][LMOUSE][LMOUSE][LMOUSE][LMOUSE][LMOUSE][LMOUSE][LMOUSE][LMOUSE][LMOUSE][LMOUSE][LMOUSE][LMOUSE][LMOUSE][LMOUSE][LMOUSE][LMOUSE][LMOUSE][LMOUSE][LMOUSE][LMOUSE][LMOUSE][LMOUSE][LMOUSE][LMOUSE][LMOUSE][LMOUSE]

Window: NO ACTIVE WINDOW


Window: 'runtime-EclipseApplication - MineSweeper/src/logic/MineSweeperBoard.java - Eclipse Platform'
[ARROW RIGHT][SHIFT][STRG][ARROW LEFT][ARROW LEFT]Y90[STRG][ARROW RIGHT][ARROW RIGHT][ARROW RIGHT][ARROW RIGHT][ARROW RIGHT][ARROW RIGHT][SHIFT][STRG][ARROW RIGHT][ARROW RIGHT][ARROW LEFT][ARROW LEFT]X90[STRG][STRG][STRG][STRG][STRG][STRG][STRG]SS[LMOUSE][LMOUSE][LMOUSE][LMOUSE][LMOUSE][LMOUSE][ALT][TAB]

Window: NO ACTIVE WINDOW


Window: 'Task Switching'


Window: NO ACTIVE WINDOW


Window: 'MineSweeper'
[ALT]

Window: NO ACTIVE WINDOW


Window: 'Task Switching'


Window: 'runtime-EclipseApplication - MineSweeper/src/logic/MineSweeperBoard.java - Eclipse Platform'
[LMOUSE][LMOUSE][RMOUSE][LMOUSE][LMOUSE][STRG]F

Window: 'Find/Replace'
MINE[SHIFT]C0OU[BACKSPACE][BACKSPACE]UNT[RETURN][RETURN][RETURN][RETURN][RETURN][RETURN][RETURN][RETURN][RETURN][RETURN][LMOUSE][LMOUSE]FLAG[SHIFT]COUNT[RETURN][RETURN][RETURN][RETURN][RETURN][RETURN][RETURN][RETURN][RETURN][RETURN][RETURN][RETURN][LMOUSE]

Window: 'runtime-EclipseApplication - MineSweeper/src/logic/MineSweeperBoard.java - Eclipse Platform'
[LMOUSE][RMOUSE][LMOUSE][LMOUSE][LMOUSE][LMOUSE][LMOUSE]

Window: 'runtime-EclipseApplication - Eclipse Platform'


Window: 'runtime-EclipseApplication - MineSweeper/src/presentation/MineSweeperGui.java - Eclipse Platform'
[LMOUSE]

Window: 'Find/Replace'


Window: 'runtime-EclipseApplication - MineSweeper/src/presentation/MineSweeperGui.java - Eclipse Platform'
[ALT]

Window: NO ACTIVE WINDOW


Window: 'Task Switching'


Window: NO ACTIVE WINDOW


Window: 'MineSweeper'
[LMOUSE][LMOUSE][LMOUSE][LMOUSE][LMOUSE][LMOUSE][LMOUSE][LMOUSE][LMOUSE][LMOUSE][LMOUSE][LMOUSE][LMOUSE][LMOUSE][LMOUSE][LMOUSE][LMOUSE][LMOUSE][LMOUSE][LMOUSE][LMOUSE][LMOUSE][LMOUSE][LMOUSE][LMOUSE][LMOUSE][LMOUSE][LMOUSE][LMOUSE][LMOUSE][LMOUSE][LMOUSE][LMOUSE][LMOUSE]

Window: NO ACTIVE WINDOW


Window: 'runtime-EclipseApplication - MineSweeper/src/presentation/MineSweeperGui.java - Eclipse Platform'
[RMOUSE][LMOUSE][RMOUSE][LMOUSE][LMOUSE][LMOUSE][RMOUSE][LMOUSE][RMOUSE][LMOUSE][LMOUSE][LMOUSE][LMOUSE][F3]

Window: 'runtime-EclipseApplication - MineSweeper/src/logic/MineSweeperBoard.java - Eclipse Platform'
[LMOUSE][LMOUSE][STRG][ARROW LEFT][ARROW LEFT][ARROW LEFT][ARROW LEFT][ARROW RIGHT][STRG][ARROW RIGHT][ARROW LEFT][SHIFT][ARROW LEFT][SHIFT][KEY \187][STRG][STRG][STRG][STRG][STRG][STRG][STRG][STRG]S[STRG][LMOUSE]

Window: 'MineSweeper'
[LMOUSE][LMOUSE][LMOUSE][LMOUSE][LMOUSE][LMOUSE][LMOUSE][LMOUSE][LMOUSE][LMOUSE][LMOUSE][LMOUSE]

Window: NO ACTIVE WINDOW


Window: 'runtime-EclipseApplication - MineSweeper/src/logic/MineSweeperBoard.java - Eclipse Platform'
[LMOUSE][SHIFT][SHIFT][ARROW LEFT][LMOUSE][RMOUSE][LMOUSE][LMOUSE][LMOUSE][STRG]CF

Window: 'Find/Replace'
V[RETURN][RETURN][RETURN][RETURN][RETURN][RETURN][RETURN]

Window: 'runtime-EclipseApplication - MineSweeper/src/logic/MineSweeperBoard.java - Eclipse Platform'
[LMOUSE][SHIFT][STRG][ARROW RIGHT][ARROW RIGHT][ARROW RIGHT][ARROW RIGHT][SHIFT][STRG][ARROW RIGHT][SHIFT][ARROW UP][ARROW RIGHT][STRG][STRG]C[ARROW RIGHT][RETURN][STRG]## [STRG]V[ARROW UP][STRG][ARROW LEFT][SHIFT][ARROW LEFT][ARROW LEFT][ARROW LEFT][ARROW LEFT][BACKSPACE][STRG]S[LMOUSE]

Window: 'MineSweeper'
[LMOUSE][LMOUSE][LMOUSE][LMOUSE][LMOUSE][LMOUSE][LMOUSE][LMOUSE][LMOUSE][LMOUSE][LMOUSE][LMOUSE][LMOUSE]

Window: 'runtime-EclipseApplication - MineSweeper/src/logic/MineSweeperBoard.java - Eclipse Platform'
[LMOUSE][LMOUSE]

Window: NO ACTIVE WINDOW


Window: 'iTrace Engine'
[LMOUSE][LMOUSE]

Window: 'No Plugins Detected'
[LMOUSE]

Window: 'iTrace Engine'


Window: NO ACTIVE WINDOW


Window: 'Command Prompt - keylogger'


Window: 'Select Command Prompt - keylogger'
[LMOUSE]C[STRG]

Window: 'Command Prompt - keylogger'
[STRG][STRG][F4][LMOUSE]