

Window: 'C:\Users\Eye-tracking\Documents\keylogger\build\keylogger.exe'
[LMOUSE]

Window: 'eclipse-workspace - itrace/src/edu/ysu/itrace/ConnectionManager.java - Eclipse IDE'


Window: NO ACTIVE WINDOW


Window: 'Logs'


Window: NO ACTIVE WINDOW


Window: 'Tobii Pro Eye Tracker Manager'
[LMOUSE]

Window: 'Calibration'
[LMOUSE][LMOUSE]

Window: 'Tobii Pro Eye Tracker Manager'
[LMOUSE]

Window: NO ACTIVE WINDOW


Window: 'Logs'


Window: NO ACTIVE WINDOW


Window: 'iTrace Engine'
[LMOUSE]

Window: 'itrace_core'
[LMOUSE]

Window: 'iTrace Engine'


Window: NO ACTIVE WINDOW
[LMOUSE]

Window: 'runtime-EclipseApplication - MineSweeper/src/logic/MineSweeper.java - Eclipse Platform'
[LMOUSE][LMOUSE]

Window: NO ACTIVE WINDOW


Window: 'iTrace Engine'
[LMOUSE]

Window: NO ACTIVE WINDOW


Window: 'runtime-EclipseApplication - MineSweeper/src/logic/MineSweeper.java - Eclipse Platform'
[LMOUSE][ALT]FNE[LMOUSE][STRG][STRG][STRG][STRG][STRG][STRG][STRG][STRG][STRG]F

Window: 'Find/Replace'
NEWGAME[RETURN][RETURN][LMOUSE][LMOUSE][LMOUSE][LMOUSE]

Window: 'runtime-EclipseApplication - MineSweeper/src/logic/MineSweeper.java - Eclipse Platform'
[LMOUSE][LMOUSE][LMOUSE][LMOUSE][LMOUSE][LMOUSE][LMOUSE][LMOUSE][LMOUSE][LMOUSE][LMOUSE][LMOUSE][LMOUSE][LMOUSE][LMOUSE][LMOUSE][LMOUSE][LMOUSE][LMOUSE][LMOUSE][RMOUSE][LMOUSE][LMOUSE][LMOUSE][LMOUSE][LMOUSE][LMOUSE][LMOUSE][LMOUSE]

Window: NO ACTIVE WINDOW
[LMOUSE]

Window: 'runtime-EclipseApplication - MineSweeper/src/logic/MineSweeper.java - Eclipse Platform'
[LMOUSE][LMOUSE][LMOUSE][LMOUSE][LMOUSE][LMOUSE][LMOUSE][LMOUSE][LMOUSE][LMOUSE][LMOUSE][LMOUSE][LMOUSE]

Window: NO ACTIVE WINDOW
[LMOUSE]

Window: 'runtime-EclipseApplication - MineSweeper/src/logic/MineSweeper.java - Eclipse Platform'
[LMOUSE][LMOUSE][LMOUSE]

Window: NO ACTIVE WINDOW


Window: 'MineSweeper'
[LMOUSE]

Window: 'runtime-EclipseApplication - MineSweeper/src/logic/MineSweeper.java - Eclipse Platform'
[LMOUSE]

Window: 'Properties for java.lang.NullPointerException'


Window: 'Create Breakpoint for java.lang.NullPointerException'
[LMOUSE]

Window: 'runtime-EclipseApplication - MineSweeper/src/logic/MineSweeper.java - Eclipse Platform'
[LMOUSE]

Window: 'runtime-EclipseApplication - Eclipse Platform'


Window: 'runtime-EclipseApplication - MineSweeper/src/presentation/MineSweeperGui.java - Eclipse Platform'
[LMOUSE][LMOUSE][LMOUSE][LMOUSE][LMOUSE][LMOUSE]

Window: 'Properties for java.lang.NullPointerException'


Window: 'Create Breakpoint for java.lang.NullPointerException'
[LMOUSE]

Window: 'runtime-EclipseApplication - MineSweeper/src/presentation/MineSweeperGui.java - Eclipse Platform'
[LMOUSE][LMOUSE][LMOUSE][LMOUSE][LMOUSE][LMOUSE][LMOUSE][LMOUSE][LMOUSE][LMOUSE][LMOUSE][LMOUSE][LMOUSE][LMOUSE][LMOUSE]

Window: 'Confirm Perspective Switch'
[LMOUSE]

Window: 'runtime-EclipseApplication - MineSweeper/src/presentation/MineSweeperGui.java - Eclipse Platform'
[LMOUSE][LMOUSE][LMOUSE][LMOUSE]

Window: NO ACTIVE WINDOW


Window: 'iTrace Engine'
[LMOUSE][LMOUSE]

Window: 'Dialog'
[LMOUSE][BACKSPACE]2[LMOUSE]

Window: 'iTrace Engine'
[LMOUSE]

Window: 'runtime-EclipseApplication - MineSweeper/src/presentation/MineSweeperGui.java - Eclipse Platform'
[LMOUSE]

Window: 'Confirm Exit'
[LMOUSE]

Window: 'runtime-EclipseApplication - MineSweeper/src/presentation/MineSweeperGui.java - Eclipse Platform'
[LMOUSE]

Window: 'Confirm Exit'
[LMOUSE]

Window: 'runtime-EclipseApplication - MineSweeper/src/presentation/MineSweeperGui.java - Eclipse Platform'


Window: 'Problem Occurred'


Window: 'MineSweeper'


Window: 'Progress Information'


Window: 'MineSweeper'


Window: NO ACTIVE WINDOW


Window: 'Logs'


Window: NO ACTIVE WINDOW


Window: 'Main-2nd'
[LMOUSE]

Window: 'P-308-bug1'
[LMOUSE][LMOUSE][LMOUSE]

Window: '1575324422'
[LMOUSE]

Window: NO ACTIVE WINDOW


Window: 'Logs'
[LMOUSE]

Window: '1575324422'
[LMOUSE]

Window: NO ACTIVE WINDOW


Window: 'Cortana'
KEY[RMOUSE][LMOUSE]

Window: 'build'
[LMOUSE][LMOUSE][LMOUSE][LMOUSE][LMOUSE]

Window: '1575324422'


Window: 'Progress'


Window: '0% complete'


Window: 'File In Use'
[LMOUSE]

Window: '1575324422'


Window: NO ACTIVE WINDOW


Window: 'C:\Users\Eye-tracking\Documents\keylogger\build\keylogger.exe'
[LMOUSE]