

Window: 'Command Prompt - keylogger'
[BACKSPACE][RETURN]EGKLOPRY[LMOUSE]

Window: 'iTrace Engine'


Window: NO ACTIVE WINDOW


Window: 'eclipse-workspace - Eclipse IDE'


Window: 'Validation'
[LMOUSE]

Window: 'eclipse-workspace - Eclipse IDE'


Window: 'Eclipse'


Window: 'Eclipse Platform'


Window: 'runtime-EclipseApplication - MineSweeper/src/logic/MineSweeper.java - Eclipse Platform'
[LMOUSE][LMOUSE][LMOUSE][LMOUSE]

Window: NO ACTIVE WINDOW


Window: 'iTrace Engine'
[LMOUSE]

Window: 'runtime-EclipseApplication - MineSweeper/src/logic/MineSweeper.java - Eclipse Platform'
[LMOUSE][LMOUSE][LMOUSE][LMOUSE][LMOUSE][LMOUSE][LMOUSE][LMOUSE][LMOUSE][LMOUSE][LMOUSE][LMOUSE][LMOUSE]

Window: 'MineSweeper'
[LMOUSE][LMOUSE][LMOUSE]

Window: 'runtime-EclipseApplication - MineSweeper/src/logic/MineSweeper.java - Eclipse Platform'


Window: 'MineSweeper'
[LMOUSE][LMOUSE][LMOUSE]

Window: 'runtime-EclipseApplication - MineSweeper/src/logic/MineSweeper.java - Eclipse Platform'


Window: 'MineSweeper'
[LMOUSE][LMOUSE][LMOUSE][LMOUSE][LMOUSE][LMOUSE][LMOUSE][LMOUSE][LMOUSE][LMOUSE][LMOUSE][LMOUSE][LMOUSE][LMOUSE][LMOUSE]

Window: 'runtime-EclipseApplication - MineSweeper/src/logic/MineSweeper.java - Eclipse Platform'


Window: 'MineSweeper'
[LMOUSE][LMOUSE][LMOUSE][LMOUSE][LMOUSE][LMOUSE]

Window: 'runtime-EclipseApplication - MineSweeper/src/logic/MineSweeper.java - Eclipse Platform'
[LMOUSE][LMOUSE][LMOUSE][LMOUSE]

Window: 'runtime-EclipseApplication - Eclipse Platform'


Window: 'runtime-EclipseApplication - MineSweeper/src/logic/MineGenerator.java - Eclipse Platform'
[LMOUSE][LMOUSE][LMOUSE][LMOUSE][LMOUSE]

Window: 'runtime-EclipseApplication - Eclipse Platform'


Window: 'runtime-EclipseApplication - MineSweeper/src/logic/MineSweeper.java - Eclipse Platform'
[LMOUSE][LMOUSE]

Window: 'runtime-EclipseApplication - Eclipse Platform'


Window: 'runtime-EclipseApplication - MineSweeper/src/logic/MineSweeperBoard.java - Eclipse Platform'
[LMOUSE][LMOUSE]

Window: 'runtime-EclipseApplication - Eclipse Platform'


Window: 'runtime-EclipseApplication - MineSweeper/src/logic/MineSweeper.java - Eclipse Platform'
[LMOUSE]

Window: 'runtime-EclipseApplication - MineSweeper/src/logic/MineSweeperBoard.java - Eclipse Platform'
[LMOUSE]

Window: 'runtime-EclipseApplication - MineSweeper/src/logic/MineSweeper.java - Eclipse Platform'
[LMOUSE]

Window: 'runtime-EclipseApplication - Eclipse Platform'


Window: 'runtime-EclipseApplication - MineSweeper/src/logic/MineSweeperBoard.java - Eclipse Platform'
[LMOUSE][LMOUSE][LMOUSE][LMOUSE]

Window: 'runtime-EclipseApplication - Eclipse Platform'


Window: 'runtime-EclipseApplication - MineSweeper/src/logic/MineGenerator.java - Eclipse Platform'
[LMOUSE]

Window: 'runtime-EclipseApplication - MineSweeper/src/logic/MineSweeper.java - Eclipse Platform'
[LMOUSE]

Window: 'runtime-EclipseApplication - MineSweeper/src/logic/MineSweeperBoard.java - Eclipse Platform'
[LMOUSE]

Window: 'runtime-EclipseApplication - Eclipse Platform'


Window: 'runtime-EclipseApplication - MineSweeper/src/logic/MineSweeper.java - Eclipse Platform'
[LMOUSE]

Window: 'runtime-EclipseApplication - Eclipse Platform'


Window: 'runtime-EclipseApplication - MineSweeper/src/logic/MineSweeperBoard.java - Eclipse Platform'
[LMOUSE][RMOUSE][LMOUSE][LMOUSE][LMOUSE]

Window: 'runtime-EclipseApplication - Eclipse Platform'


Window: 'runtime-EclipseApplication - MineSweeper/src/logic/MineSweeper.java - Eclipse Platform'
[LMOUSE]

Window: 'runtime-EclipseApplication - Eclipse Platform'


Window: 'runtime-EclipseApplication - MineSweeper/src/logic/MineSweeperBoard.java - Eclipse Platform'
[LMOUSE][LMOUSE][LMOUSE][LMOUSE][LMOUSE][LMOUSE][LMOUSE][LMOUSE]

Window: 'runtime-EclipseApplication - MineSweeper/src/logic/MineSweeper.java - Eclipse Platform'
[LMOUSE][RMOUSE][LMOUSE][LMOUSE][LMOUSE][RMOUSE][LMOUSE]

Window: 'runtime-EclipseApplication - Eclipse Platform'


Window: 'runtime-EclipseApplication - MineSweeper/src/logic/MineSweeper.java - Eclipse Platform'


Window: 'runtime-EclipseApplication - MineSweeper/src/presentation/MineSweeperGui.java - Eclipse Platform'
[LMOUSE][LMOUSE]

Window: 'runtime-EclipseApplication - MineSweeper/src/logic/MineSweeperBoard.java - Eclipse Platform'
[LMOUSE]

Window: 'runtime-EclipseApplication - Eclipse Platform'


Window: 'runtime-EclipseApplication - MineSweeper/src/logic/MineGenerator.java - Eclipse Platform'
[LMOUSE]

Window: 'runtime-EclipseApplication - MineSweeper/src/logic/MineSweeperBoard.java - Eclipse Platform'
[LMOUSE]

Window: 'runtime-EclipseApplication - MineSweeper/src/logic/MineGenerator.java - Eclipse Platform'
[LMOUSE]

Window: 'runtime-EclipseApplication - MineSweeper/src/presentation/MineSweeperGui.java - Eclipse Platform'
[LMOUSE]

Window: 'runtime-EclipseApplication - Eclipse Platform'


Window: 'runtime-EclipseApplication - MineSweeper/src/logic/MineSweeperBoard.java - Eclipse Platform'
[LMOUSE][LMOUSE][LMOUSE][RMOUSE][LMOUSE][LMOUSE][LMOUSE]

Window: 'runtime-EclipseApplication - Eclipse Platform'


Window: 'runtime-EclipseApplication - MineSweeper/src/logic/MineGenerator.java - Eclipse Platform'
[LMOUSE][LMOUSE]

Window: 'runtime-EclipseApplication - MineSweeper/src/logic/MineSweeper.java - Eclipse Platform'
[LMOUSE]

Window: 'runtime-EclipseApplication - Eclipse Platform'


Window: 'runtime-EclipseApplication - MineSweeper/src/logic/MineSweeperBoard.java - Eclipse Platform'
[LMOUSE]

Window: 'runtime-EclipseApplication - MineSweeper/src/logic/MineGenerator.java - Eclipse Platform'
[LMOUSE]

Window: 'runtime-EclipseApplication - MineSweeper/src/logic/MineSweeperBoard.java - Eclipse Platform'
[LMOUSE][LMOUSE][LMOUSE][LMOUSE][RMOUSE][LMOUSE][LMOUSE][LMOUSE][LMOUSE][LMOUSE][RMOUSE][LMOUSE][LMOUSE][LMOUSE]

Window: 'runtime-EclipseApplication - MineSweeper/src/presentation/MineSweeperGui.java - Eclipse Platform'
[LMOUSE][LMOUSE][LMOUSE][LMOUSE][LMOUSE]

Window: 'runtime-EclipseApplication - Eclipse Platform'


Window: 'runtime-EclipseApplication - MineSweeper/src/logic/MineSweeperBoard.java - Eclipse Platform'
[LMOUSE]

Window: 'runtime-EclipseApplication - Eclipse Platform'


Window: 'runtime-EclipseApplication - MineSweeper/src/presentation/MineSweeperGui.java - Eclipse Platform'
[ALT]

Window: 'runtime-EclipseApplication - Eclipse Platform'
[ARROW LEFT]

Window: 'runtime-EclipseApplication - MineSweeper/src/presentation/MineSweeperGui.java - Eclipse Platform'


Window: 'runtime-EclipseApplication - MineSweeper/src/logic/MineSweeperBoard.java - Eclipse Platform'
[WIN][ALT][ARROW LEFT]

Window: 'runtime-EclipseApplication - MineSweeper/src/presentation/MineSweeperGui.java - Eclipse Platform'
[ALT][ARROW LEFT][ARROW LEFT]

Window: 'runtime-EclipseApplication - Eclipse Platform'


Window: 'runtime-EclipseApplication - MineSweeper/src/presentation/MineSweeperGui.java - Eclipse Platform'


Window: 'runtime-EclipseApplication - MineSweeper/src/logic/MineSweeperBoard.java - Eclipse Platform'
[LMOUSE][LMOUSE][LMOUSE][LMOUSE][BACKSPACE][ARROW DOWN][RETURN]INT I[KEY \187]0[UE][RETURN]FOR [ARROW UP][ARROW RIGHT] [ARROW RIGHT] [ARROW LEFT][ARROW DOWN][SHIFT]9INT [ARROW UP][ARROW LEFT][ARROW LEFT][ARROW LEFT][ARROW LEFT][BACKSPACE]CNT[ARROW DOWN][ARROW RIGHT][ARROW RIGHT]I[KEY \187]0[UE] I [SHIFT], SPACE.GET[SHIFT][SHIFT][SHIFT][SHIFT][SHIFT][SHIFT][SHIFT][SHIFT]90[BACKSPACE][BACKSPACE][SHIFT]X90[UE] [SHIFT][KEY \187][KEY \187]I[ARROW RIGHT] [SHIFT][KEY \219][RETURN][SHIFT][KEY \221][ARROW UP][HOME][RETURN][LMOUSE][LMOUSE][LMOUSE][LMOUSE][LMOUSE][LMOUSE][LMOUSE][LMOUSE]HEIGHT[ARROW LEFT][ARROW LEFT][ARROW LEFT][ARROW LEFT][ARROW LEFT][ARROW LEFT][ARROW LEFT][ARROW LEFT][ARROW LEFT][ARROW LEFT][ARROW LEFT][ARROW LEFT][ARROW LEFT][ARROW LEFT][BACKSPACE]H[ARROW RIGHT][ARROW RIGHT][ARROW RIGHT][ARROW RIGHT][ARROW RIGHT][BACKSPACE]H[HOME][ARROW LEFT][ARROW LEFT][ARROW LEFT][BACKSPACE]H[ARROW DOWN]FOR [SHIFT]9INT W[KEY \187]0[UE] W [SHIFT], WIED[BACKSPACE][BACKSPACE]DTH[UE] [SHIFT][KEY \187][KEY \187]W[ARROW RIGHT] [SHIFT][KEY \219][RETURN][SHIFT][SHIFT][KEY \221][ARROW DOWN][ARROW DOWN][BACKSPACE][BACKSPACE][BACKSPACE][BACKSPACE][ARROW UP][ARROW UP][HOME][RETURN]IF MINES[KEY \219]H[KEY \221][KEY \219]W[KEY \221] [BACKSPACE][SHIFT]0[ARROW LEFT][ARROW LEFT][ARROW LEFT][ARROW LEFT][ARROW LEFT][ARROW LEFT][ARROW LEFT][ARROW LEFT][ARROW LEFT][ARROW LEFT][ARROW LEFT][ARROW LEFT][SHIFT]9[HOME] [SHIFT][KEY \187][KEY \187]CNT[UE][ARROW DOWN][ARROW DOWN][ARROW DOWN][ARROW UP][RETURN][SHIFT]SYSTEM[BACKSPACE][BACKSPACE][BACKSPACE][TAB][BACKSPACE][STRG] TEM.LOG[BACKSPACE][BACKSPACE][BACKSPACE]PRIN[STRG] [BACKSPACE][BACKSPACE][BACKSPACE][BACKSPACE]PRINT[STRG] [BACKSPACE][BACKSPACE][BACKSPACE][BACKSPACE][BACKSPACE][STRG] [ARROW DOWN][ARROW DOWN][ARROW DOWN][RETURN].[STRG] [BACKSPACE].PRIN[STRG][STRG][STRG][STRG][STRG][STRG][STRG][STRG][STRG][STRG][STRG][STRG][STRG][STRG][STRG][STRG][STRG][STRG][STRG][STRG][STRG][STRG][STRG][STRG][STRG][STRG][STRG][STRG][STRG][STRG]TLN[ARROW DOWN][ARROW DOWN][ARROW UP][ARROW DOWN][ARROW DOWN][ARROW DOWN][RETURN]CNT[STRG]S[LMOUSE]

Window: 'MineSweeper'


Window: NO ACTIVE WINDOW


Window: 'runtime-EclipseApplication - MineSweeper/src/logic/MineSweeperBoard.java - Eclipse Platform'


Window: NO ACTIVE WINDOW


Window: 'MineSweeper'
[LMOUSE][LMOUSE][LMOUSE][LMOUSE][LMOUSE][LMOUSE][LMOUSE]

Window: NO ACTIVE WINDOW


Window: 'runtime-EclipseApplication - MineSweeper/src/logic/MineSweeperBoard.java - Eclipse Platform'
[LMOUSE][LMOUSE][STRG][STRG][STRG]X[STRG][BACKSPACE][STRG][STRG]Z[STRG]Z[STRG][STRG][STRG][STRG][STRG][STRG][STRG][STRG][STRG]#[LMOUSE][STRG]S[LMOUSE][LMOUSE][LMOUSE][LMOUSE][LMOUSE][LMOUSE][LMOUSE][RETURN]INT CNT [KEY \187] 0[UE][ARROW DOWN][ARROW DOWN][ARROW UP][HOME][RETURN][SHIFT][KEY \187][KEY \187]CNT[UE][ARROW DOWN][ARROW DOWN][ARROW DOWN][ARROW DOWN][ARROW DOWN][ARROW DOWN][ARROW DOWN][ARROW DOWN][ARROW DOWN][ARROW DOWN][ARROW DOWN][ARROW DOWN][ARROW DOWN][ARROW DOWN][ARROW DOWN][ARROW DOWN][RETURN][SHIFT]STYS[BACKSPACE][BACKSPACE][BACKSPACE]YSTEM.OUT.#P[BACKSPACE][BACKSPACE][BACKSPACE].OPRIN[BACKSPACE][BACKSPACE][BACKSPACE][BACKSPACE]RINTLN[SHIFT]9[BACKSPACE][SHIFT]9CNT[SHIFT]0[UE][STRG]S[LMOUSE][LMOUSE]

Window: 'MineSweeper'
[LMOUSE][LMOUSE][LMOUSE][LMOUSE][LMOUSE][LMOUSE][LMOUSE]

Window: NO ACTIVE WINDOW


Window: 'runtime-EclipseApplication - MineSweeper/src/logic/MineSweeperBoard.java - Eclipse Platform'
[LMOUSE][STRG]X[BACKSPACE][LMOUSE][LMOUSE][LMOUSE][LMOUSE][LMOUSE][LMOUSE][LMOUSE][LMOUSE][RMOUSE][LMOUSE]

Window: 'runtime-EclipseApplication - Eclipse Platform'


Window: 'runtime-EclipseApplication - MineSweeper/src/logic/MineSweeperBoard.java - Eclipse Platform'


Window: 'runtime-EclipseApplication - MineSweeper/src/util/Piece.java - Eclipse Platform'
[LMOUSE]

Window: 'runtime-EclipseApplication - Eclipse Platform'


Window: 'runtime-EclipseApplication - MineSweeper/src/presentation/MineSweeperGui.java - Eclipse Platform'
[LMOUSE]

Window: 'runtime-EclipseApplication - MineSweeper/src/logic/MineSweeperBoard.java - Eclipse Platform'
[LMOUSE][LMOUSE][LMOUSE][LMOUSE][LMOUSE][RETURN][STRG]V[STRG]S[LMOUSE][RMOUSE][LMOUSE][LMOUSE]

Window: 'runtime-EclipseApplication - Eclipse Platform'


Window: 'runtime-EclipseApplication - MineSweeper/src/logic/MineGenerator.java - Eclipse Platform'
[LMOUSE]

Window: 'runtime-EclipseApplication - Eclipse Platform'


Window: 'runtime-EclipseApplication - MineSweeper/src/logic/MineSweeperBoard.java - Eclipse Platform'
[LMOUSE][RMOUSE][LMOUSE]

Window: 'runtime-EclipseApplication - Eclipse Platform'


Window: 'runtime-EclipseApplication - MineSweeper/src/logic/MineSweeperBoard.java - Eclipse Platform'


Window: 'runtime-EclipseApplication - MineSweeper/src/util/Space.java - Eclipse Platform'
[ALT][ALT][ALT][ALT][ALT][ALT][ALT][ALT][ALT][ARROW LEFT]

Window: 'runtime-EclipseApplication - MineSweeper/src/logic/MineSweeperBoard.java - Eclipse Platform'
[LMOUSE][LMOUSE][RMOUSE][LMOUSE][ALT][ARROW LEFT][ARROW LEFT][ALT][ARROW LEFT]

Window: 'runtime-EclipseApplication - MineSweeper/src/logic/MineGenerator.java - Eclipse Platform'
[ARROW LEFT]

Window: 'runtime-EclipseApplication - MineSweeper/src/logic/MineSweeperBoard.java - Eclipse Platform'
[LMOUSE][STRG]S[LMOUSE][ALT][ARROW LEFT][ARROW LEFT]

Window: 'runtime-EclipseApplication - Eclipse Platform'
[ARROW LEFT]

Window: 'runtime-EclipseApplication - MineSweeper/src/logic/MineSweeperBoard.java - Eclipse Platform'


Window: 'runtime-EclipseApplication - MineSweeper/src/presentation/MineSweeperGui.java - Eclipse Platform'
[ARROW RIGHT]

Window: 'runtime-EclipseApplication - MineSweeper/src/logic/MineSweeperBoard.java - Eclipse Platform'
[LMOUSE]

Window: 'MineSweeper'
[LMOUSE][LMOUSE][LMOUSE][LMOUSE]

Window: 'runtime-EclipseApplication - MineSweeper/src/logic/MineSweeperBoard.java - Eclipse Platform'
[LMOUSE][LMOUSE][BACKSPACE][BACKSPACE][STRG]S[LMOUSE][LMOUSE][RMOUSE][LMOUSE][LMOUSE][LMOUSE][ARROW UP][ARROW UP][ARROW UP][HOME][RETURN]IF [SHIFT]9MINES[KEY \219]SPACE.GET[SHIFT]X[BACKSPACE]Y90[ESC][ARROW RIGHT][ARROW LEFT][ARROW RIGHT][KEY \219]SPACE.GET[SHIFT]Z[BACKSPACE]X90[ARROW RIGHT][ARROW RIGHT][RETURN]IS[SHIFT]VALID[SHIFT]9SPACE0[SHIFT][BACKSPACE][SHIFT]0[ARROW LEFT][ARROW LEFT][ARROW LEFT][ARROW LEFT][ARROW LEFT][ARROW LEFT][ARROW LEFT][ARROW LEFT][ARROW LEFT][ARROW LEFT][ARROW LEFT][ARROW LEFT][ARROW LEFT][ARROW LEFT][SHIFT]SYSTEM.OUT.PRINTLN[SHIFT][SHIFT][SHIFT][SHIFT][SHIFT][SHIFT][SHIFT][SHIFT][SHIFT][SHIFT][SHIFT][SHIFT][SHIFT][SHIFT][SHIFT][SHIFT][SHIFT][SHIFT][SHIFT][SHIFT][SHIFT][SHIFT][SHIFT][SHIFT][SHIFT][SHIFT][SHIFT][SHIFT][SHIFT][SHIFT][SHIFT][SHIFT][SHIFT][SHIFT][SHIFT][SHIFT][SHIFT][SHIFT][SHIFT][SHIFT][SHIFT][SHIFT][SHIFT][SHIFT][SHIFT][SHIFT][SHIFT][SHIFT][SHIFT][SHIFT][SHIFT][SHIFT][SHIFT][SHIFT][SHIFT][SHIFT][SHIFT][SHIFT][SHIFT]9[AE][BACKSPACE][SHIFT][AE]X[BACKSPACE][SHIFT]Y[AE] [KEY \187] SPACE.GET[BACKSPACE][BACKSPACE][BACKSPACE][BACKSPACE][BACKSPACE][BACKSPACE][BACKSPACE][BACKSPACE][BACKSPACE]TOS[RETURN]S[BACKSPACE][ARROW LEFT]SPACE,[BACKSPACE].GET[SHIFT][SHIFT][SHIFT][SHIFT][SHIFT][SHIFT][SHIFT][SHIFT][SHIFT][SHIFT][SHIFT][SHIFT][SHIFT][SHIFT][SHIFT][SHIFT][SHIFT][SHIFT]Y90[SHIFT] [KEY \187] [AE]X[ARROW LEFT] [ARROW RIGHT][SHIFT][UE][ARROW RIGHT] [SHIFT][KEY \187] TO[SHIFT]STRING[SHIFT]9SPAE.GE[BACKSPACE][BACKSPACE][BACKSPACE][BACKSPACE]CE.GET[SHIFT]X90[ARROW RIGHT][ARROW RIGHT][BACKSPACE][BACKSPACE] [SHIFT][KEY \187] [BACKSPACE][BACKSPACE][BACKSPACE][SHIFT]0 [KEY \187] TO[SHIFT]STRING[SHIFT]9[HOME][SHIFT]00[UE][LMOUSE][LMOUSE][BACKSPACE][ARROW RIGHT][BACKSPACE]ST[BACKSPACE][BACKSPACE][SHIFT]STR[BACKSPACE][BACKSPACE][BACKSPACE] [ARROW LEFT][SHIFT]STRIN[STRG] [BACKSPACE][BACKSPACE][BACKSPACE][BACKSPACE][BACKSPACE][ARROW RIGHT][BACKSPACE][ARROW RIGHT][ARROW RIGHT][BACKSPACE][BACKSPACE]I[HOME][ARROW LEFT][ARROW LEFT][ARROW LEFT][BACKSPACE][ARROW RIGHT].TO[SHIFT]STRING[SHIFT]90[ARROW LEFT][ARROW LEFT][ARROW LEFT][ARROW LEFT][ARROW LEFT][ARROW LEFT][ARROW LEFT][ARROW LEFT][ARROW LEFT][ARROW LEFT][ARROW LEFT][ARROW LEFT][ARROW LEFT][ARROW LEFT][ARROW LEFT][ARROW LEFT][ARROW LEFT][ARROW LEFT][ARROW LEFT][ARROW LEFT][ARROW LEFT][ARROW LEFT][ARROW LEFT][ARROW LEFT][ARROW LEFT][ARROW LEFT][ARROW LEFT][ARROW LEFT][BACKSPACE][ARROW LEFT][ARROW LEFT][ARROW LEFT][ARROW LEFT][ARROW LEFT][ARROW LEFT][ARROW LEFT][ARROW LEFT][ARROW LEFT][ARROW LEFT][ARROW LEFT][ARROW LEFT][ARROW LEFT][ARROW RIGHT][BACKSPACE][BACKSPACE][BACKSPACE][BACKSPACE][BACKSPACE][BACKSPACE][BACKSPACE][BACKSPACE][BACKSPACE][ARROW RIGHT][ARROW RIGHT][ARROW RIGHT][ARROW RIGHT][ARROW RIGHT][ARROW RIGHT][ARROW RIGHT][ARROW RIGHT][ARROW RIGHT][ARROW RIGHT][ARROW RIGHT][ARROW RIGHT].TO[SHIFT]STRING[SHIFT]90[ARROW LEFT][ARROW LEFT][ARROW LEFT][ARROW LEFT][ARROW LEFT][ARROW LEFT][ARROW LEFT][ARROW LEFT][ARROW LEFT][ARROW LEFT][ARROW LEFT][ARROW LEFT][ARROW LEFT][ARROW LEFT][ARROW LEFT][ARROW LEFT][ARROW LEFT][ARROW LEFT][ARROW LEFT][ARROW LEFT][ARROW LEFT][ARROW LEFT][ARROW LEFT][ARROW LEFT][ARROW LEFT][ARROW LEFT][ARROW LEFT][ARROW LEFT][ARROW LEFT][ARROW LEFT][LMOUSE].TO[SHIFT]STRING[SHIFT][SHIFT][SHIFT][SHIFT][SHIFT][SHIFT][SHIFT][SHIFT][SHIFT][SHIFT][SHIFT][SHIFT]90[ARROW LEFT][ARROW LEFT][ARROW LEFT][ARROW LEFT][ARROW LEFT][ARROW LEFT][ARROW LEFT][ARROW LEFT][ARROW LEFT][ARROW LEFT][ARROW LEFT][ARROW LEFT][ARROW LEFT][ARROW LEFT][ARROW LEFT][ARROW LEFT][ARROW LEFT][ARROW LEFT][ARROW LEFT][ARROW LEFT][ARROW LEFT][ARROW LEFT][ARROW LEFT][ARROW LEFT][ARROW RIGHT][SHIFT][ARROW LEFT][ARROW LEFT][ARROW LEFT][ARROW LEFT][ARROW LEFT][ARROW LEFT][ARROW LEFT][ARROW LEFT][ARROW LEFT][BACKSPACE][LMOUSE][LMOUSE][BACKSPACE][LMOUSE][BACKSPACE][LMOUSE][BACKSPACE][LMOUSE][STRG]S[LMOUSE]

Window: 'MineSweeper'
[LMOUSE][LMOUSE][LMOUSE][LMOUSE]

Window: 'runtime-EclipseApplication - MineSweeper/src/logic/MineSweeperBoard.java - Eclipse Platform'
[LMOUSE][LMOUSE][LMOUSE][BACKSPACE][STRG][STRG][STRG][STRG][STRG][STRG][STRG][STRG][BACKSPACE][BACKSPACE][BACKSPACE][LMOUSE][TAB][TAB][BACKSPACE][SHIFT]SYSTE[BACKSPACE][BACKSPACE][BACKSPACE][BACKSPACE][BACKSPACE][BACKSPACE][BACKSPACE][BACKSPACE][LMOUSE][RMOUSE][LMOUSE][RMOUSE][LMOUSE][LMOUSE][LMOUSE][LMOUSE][LMOUSE][LMOUSE][LMOUSE][BACKSPACE][BACKSPACE][STRG]Z[LMOUSE][BACKSPACE][STRG]S[LMOUSE][LMOUSE][LMOUSE][LMOUSE][LMOUSE][LMOUSE][BACKSPACE][SHIFT]1[STRG]S[LMOUSE]

Window: 'MineSweeper'
[LMOUSE]

Window: 'runtime-EclipseApplication - MineSweeper/src/logic/MineSweeperBoard.java - Eclipse Platform'
[LMOUSE][LMOUSE][STRG]Z[STRG]Z[LMOUSE][STRG]S[LMOUSE][LMOUSE][RMOUSE][LMOUSE][ALT][ALT][ALT][ALT][ALT][ALT][ALT][ALT][ALT][ALT][ALT][ALT][ALT][ALT][ALT][ALT][ALT][ALT][ALT][ALT][ALT][ALT][ALT][ALT][ALT][ALT][ALT][ALT][ALT][ALT][ALT][ALT][ALT][ALT][ALT][ALT][ALT][ALT][ALT][ALT][ALT][ALT][ALT][ALT][ALT][ALT][ALT][ALT][ALT][ALT][ALT][ALT][ALT][ALT][ALT][ALT][ALT][ALT][ALT][ALT][ALT][ALT][ALT][ALT][ALT][ALT][ALT][ALT][ALT][ALT][ALT][ALT][LMOUSE][RMOUSE][LMOUSE][ALT][ALT][ALT][ALT][ALT][ALT][ALT][ALT][ALT][ALT][ALT][ALT][ALT][ALT][ALT][ALT][ALT][ALT][ALT][ALT][ALT][ALT][ALT][ALT][ALT][ALT][ALT][ALT][ALT][ALT][ALT][ALT][ALT][ALT][ALT][ALT][ALT][ALT][ALT][ALT][ALT][ALT][ALT][ALT][ALT][ALT][ALT][ALT][ALT][ALT][ALT][ALT][ALT][ALT][ALT][ALT][ALT][ALT][ALT][ALT][ALT][ALT][ALT][ALT][ALT][ALT][ALT][ALT][ALT][ALT][ALT][ALT][ALT][ALT][ALT][ALT][ALT][ALT][ALT][ALT][ALT][ALT][ALT][ALT][ARROW LEFT][ARROW LEFT][ARROW LEFT][LMOUSE][LMOUSE][LMOUSE][LMOUSE][LMOUSE][LMOUSE][RMOUSE][LMOUSE][LMOUSE][ALT][ALT][ARROW LEFT][LMOUSE][LMOUSE][LMOUSE][ARROW RIGHT][LMOUSE][LMOUSE][LMOUSE][LMOUSE][LMOUSE][LMOUSE][LMOUSE][RMOUSE][LMOUSE][LMOUSE][LMOUSE][ALT][ARROW LEFT][ARROW RIGHT][LMOUSE][LMOUSE][LMOUSE]

Window: NO ACTIVE WINDOW


Window: 'iTrace Engine'
[LMOUSE]

Window: NO ACTIVE WINDOW


Window: 'runtime-EclipseApplication - MineSweeper/src/logic/MineSweeperBoard.java - Eclipse Platform'
[LMOUSE]

Window: 'Confirm Exit'
[LMOUSE]

Window: 'runtime-EclipseApplication - MineSweeper/src/logic/MineSweeperBoard.java - Eclipse Platform'


Window: 'iTrace Engine'


Window: 'Progress Information'


Window: 'iTrace Engine'


Window: NO ACTIVE WINDOW


Window: 'eclipse-workspace - Eclipse IDE'


Window: 'Confirm Exit'
[LMOUSE]

Window: 'eclipse-workspace - Eclipse IDE'


Window: 'iTrace Engine'


Window: 'Progress Information'


Window: 'iTrace Engine'


Window: NO ACTIVE WINDOW


Window: 'Main'
[LMOUSE][LMOUSE][LMOUSE]

Window: 'P-208-bug2'


Window: NO ACTIVE WINDOW


Window: 'P-208-bug2'


Window: 'iTrace Engine'


Window: 'P-208-bug2'


Window: NO ACTIVE WINDOW


Window: 'Program Manager'
[LMOUSE]

Window: 'iTrace Engine'
[LMOUSE]

Window: 'Dialog'
[LMOUSE][SHIFT]MAIN[LMOUSE][SHIFT]P-208-BUG1

Window: NO ACTIVE WINDOW


Window: 'P-208-bug2'
[STRG]C

Window: NO ACTIVE WINDOW


Window: 'Dialog'


Window: 'Open Directory'
[LMOUSE][STRG]V[RETURN][LMOUSE][LMOUSE][BACKSPACE][BACKSPACE][BACKSPACE][BACKSPACE][BACKSPACE][BACKSPACE][BACKSPACE][BACKSPACE][BACKSPACE][BACKSPACE][BACKSPACE][BACKSPACE][BACKSPACE][BACKSPACE][BACKSPACE][BACKSPACE][RETURN][LMOUSE]

Window: 'Dialog'


Window: 'Open Directory'


Window: 'Dialog'
[LMOUSE]

Window: 'P-208-bug2'


Window: NO ACTIVE WINDOW


Window: 'iTrace Engine'
[LMOUSE]

Window: 'Dialog'
[LMOUSE]

Window: 'iTrace Engine'


Window: NO ACTIVE WINDOW


Window: 'Command Prompt - keylogger'
[LMOUSE]