

Window: 'Command Prompt - keylogger'
[BACKSPACE][RETURN]CEGKLORY[LMOUSE]

Window: 'runtime-EclipseApplication - MineSweeper/src/logic/MineSweeper.java - Eclipse Platform'
[LMOUSE][LMOUSE][LMOUSE][LMOUSE]

Window: NO ACTIVE WINDOW


Window: 'iTrace Engine'
[LMOUSE]

Window: 'runtime-EclipseApplication - MineSweeper/src/logic/MineSweeper.java - Eclipse Platform'
[LMOUSE][LMOUSE]

Window: NO ACTIVE WINDOW


Window: 'MineSweeper'


Window: NO ACTIVE WINDOW


Window: 'runtime-EclipseApplication - MineSweeper/src/logic/MineSweeper.java - Eclipse Platform'
[LMOUSE]

Window: 'MineSweeper'
[LMOUSE][LMOUSE][LMOUSE][LMOUSE]

Window: NO ACTIVE WINDOW


Window: 'runtime-EclipseApplication - MineSweeper/src/logic/MineSweeper.java - Eclipse Platform'
[LMOUSE][LMOUSE][LMOUSE][LMOUSE]

Window: 'MineSweeper'
[LMOUSE][LMOUSE]

Window: 'runtime-EclipseApplication - MineSweeper/src/logic/MineSweeper.java - Eclipse Platform'


Window: 'MineSweeper'
[LMOUSE][LMOUSE][LMOUSE][LMOUSE][LMOUSE][LMOUSE][LMOUSE][LMOUSE]

Window: NO ACTIVE WINDOW


Window: 'runtime-EclipseApplication - MineSweeper/src/logic/MineSweeper.java - Eclipse Platform'
[LMOUSE][LMOUSE]

Window: 'MineSweeper'
[LMOUSE][LMOUSE]

Window: 'runtime-EclipseApplication - MineSweeper/src/logic/MineSweeper.java - Eclipse Platform'


Window: NO ACTIVE WINDOW


Window: 'MineSweeper'
[LMOUSE][LMOUSE][LMOUSE]

Window: 'runtime-EclipseApplication - MineSweeper/src/logic/MineSweeper.java - Eclipse Platform'


Window: 'MineSweeper'
[LMOUSE][LMOUSE][LMOUSE][LMOUSE]

Window: 'runtime-EclipseApplication - MineSweeper/src/logic/MineSweeper.java - Eclipse Platform'


Window: 'MineSweeper'
[LMOUSE][LMOUSE][LMOUSE]

Window: 'runtime-EclipseApplication - MineSweeper/src/logic/MineSweeper.java - Eclipse Platform'
[LMOUSE][LMOUSE][STRG]F

Window: 'Find/Replace'
[LMOUSE][LMOUSE][LMOUSE][LMOUSE][LMOUSE][LMOUSE][LMOUSE][LMOUSE][LMOUSE][LMOUSE]

Window: 'runtime-EclipseApplication - MineSweeper/src/logic/MineSweeper.java - Eclipse Platform'
[LMOUSE][LMOUSE][LMOUSE][LMOUSE]

Window: 'runtime-EclipseApplication - Eclipse Platform'


Window: 'runtime-EclipseApplication - MineSweeper/src/logic/MineSweeperBoard.java - Eclipse Platform'
[LMOUSE][LMOUSE]

Window: 'runtime-EclipseApplication - Eclipse Platform'


Window: 'runtime-EclipseApplication - MineSweeper/src/logic/MineGenerator.java - Eclipse Platform'
[LMOUSE]

Window: 'runtime-EclipseApplication - Eclipse Platform'


Window: 'runtime-EclipseApplication - MineSweeper/src/logic/MineGenerator.java - Eclipse Platform'


Window: 'runtime-EclipseApplication - MineSweeper/src/logic/MineSweeperBoard.java - Eclipse Platform'
[LMOUSE][LMOUSE][LMOUSE]1[BACKSPACE][TAB][SHIFT]SYSTEM.P[BACKSPACE]U[BACKSPACE]OUT[RETURN].PRINTLN[SHIFT]90[ARROW LEFT]DATA.MINI[BACKSPACE]E[SHIFT]COUNT[ARROW RIGHT][UE][LMOUSE]

Window: 'Save and Launch'
[LMOUSE]

Window: 'runtime-EclipseApplication - MineSweeper/src/logic/MineSweeperBoard.java - Eclipse Platform'


Window: 'MineSweeper'
[LMOUSE][LMOUSE][LMOUSE][LMOUSE][LMOUSE][LMOUSE][LMOUSE][LMOUSE]

Window: NO ACTIVE WINDOW


Window: 'runtime-EclipseApplication - MineSweeper/src/logic/MineSweeperBoard.java - Eclipse Platform'
[LMOUSE][LMOUSE][LMOUSE][LMOUSE][LMOUSE][LMOUSE][LMOUSE][SHIFT][AE]COUNT[SHIFT][AE], [LMOUSE][LMOUSE][LMOUSE][LMOUSE][STRG]F

Window: 'Find/Replace'
[LMOUSE][LMOUSE]

Window: 'runtime-EclipseApplication - MineSweeper/src/logic/MineSweeperBoard.java - Eclipse Platform'
[LMOUSE][BACKSPACE][BACKSPACE][RETURN][LMOUSE]

Window: 'Find/Replace'
[LMOUSE]

Window: 'runtime-EclipseApplication - MineSweeper/src/logic/MineSweeperBoard.java - Eclipse Platform'
[LMOUSE][LMOUSE][RETURN]SYSTEM.OUR[BACKSPACE]T.PAL[BACKSPACE][BACKSPACE]RINTLIN[BACKSPACE][BACKSPACE]N[SHIFT]90[ARROW LEFT]MINE[ARROW RIGHT][UE][LMOUSE][BACKSPACE][SHIFT]S[LMOUSE][STRG]S[LMOUSE]

Window: 'MineSweeper'
[LMOUSE][LMOUSE]

Window: NO ACTIVE WINDOW


Window: 'runtime-EclipseApplication - MineSweeper/src/logic/MineSweeperBoard.java - Eclipse Platform'
[LMOUSE][STRG]F

Window: 'Find/Replace'
[LMOUSE][LMOUSE][LMOUSE]

Window: 'runtime-EclipseApplication - MineSweeper/src/logic/MineSweeperBoard.java - Eclipse Platform'
[LMOUSE][RETURN][LMOUSE][STRG]C[LMOUSE][STRG]V[LMOUSE][LMOUSE]SPACE[STRG]S[LMOUSE]

Window: 'MineSweeper'
[LMOUSE][LMOUSE][LMOUSE]

Window: 'runtime-EclipseApplication - MineSweeper/src/logic/MineSweeperBoard.java - Eclipse Platform'
[LMOUSE][LMOUSE][STRG]F

Window: 'Find/Replace'
[LMOUSE]

Window: 'runtime-EclipseApplication - MineSweeper/src/logic/MineSweeperBoard.java - Eclipse Platform'
[LMOUSE]

Window: 'runtime-EclipseApplication - Eclipse Platform'


Window: 'runtime-EclipseApplication - MineSweeper/src/logic/MineSweeper.java - Eclipse Platform'
[LMOUSE]

Window: 'Find/Replace'
[LMOUSE][LMOUSE]

Window: 'runtime-EclipseApplication - MineSweeper/src/logic/MineSweeper.java - Eclipse Platform'
[LMOUSE]

Window: 'Find/Replace'


Window: 'runtime-EclipseApplication - MineSweeper/src/logic/MineSweeper.java - Eclipse Platform'
[LMOUSE][STRG]F

Window: 'Find/Replace'
SPACE[LMOUSE][LMOUSE][LMOUSE][LMOUSE]

Window: 'runtime-EclipseApplication - MineSweeper/src/logic/MineSweeper.java - Eclipse Platform'
[LMOUSE][LMOUSE]

Window: 'runtime-EclipseApplication - Eclipse Platform'


Window: 'runtime-EclipseApplication - MineSweeper/src/logic/MineSweeperBoard.java - Eclipse Platform'
[STRG]F

Window: 'Find/Replace'
GET[SHIFT]X[LMOUSE][LMOUSE][LMOUSE][LMOUSE][LMOUSE][LMOUSE][LMOUSE][LMOUSE][LMOUSE][LMOUSE][LMOUSE][LMOUSE][LMOUSE][LMOUSE][LMOUSE]

Window: 'runtime-EclipseApplication - MineSweeper/src/logic/MineSweeperBoard.java - Eclipse Platform'
[LMOUSE][LMOUSE]

Window: 'runtime-EclipseApplication - Eclipse Platform'


Window: 'runtime-EclipseApplication - MineSweeper/src/logic/Help.java - Eclipse Platform'
[LMOUSE]

Window: 'runtime-EclipseApplication - Eclipse Platform'


Window: 'runtime-EclipseApplication - MineSweeper/src/logic/Help.java - Eclipse Platform'


Window: 'runtime-EclipseApplication - MineSweeper/src/logic/MineSweeperBoard.java - Eclipse Platform'
[LMOUSE][LMOUSE]

Window: 'runtime-EclipseApplication - Eclipse Platform'


Window: 'runtime-EclipseApplication - MineSweeper/src/logic/MineSweeper.java - Eclipse Platform'
[LMOUSE]

Window: 'Find/Replace'
[LMOUSE][LMOUSE][LMOUSE]GETX[BACKSPACE][BACKSPACE][BACKSPACE][BACKSPACE]GAME[RETURN][RETURN][RETURN][LMOUSE]

Window: 'runtime-EclipseApplication - MineSweeper/src/logic/MineSweeper.java - Eclipse Platform'
[LMOUSE][LMOUSE][STRG]F

Window: 'Find/Replace'
[LMOUSE][LMOUSE][LMOUSE][LMOUSE]

Window: 'runtime-EclipseApplication - MineSweeper/src/logic/MineSweeper.java - Eclipse Platform'
[LMOUSE][STRG]F

Window: 'Find/Replace'
GAME[LMOUSE][LMOUSE][LMOUSE][LMOUSE]GET[SHIFT]X[LMOUSE][LMOUSE][LMOUSE][LMOUSE]SPZ[BACKSPACE][BACKSPACE][BACKSPACE][BACKSPACE][SHIFT]SPZA[BACKSPACE][BACKSPACE]ACE[LMOUSE]

Window: 'runtime-EclipseApplication - MineSweeper/src/logic/MineSweeper.java - Eclipse Platform'
[LMOUSE]

Window: 'runtime-EclipseApplication - MineSweeper/src/logic/MineSweeperBoard.java - Eclipse Platform'
[LMOUSE]

Window: 'Find/Replace'


Window: 'runtime-EclipseApplication - MineSweeper/src/logic/MineSweeperBoard.java - Eclipse Platform'
[LMOUSE][LMOUSE][LMOUSE][LMOUSE][LMOUSE][LMOUSE][ARROW LEFT][ARROW LEFT][LMOUSE][RETURN][LMOUSE][STRG]C[LMOUSE][STRG]V[LMOUSE].GET[SHIFT]90[ARROW LEFT][SHIFT]Y[ARROW RIGHT], SPZ[BACKSPACE]ACE.GET[SHIFT]X[BACKSPACE][SHIFT]90[ARROW LEFT][SHIFT]X[STRG]S[LMOUSE]

Window: 'Errors in Workspace'
[LMOUSE]

Window: 'runtime-EclipseApplication - MineSweeper/src/logic/MineSweeperBoard.java - Eclipse Platform'
[LMOUSE][BACKSPACE][ARROW LEFT][SHIFT]Y[LMOUSE][BACKSPACE][ARROW LEFT][SHIFT]X[STRG]S[LMOUSE]

Window: 'Errors in Workspace'
[LMOUSE]

Window: 'runtime-EclipseApplication - MineSweeper/src/logic/MineSweeperBoard.java - Eclipse Platform'
[LMOUSE][LMOUSE][BACKSPACE], [SHIFT][AE]B[SHIFT][AE][STRG][STRG],[STRG][STRG][STRG][STRG][STRG][STRG][STRG][STRG][STRG][STRG][STRG][STRG][STRG][STRG][STRG][STRG][STRG][STRG][STRG][STRG][STRG][STRG][STRG][STRG][STRG][LMOUSE][STRG]X[LMOUSE][LMOUSE][LMOUSE][STRG]C[LMOUSE][RETURN][STRG]V[LMOUSE][BACKSPACE][SHIFT]X[LMOUSE][STRG]S[LMOUSE]

Window: 'MineSweeper'
[LMOUSE]

Window: NO ACTIVE WINDOW


Window: 'runtime-EclipseApplication - MineSweeper/src/logic/MineSweeperBoard.java - Eclipse Platform'
[LMOUSE]

Window: 'runtime-EclipseApplication - Eclipse Platform'


Window: 'runtime-EclipseApplication - MineSweeper/src/logic/MineSweeper.java - Eclipse Platform'
[LMOUSE]

Window: 'runtime-EclipseApplication - Eclipse Platform'


Window: 'runtime-EclipseApplication - MineSweeper/src/logic/MineSweeperBoard.java - Eclipse Platform'
[LMOUSE][BACKSPACE][LMOUSE][LMOUSE][LMOUSE][LMOUSE][RETURN][LMOUSE][LMOUSE][LMOUSE][STRG]C[LMOUSE][STRG]V[ARROW LEFT][ARROW LEFT][BACKSPACE][BACKSPACE][BACKSPACE][BACKSPACE]HEIGHT[ARROW RIGHT][ARROW RIGHT][RETURN][STRG]V[ARROW LEFT][ARROW LEFT][BACKSPACE][BACKSPACE][BACKSPACE][BACKSPACE]WIDTH[STRG]S[LMOUSE]

Window: 'MineSweeper'
[LMOUSE][LMOUSE][LMOUSE]

Window: NO ACTIVE WINDOW


Window: 'runtime-EclipseApplication - MineSweeper/src/logic/MineSweeperBoard.java - Eclipse Platform'


Window: 'MineSweeper'
[LMOUSE]

Window: NO ACTIVE WINDOW


Window: 'runtime-EclipseApplication - MineSweeper/src/logic/MineSweeperBoard.java - Eclipse Platform'
[LMOUSE][LMOUSE][BACKSPACE][BACKSPACE][LMOUSE][LMOUSE][RETURN][RETURN]WHJI[BACKSPACE][BACKSPACE]HI[BACKSPACE][BACKSPACE][BACKSPACE][BACKSPACE][BACKSPACE][BACKSPACE][BACKSPACE][BACKSPACE][LMOUSE][BACKSPACE][BACKSPACE][LMOUSE][RETURN][RETURN]WHILE [SHIFT]90[ARROW LEFT]SPACE.GET[SHIFT]90[ARROW LEFT][SHIFT]X[BACKSPACE][ARROW LEFT][SHIFT]X[ARROW RIGHT][ARROW RIGHT] [SHIFT].[KEY \187] [ARROW LEFT][ARROW LEFT][ARROW LEFT][ARROW LEFT][ARROW LEFT][ARROW LEFT][ARROW LEFT][ARROW RIGHT][BACKSPACE][SHIFT]Y[ARROW RIGHT][ARROW RIGHT][ARROW RIGHT][ARROW RIGHT][ARROW RIGHT][ARROW RIGHT][LMOUSE][LMOUSE]

Window: NO ACTIVE WINDOW


Window: 'iTrace Engine'
[LMOUSE]

Window: 'runtime-EclipseApplication - MineSweeper/src/logic/MineSweeperBoard.java - Eclipse Platform'


Window: 'Confirm Exit'
[LMOUSE]

Window: 'runtime-EclipseApplication - MineSweeper/src/logic/MineSweeperBoard.java - Eclipse Platform'


Window: 'Save Resource'
[LMOUSE]

Window: 'runtime-EclipseApplication - MineSweeper/src/logic/MineSweeperBoard.java - Eclipse Platform'


Window: 'Problem Occurred'


Window: NO ACTIVE WINDOW


Window: 'iTrace Engine'


Window: 'Progress Information'


Window: 'iTrace Engine'


Window: NO ACTIVE WINDOW


Window: 'Command Prompt - keylogger'
[LMOUSE]