

Window: 'Command Prompt - keylogger'
[BACKSPACE][RETURN]EGKLORY

Window: NO ACTIVE WINDOW


Window: 'eclipse-workspace - Eclipse IDE'


Window: 'Validation'
[LMOUSE]

Window: 'eclipse-workspace - Eclipse IDE'


Window: 'Eclipse'


Window: NO ACTIVE WINDOW


Window: 'Updates Available'


Window: 'eclipse-workspace - Eclipse IDE'
[STRG][ALT][DEL]

Window: NO ACTIVE WINDOW


Window: 'eclipse-workspace - Eclipse IDE'


Window: 'Task Manager'


Window: 'runtime-EclipseApplication - Eclipse Platform'


Window: 'Confirm Exit'
[LMOUSE]

Window: 'runtime-EclipseApplication - Eclipse Platform'


Window: 'Task Manager'


Window: 'Progress Information'


Window: NO ACTIVE WINDOW


Window: 'Logs'
[LMOUSE][LMOUSE][DEL]

Window: '100% complete'


Window: 'Item Not Found'


Window: NO ACTIVE WINDOW


Window: 'Logs'
[DEL]

Window: 'Item Not Found'


Window: 'Logs'


Window: NO ACTIVE WINDOW


Window: 'Task Manager'


Window: 'Logs'


Window: NO ACTIVE WINDOW


Window: 'Program Manager'
[LMOUSE]

Window: 'Eclipse'


Window: 'Eclipse IDE'


Window: 'Logs'


Window: 'Eclipse IDE Launcher'
[LMOUSE]

Window: NO ACTIVE WINDOW


Window: 'Logs'


Window: 'Eclipse IDE'


Window: 'Eclipse IDE (Not Responding)'


Window: 'eclipse-workspace - Eclipse IDE'


Window: NO ACTIVE WINDOW


Window: 'Main'
[LMOUSE]

Window: 'P-105-bug1'
[LMOUSE]

Window: 'Main'


Window: NO ACTIVE WINDOW


Window: 'eclipse-workspace - Eclipse IDE'


Window: 'Validation'
[LMOUSE]

Window: 'eclipse-workspace - Eclipse IDE'


Window: 'Eclipse'


Window: 'Eclipse Platform'


Window: 'runtime-EclipseApplication - Eclipse Platform'
[LMOUSE][LMOUSE][LMOUSE][LMOUSE][LMOUSE]

Window: NO ACTIVE WINDOW


Window: 'iTrace Engine'
[LMOUSE]

Window: 'runtime-EclipseApplication - Eclipse Platform'
[LMOUSE]

Window: 'runtime-EclipseApplication - MineSweeper/src/logic/MineSweeper.java - Eclipse Platform'
[LMOUSE][LMOUSE][RMOUSE][LMOUSE][LMOUSE][F2]

Window: NO ACTIVE WINDOW
[LMOUSE]

Window: 'runtime-EclipseApplication - MineSweeper/src/logic/MineSweeper.java - Eclipse Platform'
[LMOUSE]

Window: 'MineSweeper'
[LMOUSE][LMOUSE][LMOUSE][LMOUSE][LMOUSE][LMOUSE]

Window: 'runtime-EclipseApplication - MineSweeper/src/logic/MineSweeper.java - Eclipse Platform'
[LMOUSE][LMOUSE][LMOUSE][LMOUSE][LMOUSE]

Window: 'runtime-EclipseApplication - Eclipse Platform'


Window: 'runtime-EclipseApplication - MineSweeper/src/logic/MineSweeperBoard.java - Eclipse Platform'
[LMOUSE][LMOUSE][LMOUSE][RMOUSE][LMOUSE][LMOUSE][LMOUSE][RMOUSE][LMOUSE][LMOUSE][STRG]F

Window: 'Find/Replace'
V[LMOUSE][LMOUSE][LMOUSE]

Window: 'runtime-EclipseApplication - MineSweeper/src/logic/MineSweeperBoard.java - Eclipse Platform'
[LMOUSE][STRG]F[LMOUSE]

Window: NO ACTIVE WINDOW
[LMOUSE]

Window: 'runtime-EclipseApplication - MineSweeper/src/logic/MineSweeperBoard.java - Eclipse Platform'
[LMOUSE][LMOUSE][LMOUSE][LMOUSE]

Window: 'MineSweeper'
[LMOUSE][LMOUSE][LMOUSE][LMOUSE]

Window: 'runtime-EclipseApplication - MineSweeper/src/logic/MineSweeperBoard.java - Eclipse Platform'
[LMOUSE][STRG][STRG][STRG][STRG][STRG][STRG][STRG][STRG][STRG][STRG][STRG][STRG][STRG][STRG][STRG][LMOUSE]

Window: 'MineSweeper'
[LMOUSE][LMOUSE][LMOUSE][LMOUSE][LMOUSE]

Window: 'runtime-EclipseApplication - MineSweeper/src/logic/MineSweeperBoard.java - Eclipse Platform'
[LMOUSE]

Window: 'MineSweeper'
[LMOUSE][LMOUSE][LMOUSE]

Window: NO ACTIVE WINDOW


Window: 'runtime-EclipseApplication - MineSweeper/src/logic/MineSweeperBoard.java - Eclipse Platform'


Window: 'runtime-EclipseApplication - Eclipse Platform'


Window: 'runtime-EclipseApplication - MineSweeper/src/presentation/MineSweeperGui.java - Eclipse Platform'
[LMOUSE][LMOUSE][LMOUSE][LMOUSE]

Window: 'MineSweeper'
[LMOUSE][LMOUSE][LMOUSE]

Window: 'runtime-EclipseApplication - MineSweeper/src/presentation/MineSweeperGui.java - Eclipse Platform'
[LMOUSE][LMOUSE][LMOUSE][LMOUSE][LMOUSE][LMOUSE][STRG]CF

Window: 'Find/Replace'
V[LMOUSE][LMOUSE][LMOUSE][LMOUSE][LMOUSE][LMOUSE][LMOUSE][LMOUSE][LMOUSE][LMOUSE][LMOUSE][LMOUSE]

Window: 'runtime-EclipseApplication - MineSweeper/src/presentation/MineSweeperGui.java - Eclipse Platform'
[LMOUSE][RMOUSE][LMOUSE][LMOUSE][LMOUSE][LMOUSE]

Window: 'MineSweeper'
[LMOUSE][LMOUSE]

Window: 'runtime-EclipseApplication - MineSweeper/src/presentation/MineSweeperGui.java - Eclipse Platform'


Window: 'MineSweeper'
[LMOUSE][LMOUSE][LMOUSE][LMOUSE][LMOUSE][LMOUSE]

Window: NO ACTIVE WINDOW


Window: 'runtime-EclipseApplication - MineSweeper/src/presentation/MineSweeperGui.java - Eclipse Platform'


Window: 'MineSweeper'
[LMOUSE][LMOUSE][LMOUSE][LMOUSE][LMOUSE]

Window: 'runtime-EclipseApplication - MineSweeper/src/presentation/MineSweeperGui.java - Eclipse Platform'


Window: NO ACTIVE WINDOW


Window: 'MineSweeper'
[LMOUSE][LMOUSE][LMOUSE][LMOUSE][LMOUSE][LMOUSE]

Window: 'runtime-EclipseApplication - MineSweeper/src/presentation/MineSweeperGui.java - Eclipse Platform'


Window: 'MineSweeper'
[LMOUSE][LMOUSE][LMOUSE][LMOUSE][LMOUSE][LMOUSE]

Window: 'runtime-EclipseApplication - MineSweeper/src/presentation/MineSweeperGui.java - Eclipse Platform'


Window: 'MineSweeper'
[LMOUSE][LMOUSE][LMOUSE][LMOUSE][LMOUSE]

Window: 'runtime-EclipseApplication - MineSweeper/src/presentation/MineSweeperGui.java - Eclipse Platform'
[LMOUSE][STRG]F

Window: 'Find/Replace'
EASY[RETURN][LMOUSE][LMOUSE]

Window: 'runtime-EclipseApplication - MineSweeper/src/presentation/MineSweeperGui.java - Eclipse Platform'
[LMOUSE]

Window: 'runtime-EclipseApplication - MineSweeper/src/logic/MineSweeper.java - Eclipse Platform'
[LMOUSE]

Window: 'runtime-EclipseApplication - Eclipse Platform'


Window: 'runtime-EclipseApplication - MineSweeper/src/logic/MineSweeperBoard.java - Eclipse Platform'
[LMOUSE][LMOUSE][LMOUSE][LMOUSE][LMOUSE][STRG]X[LMOUSE][RETURN][RETURN][STRG]V[BACKSPACE][LMOUSE]

Window: 'Save and Launch'
[LMOUSE]

Window: 'runtime-EclipseApplication - MineSweeper/src/logic/MineSweeperBoard.java - Eclipse Platform'


Window: 'MineSweeper'
[LMOUSE][LMOUSE]

Window: 'runtime-EclipseApplication - MineSweeper/src/logic/MineSweeperBoard.java - Eclipse Platform'
[LMOUSE][STRG]ZZZZ[LMOUSE][LMOUSE]

Window: 'runtime-EclipseApplication - MineSweeper/src/presentation/MineSweeperGui.java - Eclipse Platform'
[LMOUSE][LMOUSE][LMOUSE][LMOUSE][LMOUSE][LMOUSE][LMOUSE][LMOUSE][LMOUSE]

Window: 'runtime-EclipseApplication - MineSweeper/src/logic/MineSweeperBoard.java - Eclipse Platform'
[LMOUSE]

Window: 'runtime-EclipseApplication - Eclipse Platform'


Window: 'runtime-EclipseApplication - MineSweeper/src/presentation/MineSweeperGui.java - Eclipse Platform'
[LMOUSE][LMOUSE]

Window: 'runtime-EclipseApplication - MineSweeper/src/logic/MineSweeperBoard.java - Eclipse Platform'
[LMOUSE]

Window: 'runtime-EclipseApplication - MineSweeper/src/presentation/MineSweeperGui.java - Eclipse Platform'
[LMOUSE]

Window: 'runtime-EclipseApplication - Eclipse Platform'


Window: 'runtime-EclipseApplication - MineSweeper/src/logic/MineSweeperBoard.java - Eclipse Platform'
[LMOUSE]

Window: 'runtime-EclipseApplication - MineSweeper/src/presentation/MineSweeperGui.java - Eclipse Platform'
[LMOUSE][LMOUSE][LMOUSE]

Window: 'runtime-EclipseApplication - MineSweeper/src/logic/MineSweeperBoard.java - Eclipse Platform'
[LMOUSE][LMOUSE]

Window: 'runtime-EclipseApplication - Eclipse Platform'


Window: 'runtime-EclipseApplication - MineSweeper/src/presentation/MineSweeperGui.java - Eclipse Platform'
[LMOUSE][LMOUSE]

Window: 'Save and Launch'
[LMOUSE][LMOUSE]

Window: 'runtime-EclipseApplication - MineSweeper/src/presentation/MineSweeperGui.java - Eclipse Platform'


Window: 'MineSweeper'
[LMOUSE][RMOUSE][RMOUSE][RMOUSE][LMOUSE][LMOUSE][RMOUSE][LMOUSE][LMOUSE][LMOUSE][LMOUSE]

Window: 'runtime-EclipseApplication - MineSweeper/src/presentation/MineSweeperGui.java - Eclipse Platform'
[LMOUSE][LMOUSE][LMOUSE][LMOUSE]

Window: 'runtime-EclipseApplication - MineSweeper/src/logic/Help.java - Eclipse Platform'
[LMOUSE][LMOUSE][LMOUSE]

Window: 'MineSweeper'
[LMOUSE][LMOUSE]

Window: 'MineSweeper - Menu help'
[LMOUSE]

Window: 'MineSweeper'
[LMOUSE][LMOUSE]

Window: 'runtime-EclipseApplication - MineSweeper/src/logic/Help.java - Eclipse Platform'
[LMOUSE]

Window: 'runtime-EclipseApplication - MineSweeper/src/presentation/MineSweeperGui.java - Eclipse Platform'
[LMOUSE][LMOUSE][LMOUSE][LMOUSE]

Window: 'Properties for java.lang.NullPointerException'


Window: 'Create Breakpoint for java.lang.NullPointerException'
[LMOUSE]

Window: 'runtime-EclipseApplication - MineSweeper/src/presentation/MineSweeperGui.java - Eclipse Platform'
[LMOUSE][LMOUSE][LMOUSE][LMOUSE][LMOUSE][LMOUSE][LMOUSE][LMOUSE][LMOUSE][LMOUSE][LMOUSE][RMOUSE][LMOUSE][RMOUSE][LMOUSE][LMOUSE][STRG][STRG][STRG][STRG][STRG]F

Window: 'Find/Replace'
V[LMOUSE][LMOUSE][LMOUSE][LMOUSE][LMOUSE][LMOUSE]

Window: 'runtime-EclipseApplication - MineSweeper/src/presentation/MineSweeperGui.java - Eclipse Platform'
[LMOUSE]

Window: 'runtime-EclipseApplication - Eclipse Platform'


Window: 'runtime-EclipseApplication - MineSweeper/src/logic/MineSweeperBoard.java - Eclipse Platform'
[LMOUSE][LMOUSE][LMOUSE]

Window: NO ACTIVE WINDOW


Window: 'iTrace Engine'
[LMOUSE]

Window: NO ACTIVE WINDOW


Window: 'runtime-EclipseApplication - MineSweeper/src/logic/MineSweeperBoard.java - Eclipse Platform'
[LMOUSE][LMOUSE]

Window: 'runtime-EclipseApplication - Eclipse Platform'


Window: 'runtime-EclipseApplication - MineSweeper/src/logic/MineSweeper.java - Eclipse Platform'
[LMOUSE]

Window: NO ACTIVE WINDOW


Window: 'Command Prompt - keylogger'
[LMOUSE]