

Window: 'C:\Users\Eye-tracking\Documents\keylogger\build\keylogger.exe'
[LMOUSE]

Window: 'iTrace Engine'
[LMOUSE]

Window: 'itrace_core'
[LMOUSE]

Window: 'iTrace Engine'


Window: NO ACTIVE WINDOW


Window: 'runtime-EclipseApplication - MineSweeper/src/logic/MineSweeper.java - Eclipse Platform'


Window: NO ACTIVE WINDOW


Window: 'iTrace Engine'
[LMOUSE]

Window: NO ACTIVE WINDOW


Window: 'runtime-EclipseApplication - MineSweeper/src/logic/MineSweeper.java - Eclipse Platform'
[LMOUSE][LMOUSE][LMOUSE][LMOUSE][LMOUSE][LMOUSE]

Window: 'Confirm Perspective Switch'
[LMOUSE]

Window: 'runtime-EclipseApplication - MineSweeper/src/logic/MineSweeper.java - Eclipse Platform'


Window: 'runtime-EclipseApplication - Eclipse Platform'


Window: 'runtime-EclipseApplication - MineSweeper/src/logic/MineSweeper.java - Eclipse Platform'


Window: 'runtime-EclipseApplication - MineSweeper/src/presentation/MineSweeperGui.java - Eclipse Platform'
[LMOUSE][LMOUSE][LMOUSE][LMOUSE][LMOUSE][LMOUSE][LMOUSE][LMOUSE][LMOUSE][LMOUSE][LMOUSE][LMOUSE][LMOUSE][LMOUSE][LMOUSE][LMOUSE][LMOUSE][LMOUSE][LMOUSE][LMOUSE][LMOUSE][LMOUSE][LMOUSE][LMOUSE][LMOUSE][LMOUSE][LMOUSE][LMOUSE][LMOUSE][LMOUSE][LMOUSE][LMOUSE][LMOUSE][LMOUSE][LMOUSE][LMOUSE][LMOUSE][LMOUSE][LMOUSE][LMOUSE][LMOUSE][LMOUSE][LMOUSE][LMOUSE][LMOUSE][LMOUSE][LMOUSE][LMOUSE][LMOUSE][LMOUSE]

Window: 'Confirm Perspective Switch'
[LMOUSE][LMOUSE]

Window: 'runtime-EclipseApplication - MineSweeper/src/presentation/MineSweeperGui.java - Eclipse Platform'
[LMOUSE][LMOUSE][LMOUSE][LMOUSE][LMOUSE][LMOUSE][LMOUSE][LMOUSE][LMOUSE][LMOUSE][LMOUSE][LMOUSE][LMOUSE][LMOUSE][LMOUSE][LMOUSE][LMOUSE][LMOUSE]

Window: 'Confirm Perspective Switch'
[LMOUSE][LMOUSE]

Window: 'runtime-EclipseApplication - MineSweeper/src/presentation/MineButton.java - Eclipse Platform'
[LMOUSE]

Window: 'runtime-EclipseApplication - MineSweeper/src/presentation/MineSweeperGui.java - Eclipse Platform'
[LMOUSE]

Window: 'Confirm Perspective Switch'
[LMOUSE]

Window: 'runtime-EclipseApplication - MineSweeper/src/presentation/MineButton.java - Eclipse Platform'
[LMOUSE]

Window: 'runtime-EclipseApplication - MineSweeper/src/presentation/MineSweeperGui.java - Eclipse Platform'
[LMOUSE]

Window: 'Confirm Perspective Switch'
[LMOUSE]

Window: 'runtime-EclipseApplication - MineSweeper/src/presentation/MineButton.java - Eclipse Platform'
[LMOUSE]

Window: 'runtime-EclipseApplication - MineSweeper/src/presentation/MineSweeperGui.java - Eclipse Platform'
[LMOUSE]

Window: 'Confirm Perspective Switch'
[LMOUSE]

Window: 'runtime-EclipseApplication - MineSweeper/src/presentation/MineButton.java - Eclipse Platform'
[LMOUSE][LMOUSE][LMOUSE][LMOUSE][LMOUSE][LMOUSE][LMOUSE][LMOUSE][LMOUSE][LMOUSE]

Window: 'MineSweeper'
[LMOUSE][LMOUSE][LMOUSE][LMOUSE][LMOUSE][LMOUSE][LMOUSE][LMOUSE][LMOUSE][LMOUSE][LMOUSE][LMOUSE][LMOUSE][LMOUSE][LMOUSE][LMOUSE][LMOUSE][LMOUSE][LMOUSE][LMOUSE][LMOUSE][LMOUSE][LMOUSE][LMOUSE][LMOUSE][LMOUSE][LMOUSE][LMOUSE][LMOUSE]

Window: NO ACTIVE WINDOW


Window: 'runtime-EclipseApplication - MineSweeper/src/presentation/MineButton.java - Eclipse Platform'


Window: 'runtime-EclipseApplication - Eclipse Platform'


Window: 'runtime-EclipseApplication - MineSweeper/src/presentation/MineButton.java - Eclipse Platform'


Window: 'runtime-EclipseApplication - MineSweeper/src/logic/MineSweeper.java - Eclipse Platform'
[LMOUSE][LMOUSE][LMOUSE][LMOUSE][LMOUSE][LMOUSE][LMOUSE][LMOUSE][LMOUSE]

Window: 'runtime-EclipseApplication - Eclipse Platform'


Window: 'runtime-EclipseApplication - MineSweeper/src/presentation/MineSweeperGui.java - Eclipse Platform'
[LMOUSE][LMOUSE][LMOUSE][LMOUSE]

Window: NO ACTIVE WINDOW
[LMOUSE]

Window: 'runtime-EclipseApplication - MineSweeper/src/presentation/MineSweeperGui.java - Eclipse Platform'
[LMOUSE][LMOUSE][LMOUSE][LMOUSE][LMOUSE]

Window: NO ACTIVE WINDOW


Window: 'iTrace Engine'
[LMOUSE]

Window: NO ACTIVE WINDOW


Window: 'runtime-EclipseApplication - MineSweeper/src/presentation/MineSweeperGui.java - Eclipse Platform'
[LMOUSE]

Window: 'Confirm Exit'
[LMOUSE]

Window: 'runtime-EclipseApplication - MineSweeper/src/presentation/MineSweeperGui.java - Eclipse Platform'


Window: 'Problem Occurred'


Window: 'iTrace Engine'


Window: 'Progress Information'


Window: 'iTrace Engine'


Window: 'Logs'


Window: NO ACTIVE WINDOW


Window: 'iTrace Engine'


Window: 'Logs'


Window: NO ACTIVE WINDOW


Window: 'C:\Users\Eye-tracking\Documents\keylogger\build\keylogger.exe'
[LMOUSE]