

Window: 'Command Prompt - keylogger'
[RETURN][LMOUSE]

Window: 'iTrace Engine'


Window: NO ACTIVE WINDOW
[LMOUSE]

Window: 'runtime-EclipseApplication - MineSweeper/src/logic/MineSweeper.java - Eclipse Platform'
[LMOUSE]

Window: NO ACTIVE WINDOW


Window: 'iTrace Engine'
[LMOUSE]

Window: 'runtime-EclipseApplication - MineSweeper/src/logic/MineSweeper.java - Eclipse Platform'
[LMOUSE][STRG][STRG][STRG][STRG][STRG][STRG][STRG][STRG][STRG][STRG][STRG][STRG][STRG][STRG][STRG][STRG][STRG][STRG][STRG][STRG][STRG][STRG][STRG][STRG][STRG][STRG][STRG][STRG][STRG][STRG][STRG][STRG][STRG][STRG][STRG][STRG][STRG][STRG][STRG][STRG][STRG][STRG]A[STRG][SHIFT][NUM -][STRG][SHIFT][NUM +][LMOUSE][STRG][LMOUSE][STRG][STRG][STRG][STRG][STRG][STRG][STRG][LMOUSE]

Window: 'runtime-EclipseApplication - Eclipse Platform'


Window: 'runtime-EclipseApplication - MineSweeper/src/logic/MineSweeper.java - Eclipse Platform'


Window: 'runtime-EclipseApplication - MineSweeper/src/logic/MineSweeperBoard.java - Eclipse Platform'
[STRG][STRG][STRG][STRG][STRG][STRG][STRG][STRG][STRG][STRG][LMOUSE][ALT][ALT][ALT][ALT][ALT][ALT][ALT][LMOUSE][LMOUSE]

Window: 'runtime-EclipseApplication - Eclipse Platform'


Window: 'runtime-EclipseApplication - MineSweeper/src/logic/MineSweeperBoard.java - Eclipse Platform'


Window: 'runtime-EclipseApplication - MineSweeper/src/logic/MineSweeper.java - Eclipse Platform'
[LMOUSE][LMOUSE][STRG][LMOUSE]

Window: 'runtime-EclipseApplication - MineSweeper/src/logic/MineSweeperBoard.java - Eclipse Platform'
[STRG][STRG][STRG][STRG][STRG][STRG][STRG][LMOUSE][LMOUSE][LMOUSE]

Window: 'runtime-EclipseApplication - Eclipse Platform'


Window: 'runtime-EclipseApplication - MineSweeper/src/logic/MineSweeper.java - Eclipse Platform'
[STRG][LMOUSE][STRG]

Window: 'runtime-EclipseApplication - MineSweeper/src/logic/MineSweeperBoard.java - Eclipse Platform'
[STRG][STRG][STRG][STRG][STRG][STRG][STRG][STRG][STRG][STRG][STRG][STRG][LMOUSE][LMOUSE][LMOUSE]

Window: 'runtime-EclipseApplication - Eclipse Platform'


Window: 'runtime-EclipseApplication - MineSweeper/src/logic/MineSweeper.java - Eclipse Platform'
[STRG][LMOUSE][STRG][STRG][STRG][STRG][LMOUSE]

Window: 'runtime-EclipseApplication - Eclipse Platform'


Window: 'runtime-EclipseApplication - MineSweeper/src/logic/MineSweeper.java - Eclipse Platform'


Window: 'runtime-EclipseApplication - MineSweeper/src/presentation/MineSweeperGui.java - Eclipse Platform'
[STRG][STRG][STRG][STRG][STRG][STRG][STRG][STRG][STRG][LMOUSE]

Window: 'MineSweeper'
[LMOUSE][LMOUSE][LMOUSE][LMOUSE][LMOUSE][LMOUSE][LMOUSE][LMOUSE]

Window: 'runtime-EclipseApplication - MineSweeper/src/presentation/MineSweeperGui.java - Eclipse Platform'
[LMOUSE]

Window: 'runtime-EclipseApplication - Eclipse Platform'


Window: 'runtime-EclipseApplication - MineSweeper/src/presentation/MineSweeperGui.java - Eclipse Platform'


Window: 'runtime-EclipseApplication - MineSweeper/src/logic/MineGenerator.java - Eclipse Platform'
[LMOUSE]

Window: 'runtime-EclipseApplication - MineSweeper/src/logic/MineSweeper.java - Eclipse Platform'
[LMOUSE]

Window: 'runtime-EclipseApplication - Eclipse Platform'


Window: 'runtime-EclipseApplication - MineSweeper/src/logic/MineSweeperBoard.java - Eclipse Platform'
[LMOUSE][RMOUSE][LMOUSE][LMOUSE][LMOUSE][RMOUSE][LMOUSE][LMOUSE][LMOUSE][RMOUSE][LMOUSE][LMOUSE][LMOUSE][LMOUSE][LMOUSE][LMOUSE][LMOUSE][STRG][LMOUSE][STRG][STRG][STRG][STRG][STRG][STRG][STRG][STRG][STRG][STRG][STRG][STRG][STRG][STRG][STRG][STRG][LMOUSE][LMOUSE][LMOUSE][LMOUSE][LMOUSE][LMOUSE][STRG][LMOUSE][STRG][STRG][STRG][STRG][STRG][LMOUSE]

Window: 'runtime-EclipseApplication - Eclipse Platform'


Window: 'runtime-EclipseApplication - MineSweeper/src/logic/MineSweeperBoard.java - Eclipse Platform'


Window: 'runtime-EclipseApplication - MineSweeper/src/util/Space.java - Eclipse Platform'
[STRG][STRG][STRG][STRG][STRG][STRG][STRG][LMOUSE]

Window: 'runtime-EclipseApplication - MineSweeper/src/logic/MineSweeperBoard.java - Eclipse Platform'
[LMOUSE]

Window: 'runtime-EclipseApplication - Eclipse Platform'


Window: 'runtime-EclipseApplication - MineSweeper/src/logic/MineSweeper.java - Eclipse Platform'
[LMOUSE]

Window: 'runtime-EclipseApplication - MineSweeper/src/logic/MineGenerator.java - Eclipse Platform'
[LMOUSE]

Window: 'runtime-EclipseApplication - Eclipse Platform'


Window: 'runtime-EclipseApplication - MineSweeper/src/logic/MineSweeperBoard.java - Eclipse Platform'
[LMOUSE]

Window: 'runtime-EclipseApplication - Eclipse Platform'


Window: 'runtime-EclipseApplication - MineSweeper/src/logic/MineSweeperBoard.java - Eclipse Platform'


Window: 'runtime-EclipseApplication - MineSweeper/src/logic/MineGenerator.java - Eclipse Platform'
[LMOUSE]

Window: 'runtime-EclipseApplication - MineSweeper/src/logic/MineSweeper.java - Eclipse Platform'
[LMOUSE]

Window: 'runtime-EclipseApplication - Eclipse Platform'


Window: 'runtime-EclipseApplication - MineSweeper/src/logic/MineSweeper.java - Eclipse Platform'


Window: 'runtime-EclipseApplication - MineSweeper/src/logic/MineSweeperBoard.java - Eclipse Platform'
[LMOUSE]

Window: 'runtime-EclipseApplication - Eclipse Platform'


Window: 'runtime-EclipseApplication - MineSweeper/src/logic/MineSweeperBoard.java - Eclipse Platform'


Window: 'runtime-EclipseApplication - MineSweeper/src/util/Space.java - Eclipse Platform'
[LMOUSE]

Window: 'runtime-EclipseApplication - Eclipse Platform'


Window: 'runtime-EclipseApplication - MineSweeper/src/util/Space.java - Eclipse Platform'


Window: 'runtime-EclipseApplication - MineSweeper/src/logic/MineSweeperBoard.java - Eclipse Platform'
[LMOUSE][LMOUSE][LMOUSE][LMOUSE][LMOUSE][LMOUSE][LMOUSE][LMOUSE][LMOUSE][LMOUSE][LMOUSE][LMOUSE][LMOUSE][RETURN][SHIFT][SHIFT][SHIFT][SHIFT][SHIFT][SHIFT][SHIFT][SHIFT][SHIFT][SHIFT][SHIFT][SHIFT][SHIFT][SHIFT][SHIFT][SHIFT][SHIFT][SHIFT][SHIFT][SHIFT][SHIFT][SHIFT][SHIFT][SHIFT][SHIFT][SHIFT][SHIFT][SHIFT][SHIFT][SHIFT][SHIFT][SHIFT][SHIFT][SHIFT][SHIFT][SHIFT][SHIFT][SHIFT][SHIFT][SHIFT][SHIFT][SHIFT][SHIFT][SHIFT][SHIFT][SHIFT][SHIFT][SHIFT][SHIFT][SHIFT][SHIFT][SHIFT][SHIFT][SHIFT][SHIFT][SHIFT][SHIFT][SHIFT][SHIFT][SHIFT][SHIFT][SHIFT][SHIFT][SHIFT][SHIFT][SHIFT][SHIFT][SHIFT][SHIFT][SHIFT][SHIFT][SHIFT][SHIFT][SHIFT][SHIFT]SET[SHIFT],[SHIFT]INTEGER[ARROW RIGHT] USED[SHIFT]SA[BACKSPACE][ARROW LEFT][ARROW LEFT][ARROW LEFT][ARROW LEFT][ARROW LEFT][ARROW LEFT][ARROW LEFT][BACKSPACE][BACKSPACE][BACKSPACE][BACKSPACE][BACKSPACE][BACKSPACE][BACKSPACE][SHIFT]SPACE[ARROW RIGHT][ARROW RIGHT][ARROW RIGHT][ARROW RIGHT][ARROW RIGHT][ARROW RIGHT][ARROW RIGHT]PACES [KEY \187] NEW [SHIFT]HASH[SHIFT]SET[STRG][STRG][STRG] [RETURN][UE][LMOUSE][LMOUSE][RETURN]WHILE [SHIFT]9[LMOUSE][LMOUSE][LMOUSE][LMOUSE][LMOUSE][SHIFT][POS1][BACKSPACE][LMOUSE][RETURN]DO [SHIFT][KEY \219][RETURN][ARROW DOWN] WHILE[SHIFT]90[LMOUSE][SHIFT][POS1][STRG]X[LMOUSE][STRG][LMOUSE][STRG]V[LMOUSE][LMOUSE][LMOUSE][SHIFT][POS1][STRG][STRG]X[LMOUSE][RETURN][STRG]V[LMOUSE]SPACE [BACKSPACE].[BACKSPACE][BACKSPACE][BACKSPACE][BACKSPACE][BACKSPACE][BACKSPACE]USED[RETURN].CON[RETURN]SOACE[BACKSPACE][BACKSPACE][BACKSPACE][BACKSPACE]PACE[STRG][ARROW LEFT][ARROW LEFT][ARROW LEFT][ARROW LEFT][ARROW LEFT][ARROW LEFT][SHIFT]1[LMOUSE][LMOUSE][LMOUSE][RETURN][SHIFT]SPACE SPACE[UE][LMOUSE][SHIFT][POS1][BACKSPACE][LMOUSE][LMOUSE][LMOUSE][UE][LMOUSE][BACKSPACE][BACKSPACE][BACKSPACE][BACKSPACE][BACKSPACE][BACKSPACE][BACKSPACE][BACKSPACE][ARROW DOWN][LMOUSE][BACKSPACE][LMOUSE][RETURN]USED[SHIFT][POS1][BACKSPACE][BACKSPACE][BACKSPACE][BACKSPACE][BACKSPACE][ARROW DOWN][HOME][ARROW DOWN][TAB][TAB][BACKSPACE]USED[SHIFT]SP[TAB][BACKSPACE][STRG] .ADD[RETURN]SPACE[ARROW RIGHT][UE][LMOUSE][LMOUSE]

Window: 'runtime-EclipseApplication - Eclipse Platform'


Window: 'runtime-EclipseApplication - MineSweeper/src/logic/MineSweeper.java - Eclipse Platform'
[LMOUSE][LMOUSE][LMOUSE]

Window: 'runtime-EclipseApplication - MineSweeper/src/logic/MineSweeperBoard.java - Eclipse Platform'
[LMOUSE]

Window: 'eclipse-workspace - Eclipse IDE'


Window: NO ACTIVE WINDOW


Window: 'iTrace Engine'
[LMOUSE]

Window: NO ACTIVE WINDOW
[LMOUSE]

Window: 'runtime-EclipseApplication - MineSweeper/src/logic/MineSweeperBoard.java - Eclipse Platform'
[LMOUSE]

Window: 'Confirm Exit'
[LMOUSE]

Window: 'runtime-EclipseApplication - MineSweeper/src/logic/MineSweeperBoard.java - Eclipse Platform'


Window: 'Save Resource'
[LMOUSE]

Window: 'runtime-EclipseApplication - MineSweeper/src/logic/MineSweeperBoard.java - Eclipse Platform'


Window: 'iTrace Engine'


Window: 'Progress Information'


Window: 'iTrace Engine'


Window: NO ACTIVE WINDOW


Window: 'eclipse-workspace - Eclipse IDE'


Window: 'Confirm Exit'
[LMOUSE]

Window: 'eclipse-workspace - Eclipse IDE'


Window: NO ACTIVE WINDOW


Window: 'iTrace Engine'


Window: 'Progress Information'


Window: 'iTrace Engine'


Window: NO ACTIVE WINDOW


Window: 'Logs'


Window: NO ACTIVE WINDOW


Window: 'Command Prompt - keylogger'
[LMOUSE]