

Window: 'Command Prompt - keylogger'
[RETURN]EGKLORY[LMOUSE]

Window: 'iTrace Engine'


Window: NO ACTIVE WINDOW


Window: 'eclipse-workspace - Eclipse IDE'


Window: 'Validation'
[LMOUSE]

Window: 'eclipse-workspace - Eclipse IDE'


Window: 'Eclipse'


Window: 'Eclipse Platform'


Window: 'runtime-EclipseApplication - Eclipse Platform'


Window: 'runtime-EclipseApplication - MineSweeper/src/logic/MineSweeper.java - Eclipse Platform'
[LMOUSE][LMOUSE][LMOUSE][LMOUSE][LMOUSE][LMOUSE]

Window: NO ACTIVE WINDOW


Window: 'iTrace Engine'
[LMOUSE]

Window: 'runtime-EclipseApplication - MineSweeper/src/logic/MineSweeper.java - Eclipse Platform'
[LMOUSE][LMOUSE][LMOUSE][LMOUSE][LMOUSE]

Window: 'runtime-EclipseApplication - Eclipse Platform'


Window: 'runtime-EclipseApplication - MineSweeper/src/presentation/MineSweeperGui.java - Eclipse Platform'
[LMOUSE][LMOUSE]

Window: 'runtime-EclipseApplication - Eclipse Platform'


Window: 'runtime-EclipseApplication - MineSweeper/src/logic/MineSweeper.java - Eclipse Platform'
[LMOUSE]

Window: 'runtime-EclipseApplication - MineSweeper/src/presentation/MineSweeperGui.java - Eclipse Platform'
[LMOUSE][LMOUSE][STRG]F

Window: 'Find/Replace'
[LMOUSE][LMOUSE]

Window: 'runtime-EclipseApplication - MineSweeper/src/presentation/MineSweeperGui.java - Eclipse Platform'
[STRG]F

Window: 'Find/Replace'
[LMOUSE][LMOUSE][LMOUSE][LMOUSE][LMOUSE][LMOUSE][LMOUSE][LMOUSE][LMOUSE][LMOUSE][LMOUSE][LMOUSE]

Window: 'runtime-EclipseApplication - MineSweeper/src/presentation/MineSweeperGui.java - Eclipse Platform'
[LMOUSE][LMOUSE][LMOUSE][LMOUSE][RETURN][SHIFT]SYSTEM.OUT.PRINTLN[RETURN][ARROW LEFT][ARROW LEFT][SHIFT][AE]GOT ACTION[ARROW DOWN][ARROW DOWN][ARROW DOWN][ARROW DOWN][ARROW UP][ARROW UP][RETURN]S[BACKSPACE][SHIFT]SYSTEM.OUT.PRINTLN[SHIFT]9[AE]GOT [SHIFT][SHIFT][SHIFT][SHIFT][SHIFT][SHIFT][SHIFT][SHIFT]NEW[SHIFT] GAME[SHIFT][ARROW RIGHT][ARROW RIGHT][UE][LMOUSE][LMOUSE]

Window: 'MineSweeper'
[LMOUSE][LMOUSE]

Window: NO ACTIVE WINDOW


Window: 'runtime-EclipseApplication - MineSweeper/src/presentation/MineSweeperGui.java - Eclipse Platform'
[LMOUSE][LMOUSE][STRG]#[LMOUSE][STRG]#[LMOUSE][LMOUSE][LMOUSE][LMOUSE][STRG]#[LMOUSE][STRG]#[LMOUSE][STRG]C[LMOUSE][TAB][STRG]V[LMOUSE][SHIFT]MADE NEW GAME[LMOUSE][LMOUSE]

Window: 'MineSweeper'
[LMOUSE][LMOUSE]

Window: 'runtime-EclipseApplication - MineSweeper/src/presentation/MineSweeperGui.java - Eclipse Platform'
[LMOUSE][LMOUSE][LMOUSE][STRG]#[STRG][STRG][STRG][STRG][STRG]#[LMOUSE][STRG]#[LMOUSE][LMOUSE]

Window: 'MineSweeper'
[LMOUSE][LMOUSE]

Window: 'runtime-EclipseApplication - MineSweeper/src/presentation/MineSweeperGui.java - Eclipse Platform'
[STRG]#[LMOUSE][STRG]#[LMOUSE][LMOUSE]

Window: NO ACTIVE WINDOW


Window: 'MineSweeper'
[LMOUSE][LMOUSE]

Window: 'runtime-EclipseApplication - MineSweeper/src/presentation/MineSweeperGui.java - Eclipse Platform'
[STRG]#[LMOUSE][LMOUSE][STRG]F

Window: 'Find/Replace'
[LMOUSE][LMOUSE]

Window: 'runtime-EclipseApplication - MineSweeper/src/presentation/MineSweeperGui.java - Eclipse Platform'
[LMOUSE][STRG]F

Window: 'Find/Replace'
RESET[SHIFT]BURRO[BACKSPACE][BACKSPACE][BACKSPACE]TTON[RETURN][LMOUSE]

Window: 'runtime-EclipseApplication - MineSweeper/src/presentation/MineSweeperGui.java - Eclipse Platform'
[LMOUSE][LMOUSE][LMOUSE][TAB][SHIFT]SYSTEM.OUT.PRINTLN[SHIFT]9S[BACKSPACE][SHIFT][AE]SET BUTTON TEXT[SHIFT]0[BACKSPACE][HOME][UE][LMOUSE][LMOUSE][LMOUSE][STRG]C[LMOUSE][RETURN][STRG]V[LMOUSE][LMOUSE][RETURN][STRG]V[LMOUSE]DID CHEAT[LMOUSE][DEL][DEL]DID SPACES[LMOUSE]

Window: 'Save and Launch'
[LMOUSE][LMOUSE]

Window: 'runtime-EclipseApplication - MineSweeper/src/presentation/MineSweeperGui.java - Eclipse Platform'


Window: 'MineSweeper'
[LMOUSE]

Window: NO ACTIVE WINDOW


Window: 'runtime-EclipseApplication - MineSweeper/src/presentation/MineSweeperGui.java - Eclipse Platform'
[LMOUSE][LMOUSE][BACKSPACE][BACKSPACE][LMOUSE][LMOUSE][BACKSPACE][BACKSPACE][LMOUSE][BACKSPACE][BACKSPACE][LMOUSE][LMOUSE][LMOUSE][LMOUSE][LMOUSE][LMOUSE][LMOUSE][LMOUSE][LMOUSE][STRG]F

Window: 'Find/Replace'
[LMOUSE][LMOUSE][LMOUSE][LMOUSE][LMOUSE]

Window: 'runtime-EclipseApplication - MineSweeper/src/presentation/MineSweeperGui.java - Eclipse Platform'
[LMOUSE][LMOUSE][LMOUSE][LMOUSE][LMOUSE][LMOUSE][LMOUSE][LMOUSE][LMOUSE][LMOUSE][STRG]F

Window: 'Find/Replace'
[LMOUSE][LMOUSE][LMOUSE][SHIFT]NEW [SHIFT][BACKSPACE]GAEM[BACKSPACE][BACKSPACE]ME[RETURN][LMOUSE]

Window: 'runtime-EclipseApplication - MineSweeper/src/presentation/MineSweeperGui.java - Eclipse Platform'
[LMOUSE][LMOUSE][LMOUSE][STRG]C[LMOUSE][LMOUSE][TAB][STRG]V ##[SHIFT]LB[LMOUSE][STRG]#[LMOUSE]

Window: 'Save and Launch'
[LMOUSE]

Window: 'runtime-EclipseApplication - MineSweeper/src/presentation/MineSweeperGui.java - Eclipse Platform'


Window: 'MineSweeper'
[LMOUSE][LMOUSE][LMOUSE][LMOUSE][LMOUSE][LMOUSE][LMOUSE][LMOUSE][LMOUSE][LMOUSE][LMOUSE][LMOUSE][LMOUSE][LMOUSE][LMOUSE][LMOUSE][LMOUSE][LMOUSE][LMOUSE][LMOUSE]

Window: 'runtime-EclipseApplication - MineSweeper/src/presentation/MineSweeperGui.java - Eclipse Platform'


Window: 'MineSweeper'
[LMOUSE]

Window: 'runtime-EclipseApplication - MineSweeper/src/presentation/MineSweeperGui.java - Eclipse Platform'


Window: NO ACTIVE WINDOW


Window: 'MineSweeper'
[LMOUSE]

Window: NO ACTIVE WINDOW


Window: 'runtime-EclipseApplication - MineSweeper/src/presentation/MineSweeperGui.java - Eclipse Platform'


Window: 'runtime-EclipseApplication - MineSweeper/src/logic/MineSweeper.java - Eclipse Platform'
[LMOUSE]

Window: 'runtime-EclipseApplication - Eclipse Platform'


Window: 'runtime-EclipseApplication - MineSweeper/src/presentation/MineSweeperGui.java - Eclipse Platform'
[LMOUSE]

Window: 'MineSweeper'
[LMOUSE][LMOUSE][LMOUSE][LMOUSE][LMOUSE][LMOUSE][LMOUSE][LMOUSE][LMOUSE][LMOUSE][LMOUSE][LMOUSE][LMOUSE]

Window: 'runtime-EclipseApplication - MineSweeper/src/presentation/MineSweeperGui.java - Eclipse Platform'
[LMOUSE][STRG]#[LMOUSE][STRG]#[LMOUSE]

Window: 'Save and Launch'
[LMOUSE][LMOUSE]

Window: 'runtime-EclipseApplication - MineSweeper/src/presentation/MineSweeperGui.java - Eclipse Platform'


Window: 'MineSweeper'
[LMOUSE][LMOUSE][LMOUSE][LMOUSE]

Window: 'runtime-EclipseApplication - MineSweeper/src/presentation/MineSweeperGui.java - Eclipse Platform'
[STRG]#[LMOUSE][LMOUSE][STRG]#[LMOUSE][LMOUSE]

Window: 'Save and Launch'
[LMOUSE]

Window: 'runtime-EclipseApplication - MineSweeper/src/presentation/MineSweeperGui.java - Eclipse Platform'


Window: 'MineSweeper'
[LMOUSE][LMOUSE][LMOUSE][LMOUSE][LMOUSE][LMOUSE][LMOUSE]

Window: 'runtime-EclipseApplication - MineSweeper/src/presentation/MineSweeperGui.java - Eclipse Platform'


Window: NO ACTIVE WINDOW


Window: 'iTrace Engine'
[LMOUSE]

Window: NO ACTIVE WINDOW


Window: 'runtime-EclipseApplication - MineSweeper/src/presentation/MineSweeperGui.java - Eclipse Platform'
[LMOUSE][LMOUSE][LMOUSE]

Window: NO ACTIVE WINDOW


Window: 'iTrace Engine'
[LMOUSE]

Window: NO ACTIVE WINDOW


Window: 'runtime-EclipseApplication - MineSweeper/src/presentation/MineSweeperGui.java - Eclipse Platform'
[LMOUSE]

Window: 'Confirm Exit'
[LMOUSE]

Window: 'runtime-EclipseApplication - MineSweeper/src/presentation/MineSweeperGui.java - Eclipse Platform'


Window: 'iTrace Engine'


Window: 'Progress Information'


Window: 'iTrace Engine'


Window: NO ACTIVE WINDOW


Window: 'eclipse-workspace - Eclipse IDE'


Window: 'Confirm Exit'
[LMOUSE]

Window: 'eclipse-workspace - Eclipse IDE'


Window: 'iTrace Engine'


Window: 'Progress Information'


Window: 'iTrace Engine'


Window: 'Main'


Window: NO ACTIVE WINDOW


Window: 'iTrace Engine'


Window: 'Main'
[LMOUSE][LMOUSE][LMOUSE]

Window: 'P-307-bug1'


Window: NO ACTIVE WINDOW


Window: 'P-307-bug1'
[LMOUSE][LMOUSE]

Window: 'Main'


Window: NO ACTIVE WINDOW


Window: 'Program Manager'
[LMOUSE]

Window: 'Eclipse'


Window: 'Eclipse IDE'


Window: 'Main'


Window: 'Eclipse IDE Launcher'
[LMOUSE]

Window: 'Main'


Window: 'Eclipse IDE'


Window: NO ACTIVE WINDOW


Window: 'Program Manager'
[LMOUSE]

Window: 'iTrace Engine'


Window: 'Problem Occurred'


Window: 'eclipse-workspace - Eclipse IDE'


Window: NO ACTIVE WINDOW


Window: 'iTrace Engine'


Window: NO ACTIVE WINDOW


Window: 'eclipse-workspace - Eclipse IDE'
[LMOUSE][LMOUSE]

Window: 'Validation'
[LMOUSE]

Window: 'eclipse-workspace - Eclipse IDE'


Window: 'Eclipse'


Window: 'Eclipse Platform'


Window: 'runtime-EclipseApplication - MineSweeper/src/presentation/MineSweeperGui.java - Eclipse Platform'
[LMOUSE][RMOUSE][LMOUSE]GIT STATUS[RETURN]GIT CHECKOUT -- .[RETURN]GIT PU[BACKSPACE][BACKSPACE]CHECKOUT CON[TAB]2[RETURN]GIT PULL[RETURN]GIT STAA[BACKSPACE]TUS[RETURN][LMOUSE]

Window: 'Confirm Exit'
[LMOUSE]

Window: 'runtime-EclipseApplication - MineSweeper/src/presentation/MineSweeperGui.java - Eclipse Platform'


Window: 'Problem Occurred'


Window: NO ACTIVE WINDOW


Window: 'eclipse-workspace - Eclipse IDE'


Window: 'Progress Information'
[LMOUSE]

Window: 'eclipse-workspace - Eclipse IDE'
[LMOUSE]

Window: 'Confirm Exit'
[LMOUSE]

Window: 'eclipse-workspace - Eclipse IDE'


Window: 'Main'


Window: 'Progress Information'


Window: 'Main'


Window: NO ACTIVE WINDOW


Window: 'Logs'
[DEL]

Window: NO ACTIVE WINDOW


Window: 'Program Manager'
[LMOUSE]

Window: 'iTrace Engine'
[LMOUSE][LMOUSE]

Window: 'Logs'


Window: NO ACTIVE WINDOW


Window: 'Tobii Pro Eye Tracker Manager'
[LMOUSE]

Window: 'Logs'


Window: NO ACTIVE WINDOW


Window: 'Program Manager'
[LMOUSE][LMOUSE]

Window: 'iTrace Engine'
[LMOUSE][LMOUSE][LMOUSE]

Window: 'Dialog'
[LMOUSE][SHIFT]MAIN[TAB][TAB][SHIFT]P-307-BUG2

Window: NO ACTIVE WINDOW


Window: 'Main'
[STRG]C

Window: 'Dialog'
[LMOUSE]

Window: 'Open Directory'
[LMOUSE][STRG]V[BACKSPACE][BACKSPACE][BACKSPACE][BACKSPACE][BACKSPACE][RETURN][LMOUSE]

Window: 'Dialog'
[LMOUSE]

Window: 'Main'


Window: 'iTrace Engine'


Window: NO ACTIVE WINDOW


Window: 'Program Manager'
[LMOUSE]

Window: 'Eclipse'


Window: 'Eclipse IDE'


Window: 'iTrace Engine'


Window: 'Eclipse IDE Launcher'
[LMOUSE]

Window: 'iTrace Engine'


Window: 'Eclipse IDE'


Window: 'eclipse-workspace - Eclipse IDE'
[LMOUSE]

Window: 'Validation'
[LMOUSE]

Window: 'eclipse-workspace - Eclipse IDE'


Window: 'Eclipse'


Window: 'Eclipse Platform'


Window: 'runtime-EclipseApplication - Eclipse Platform'
[LMOUSE][LMOUSE][LMOUSE]

Window: 'runtime-EclipseApplication - MineSweeper/src/presentation/MineSweeperGui.java - Eclipse Platform'


Window: 'runtime-EclipseApplication - Eclipse Platform'


Window: 'runtime-EclipseApplication - MineSweeper/src/presentation/MineSweeperGui.java - Eclipse Platform'


Window: 'runtime-EclipseApplication - MineSweeper/src/logic/MineSweeper.java - Eclipse Platform'
[LMOUSE]

Window: 'eclipse-workspace - Eclipse IDE'


Window: NO ACTIVE WINDOW


Window: 'Tobii Pro Eye Tracker Manager'
[LMOUSE][LMOUSE]

Window: 'Calibration'
[LMOUSE][LMOUSE]

Window: 'Tobii Pro Eye Tracker Manager'
[LMOUSE]

Window: 'eclipse-workspace - Eclipse IDE'


Window: NO ACTIVE WINDOW


Window: 'iTrace Engine'


Window: 'itrace_core'
[LMOUSE]

Window: 'iTrace Engine'


Window: NO ACTIVE WINDOW


Window: 'Command Prompt - keylogger'
[LMOUSE]