

Window: 'Command Prompt - keylogger'
[RETURN]EGKLORY[LMOUSE]

Window: 'runtime-EclipseApplication - MineSweeper/src/logic/MineSweeper.java - Eclipse Platform'
[LMOUSE]

Window: NO ACTIVE WINDOW


Window: 'iTrace Engine'
[LMOUSE]

Window: 'runtime-EclipseApplication - MineSweeper/src/logic/MineSweeper.java - Eclipse Platform'
[LMOUSE][LMOUSE][LMOUSE][LMOUSE]

Window: 'MineSweeper'
[LMOUSE][LMOUSE]

Window: 'runtime-EclipseApplication - MineSweeper/src/logic/MineSweeper.java - Eclipse Platform'
[LMOUSE][LMOUSE][LMOUSE][ALT]F[LMOUSE][STRG][WIN]F

Window: 'Find in the Directory'


Window: 'Find Computers'


Window: 'Find in the Directory'
[LMOUSE]

Window: 'Find Computers'


Window: 'runtime-EclipseApplication - MineSweeper/src/logic/MineSweeper.java - Eclipse Platform'
[STRG][STRG][STRG][STRG][STRG][STRG][STRG][STRG][STRG][STRG][STRG][STRG]F

Window: 'Find/Replace'
NEW[KEY \20]G[KEY \20]AME[RETURN][KEY \220][RETURN][RETURN][RETURN][RETURN][RETURN][RETURN][LMOUSE]

Window: 'runtime-EclipseApplication - MineSweeper/src/logic/MineSweeper.java - Eclipse Platform'
[LMOUSE][LMOUSE][LMOUSE][LMOUSE][LMOUSE][LMOUSE][LMOUSE][LMOUSE][LMOUSE][LMOUSE][ALT][ALT][ALT][STRG][STRG][STRG][STRG][STRG][STRG][STRG][STRG][STRG]F[STRG]F

Window: 'Find/Replace'
DIFFICULTY[RETURN][RETURN][RETURN][RETURN][RETURN][RETURN][RETURN][RETURN][RETURN][RETURN][RETURN][RETURN][RETURN][RETURN][RETURN][RETURN][RETURN][RETURN][RETURN][RETURN][RETURN][RETURN]

Window: 'runtime-EclipseApplication - MineSweeper/src/logic/MineSweeper.java - Eclipse Platform'
[LMOUSE][BACKSPACE][BACKSPACE][BACKSPACE][KEY \20][BACKSPACE]W[BACKSPACE]E[KEY \20]ASY

Window: 'Find/Replace'
[LMOUSE]

Window: 'runtime-EclipseApplication - MineSweeper/src/logic/MineSweeper.java - Eclipse Platform'
[STRG][STRG][STRG]S[LMOUSE]

Window: 'Errors in Workspace'
[LMOUSE]

Window: 'runtime-EclipseApplication - MineSweeper/src/logic/MineSweeper.java - Eclipse Platform'
[LMOUSE][SHIFT][AE][LMOUSE][SHIFT][AE][STRG]S[LMOUSE]

Window: 'Errors in Workspace'
[LMOUSE]

Window: 'runtime-EclipseApplication - MineSweeper/src/logic/MineSweeper.java - Eclipse Platform'
[LMOUSE][LMOUSE][ARROW RIGHT][ARROW RIGHT][ARROW RIGHT][ARROW LEFT][BACKSPACE][BACKSPACE][BACKSPACE][BACKSPACE][BACKSPACE][BACKSPACE][BACKSPACE][BACKSPACE][BACKSPACE][BACKSPACE][BACKSPACE][BACKSPACE][BACKSPACE][SHIFT][SHIFT][SHIFT][SHIFT][SHIFT][SHIFT][SHIFT][SHIFT][SHIFT][SHIFT]9[KEY \20]D[KEY \20]IFFICULTY [KEY \219][SHIFT][AE][ARROW LEFT][ARROW LEFT][ARROW RIGHT][ARROW RIGHT][ARROW RIGHT][ARROW RIGHT][ARROW RIGHT][ARROW RIGHT][ARROW RIGHT][ARROW RIGHT][ARROW LEFT][KEY \221][STRG]S[LMOUSE]

Window: 'Errors in Workspace'
[LMOUSE]

Window: 'runtime-EclipseApplication - MineSweeper/src/logic/MineSweeper.java - Eclipse Platform'
[LMOUSE][LMOUSE][BACKSPACE].[LMOUSE][BACKSPACE][ARROW RIGHT][ARROW RIGHT][ARROW RIGHT][ARROW RIGHT][ARROW RIGHT][BACKSPACE][STRG]S[LMOUSE][LMOUSE][LMOUSE][LMOUSE]

Window: 'Errors in Workspace'
[LMOUSE][LMOUSE]

Window: 'runtime-EclipseApplication - MineSweeper/src/logic/MineSweeper.java - Eclipse Platform'
[LMOUSE][LMOUSE][BACKSPACE] [LMOUSE][LMOUSE][SHIFT][AE][LMOUSE][SHIFT][AE][LMOUSE][LMOUSE][LMOUSE][LMOUSE][ALT]F[LMOUSE][STRG][WIN]F

Window: 'Find in the Directory'


Window: 'Find Computers'


Window: 'Find in the Directory'
[KEY \20][LMOUSE]

Window: 'Find Computers'


Window: 'runtime-EclipseApplication - MineSweeper/src/logic/MineSweeper.java - Eclipse Platform'
[STRG][STRG][STRG][STRG][SHIFT]F[LMOUSE][LMOUSE][WIN]F

Window: 'Feedback Hub'
[LMOUSE]

Window: 'runtime-EclipseApplication - MineSweeper/src/logic/MineSweeper.java - Eclipse Platform'
[STRG][STRG][STRG][STRG][STRG][STRG]F

Window: 'Find/Replace'
EASY[RETURN][RETURN][RETURN][RETURN][LMOUSE]

Window: 'runtime-EclipseApplication - MineSweeper/src/logic/MineSweeper.java - Eclipse Platform'
[LMOUSE][LMOUSE][LMOUSE][BACKSPACE].[LMOUSE][LMOUSE][LMOUSE][LMOUSE][LMOUSE][LMOUSE][BACKSPACE][BACKSPACE][BACKSPACE][BACKSPACE][BACKSPACE][BACKSPACE][BACKSPACE][BACKSPACE]#[BACKSPACE].[LMOUSE]

Window: NO ACTIVE WINDOW
[TAB][LMOUSE]

Window: 'runtime-EclipseApplication - MineSweeper/src/logic/MineSweeper.java - Eclipse Platform'
[LMOUSE][TAB][BACKSPACE][BACKSPACE].[ARROW DOWN][ARROW DOWN][ARROW DOWN][ARROW DOWN][ARROW DOWN][ARROW DOWN][ARROW DOWN][TAB]

Window: NO ACTIVE WINDOW
[LMOUSE][LMOUSE]

Window: 'runtime-EclipseApplication - MineSweeper/src/logic/MineSweeper.java - Eclipse Platform'
[LMOUSE][BACKSPACE][SHIFT][SHIFT][SHIFT][SHIFT][SHIFT][SHIFT][SHIFT][SHIFT][SHIFT][SHIFT][SHIFT][SHIFT][SHIFT][SHIFT][SHIFT]9[SHIFT][AE][KEY \20]E[KEY \20][BACKSPACE]E[KEY \20]ASU[BACKSPACE]Y[SHIFT][SHIFT][SHIFT][SHIFT][SHIFT][SHIFT][SHIFT][SHIFT][SHIFT][SHIFT][SHIFT][SHIFT][SHIFT][SHIFT][SHIFT][SHIFT][SHIFT][SHIFT][SHIFT][SHIFT][SHIFT][SHIFT][SHIFT][AE][LMOUSE][LMOUSE][STRG]S[LMOUSE]

Window: 'Errors in Workspace'
[LMOUSE]

Window: 'runtime-EclipseApplication - MineSweeper/src/logic/MineSweeper.java - Eclipse Platform'
[LMOUSE][LMOUSE][BACKSPACE][KEY \221][STRG][STRG][STRG][STRG][ARROW LEFT][ARROW LEFT][ARROW LEFT][ARROW LEFT][ARROW LEFT][ARROW LEFT][ARROW LEFT][BACKSPACE][KEY \219][LMOUSE]

Window: 'Save and Launch'
[LMOUSE]

Window: 'runtime-EclipseApplication - MineSweeper/src/logic/MineSweeper.java - Eclipse Platform'


Window: 'Errors in Workspace'
[LMOUSE]

Window: 'runtime-EclipseApplication - MineSweeper/src/logic/MineSweeper.java - Eclipse Platform'
[LMOUSE][LMOUSE][LMOUSE][LMOUSE][RMOUSE][LMOUSE][LMOUSE][LMOUSE][LMOUSE] [SHIFT][SHIFT][SHIFT][SHIFT]3[KEY \20][LMOUSE][BACKSPACE][BACKSPACE][BACKSPACE][BACKSPACE][BACKSPACE][BACKSPACE][BACKSPACE][BACKSPACE][BACKSPACE][BACKSPACE][BACKSPACE][BACKSPACE][BACKSPACE][BACKSPACE][BACKSPACE][BACKSPACE][KEY \20]FFICULTY[KEY \20].EASY[LMOUSE]T[KEY \20]HE [BACKSPACE][BACKSPACE]E NIG [BACKSPACE][BACKSPACE][BACKSPACE][BACKSPACE]BUG EXISTS HERE TO WHERE IT SHOULD BE REFERENCED WITH DIFFERENT SYNTA SX[BACKSPACE][BACKSPACE][BACKSPACE]X AS [SHIFT][AE][KEY \20]E[KEY \20]ASY[SHIFT][AE][KEY \20][LMOUSE][BACKSPACE]##[LMOUSE][KEY \20] RATHER THAN [KEY \20]EASY[KEY \20].[LMOUSE][LMOUSE][LMOUSE][LMOUSE][LMOUSE][LMOUSE]

Window: NO ACTIVE WINDOW


Window: 'iTrace Engine'
[LMOUSE]

Window: NO ACTIVE WINDOW
[LMOUSE]

Window: 'Command Prompt - keylogger'
[LMOUSE]