

Window: 'Command Prompt - keylogger'
[RETURN]EGKLORY[LMOUSE]

Window: 'iTrace Engine'


Window: 'eclipse-workspace - itrace/src/edu/ysu/itrace/ConnectionManager.java - Eclipse IDE'
[LMOUSE][RMOUSE][LMOUSE]

Window: 'Validation'
[LMOUSE]

Window: 'eclipse-workspace - itrace/src/edu/ysu/itrace/ConnectionManager.java - Eclipse IDE'


Window: 'Eclipse'


Window: 'Eclipse Platform'


Window: 'eclipse-workspace - itrace/src/edu/ysu/itrace/ConnectionManager.java - Eclipse IDE'


Window: NO ACTIVE WINDOW


Window: 'Eclipse Platform'


Window: 'runtime-EclipseApplication - MineSweeper/src/logic/MineSweeper.java - Eclipse Platform'
[LMOUSE][LMOUSE]

Window: NO ACTIVE WINDOW


Window: 'iTrace Engine'
[LMOUSE]

Window: NO ACTIVE WINDOW


Window: 'runtime-EclipseApplication - MineSweeper/src/logic/MineSweeper.java - Eclipse Platform'
[LMOUSE]

Window: NO ACTIVE WINDOW


Window: 'iTrace Engine'
[LMOUSE]

Window: 'runtime-EclipseApplication - MineSweeper/src/logic/MineSweeper.java - Eclipse Platform'
[STRG][STRG][STRG][STRG][STRG][STRG][STRG][STRG][STRG][STRG][STRG][STRG][STRG][STRG][STRG][STRG][STRG][LMOUSE][STRG][STRG][STRG][LMOUSE]

Window: 'MineSweeper'
[LMOUSE][LMOUSE][LMOUSE][LMOUSE][LMOUSE][LMOUSE][LMOUSE][LMOUSE]

Window: NO ACTIVE WINDOW


Window: 'runtime-EclipseApplication - MineSweeper/src/logic/MineSweeper.java - Eclipse Platform'
[LMOUSE][LMOUSE]

Window: NO ACTIVE WINDOW


Window: 'MineSweeper'
[LMOUSE]

Window: NO ACTIVE WINDOW


Window: 'runtime-EclipseApplication - MineSweeper/src/logic/MineSweeper.java - Eclipse Platform'


Window: 'MineSweeper'
[LMOUSE][LMOUSE][LMOUSE]

Window: NO ACTIVE WINDOW


Window: 'runtime-EclipseApplication - MineSweeper/src/logic/MineSweeper.java - Eclipse Platform'


Window: 'Properties for java.lang.NullPointerException'


Window: 'Create Breakpoint for java.lang.NullPointerException'
[LMOUSE]

Window: 'runtime-EclipseApplication - MineSweeper/src/logic/MineSweeper.java - Eclipse Platform'
[LMOUSE][LMOUSE][LMOUSE][STRG]F

Window: 'Find/Replace'
UPDATE[SHIFT]CHEAT[RETURN][LMOUSE][LMOUSE][LMOUSE][LMOUSE]

Window: 'runtime-EclipseApplication - MineSweeper/src/logic/MineSweeper.java - Eclipse Platform'
[LMOUSE][LMOUSE][STRG]F

Window: 'Find/Replace'
NEW[RETURN][SHIFT][LMOUSE][LMOUSE][LMOUSE][LMOUSE][LMOUSE][LMOUSE][LMOUSE]

Window: 'runtime-EclipseApplication - MineSweeper/src/logic/MineSweeper.java - Eclipse Platform'
[LMOUSE] ##[SHIFT]POSSIBLE BUG[LMOUSE][STRG]F

Window: 'Find/Replace'
NEW[SHIFT]GA[BACKSPACE][BACKSPACE][RETURN][LMOUSE][LMOUSE][LMOUSE][LMOUSE][LMOUSE][LMOUSE]

Window: 'runtime-EclipseApplication - MineSweeper/src/logic/MineSweeper.java - Eclipse Platform'
[LMOUSE]

Window: 'Save and Launch'
[LMOUSE]

Window: 'runtime-EclipseApplication - MineSweeper/src/logic/MineSweeper.java - Eclipse Platform'


Window: 'MineSweeper'
[LMOUSE]

Window: NO ACTIVE WINDOW


Window: 'runtime-EclipseApplication - MineSweeper/src/logic/MineSweeper.java - Eclipse Platform'
[STRG]F

Window: 'Find/Replace'
CUSTOME[BACKSPACE][SHIFT]GAME[SHIFT]90[RETURN][SHIFT][SHIFT][LMOUSE]

Window: 'runtime-EclipseApplication - MineSweeper/src/logic/MineSweeper.java - Eclipse Platform'


Window: NO ACTIVE WINDOW


Window: 'MineSweeper'


Window: NO ACTIVE WINDOW


Window: 'MineSweeper'


Window: NO ACTIVE WINDOW


Window: 'MineSweeper'
[LMOUSE]

Window: NO ACTIVE WINDOW
[LMOUSE]

Window: 'MineSweeper'
[LMOUSE]

Window: NO ACTIVE WINDOW


Window: 'runtime-EclipseApplication - MineSweeper/src/logic/MineSweeper.java - Eclipse Platform'
[STRG]F

Window: 'Find/Replace'
[SHIFT]NEW [SHIFT]G[BACKSPACE]GAME[RETURN][RETURN][LMOUSE]

Window: 'runtime-EclipseApplication - MineSweeper/src/logic/MineSweeper.java - Eclipse Platform'
[LMOUSE][LMOUSE][LMOUSE][RETURN][SHIFT]SYSTEM.O[BACKSPACE][BACKSPACE][BACKSPACE]E[BACKSPACE][BACKSPACE]EM.OUT.PRINTLN[SHIFT]9[AE][SHIFT]CHECKING T[BACKSPACE]ENTER[BACKSPACE][BACKSPACE][BACKSPACE][BACKSPACE][BACKSPACE]TEST[LMOUSE][STRG]S[LMOUSE][LMOUSE][LMOUSE][STRG]C[LMOUSE][LMOUSE][ARROW UP][ARROW RIGHT][ARROW RIGHT][ARROW RIGHT][ARROW RIGHT][RETURN][RETURN][STRG]V[STRG]S[LMOUSE]

Window: 'Errors in Workspace'
[LMOUSE]

Window: 'runtime-EclipseApplication - MineSweeper/src/logic/MineSweeper.java - Eclipse Platform'
[LMOUSE][LMOUSE]

Window: 'Errors in Workspace'
[LMOUSE]

Window: 'runtime-EclipseApplication - MineSweeper/src/logic/MineSweeper.java - Eclipse Platform'
[LMOUSE][LMOUSE][LMOUSE][UE][STRG]S[LMOUSE]

Window: 'MineSweeper'
[LMOUSE][LMOUSE]

Window: 'runtime-EclipseApplication - MineSweeper/src/logic/MineSweeper.java - Eclipse Platform'
[LMOUSE][LMOUSE][LMOUSE][TAB][SHIFT]SS[BACKSPACE]YSTEM.OUT.PRINTLN[SHIFT]9[AE][SHIFT]STARTING GAME[STRG]S[LMOUSE][LMOUSE][LMOUSE][UE][STRG]S[LMOUSE][STRG]C[LMOUSE][LMOUSE][STRG]V[STRG]Z[LMOUSE][RETURN][SHIFT]SYSTEM.OUT.PRINTLN[SHIFT]9[AE]IU[BACKSPACE][BACKSPACE][SHIFT]ERROR[SHIFT][STRG]S[ARROW RIGHT][ARROW RIGHT][UE][STRG]S[LMOUSE]

Window: 'MineSweeper'
[LMOUSE][LMOUSE][LMOUSE]

Window: 'runtime-EclipseApplication - MineSweeper/src/logic/MineSweeper.java - Eclipse Platform'
[LMOUSE][LMOUSE][LMOUSE][LMOUSE][RETURN][RETURN]CA[BACKSPACE][BACKSPACE]IF BOARD [KEY \187][KEY \187] [SHIFT]NU[BACKSPACE][BACKSPACE]NULL [SHIFT][BACKSPACE][SHIFT][KEY \219][RETURN][SHIFT]SYSTEM.OUT.PRINTLN[SHIFT]9[AE][SHIFT]NU[BACKSPACE]ULL [SHIFT][SHIFT]BOARD[ARROW RIGHT][ARROW RIGHT][UE][STRG]S[LMOUSE]

Window: 'Errors in Workspace'
[LMOUSE]

Window: 'runtime-EclipseApplication - MineSweeper/src/logic/MineSweeper.java - Eclipse Platform'
[LMOUSE][SHIFT]0[LMOUSE][SHIFT]9[LMOUSE]

Window: 'Save and Launch'
[LMOUSE]

Window: 'runtime-EclipseApplication - MineSweeper/src/logic/MineSweeper.java - Eclipse Platform'


Window: 'MineSweeper'
[LMOUSE][LMOUSE][LMOUSE][LMOUSE]

Window: 'runtime-EclipseApplication - MineSweeper/src/logic/MineSweeper.java - Eclipse Platform'
[LMOUSE][STRG]C[LMOUSE][LMOUSE][LMOUSE][LMOUSE][RETURN][STRG]V[STRG]S[LMOUSE][RETURN][LMOUSE]

Window: 'Save and Launch'
[LMOUSE]

Window: 'runtime-EclipseApplication - MineSweeper/src/logic/MineSweeper.java - Eclipse Platform'


Window: 'MineSweeper'
[LMOUSE][LMOUSE]

Window: 'runtime-EclipseApplication - MineSweeper/src/logic/MineSweeper.java - Eclipse Platform'
[LMOUSE][LMOUSE][LMOUSE][LMOUSE]

Window: 'runtime-EclipseApplication - Eclipse Platform'


Window: 'runtime-EclipseApplication - MineSweeper/src/presentation/MineSweeperGui.java - Eclipse Platform'
[LMOUSE][LMOUSE][LMOUSE][LMOUSE]

Window: 'runtime-EclipseApplication - MineSweeper/src/logic/MineSweeper.java - Eclipse Platform'
[LMOUSE]

Window: 'runtime-EclipseApplication - MineSweeper/src/presentation/MineSweeperGui.java - Eclipse Platform'
[LMOUSE][LMOUSE][LMOUSE][LMOUSE][LMOUSE][LMOUSE][LMOUSE][LMOUSE][LMOUSE][LMOUSE][LMOUSE][LMOUSE][LMOUSE][RETURN][RETURN][SHIFT]SYSTEM.OUT.PRINTLN[SHIFT]9[AE][BACKSPACE][SHIFT][AE]IUH[BACKSPACE][BACKSPACE]H OH[ARROW RIGHT][ARROW RIGHT][AE][BACKSPACE][KEY \220][UE][BACKSPACE][BACKSPACE][UE][ARROW RIGHT][BACKSPACE][LMOUSE][LMOUSE]IF [BACKSPACE] BUT[BACKSPACE][BACKSPACE][BACKSPACE][SHIFT]9BUTTON[SHIFT]CHEAT [KEY \187][KEY \187] NULL[ARROW RIGHT][RETURN][TAB][BACKSPACE][ARROW RIGHT][ARROW DOWN][ARROW LEFT][LMOUSE][BACKSPACE][BACKSPACE][BACKSPACE][BACKSPACE][BACKSPACE][BACKSPACE][BACKSPACE][BACKSPACE][BACKSPACE][BACKSPACE][STRG]S[LMOUSE]

Window: 'MineSweeper'
[LMOUSE][LMOUSE]

Window: 'runtime-EclipseApplication - MineSweeper/src/presentation/MineSweeperGui.java - Eclipse Platform'
[LMOUSE][LMOUSE][LMOUSE][SHIFT]F[STRG]Z[STRG]C[LMOUSE][STRG]V[SHIFT][KEY \219][LMOUSE][RETURN][SHIFT][KEY \221][STRG]Z[STRG]Z[STRG]Z[STRG]Z[STRG]V [SHIFT][KEY \219][LMOUSE][RETURN][SHIFT][KEY \221][LMOUSE][TAB][LMOUSE][STRG]S[LMOUSE]

Window: 'runtime-EclipseApplication - Eclipse Platform'


Window: 'runtime-EclipseApplication - MineSweeper/src/logic/MineSweeper.java - Eclipse Platform'
[LMOUSE][BACKSPACE][BACKSPACE][STRG]S[ALT]

Window: NO ACTIVE WINDOW


Window: 'Task Switching'


Window: NO ACTIVE WINDOW


Window: 'iTrace Engine'
[ALT]

Window: NO ACTIVE WINDOW


Window: 'Task Switching'


Window: NO ACTIVE WINDOW


Window: 'runtime-EclipseApplication - MineSweeper/src/logic/MineSweeper.java - Eclipse Platform'
[LMOUSE]

Window: 'MineSweeper'
[LMOUSE][LMOUSE][LMOUSE][LMOUSE][LMOUSE][LMOUSE][LMOUSE][LMOUSE][LMOUSE][LMOUSE]

Window: 'runtime-EclipseApplication - MineSweeper/src/logic/MineSweeper.java - Eclipse Platform'
[LMOUSE][LMOUSE]

Window: NO ACTIVE WINDOW


Window: 'iTrace Engine'
[LMOUSE]

Window: NO ACTIVE WINDOW


Window: 'Command Prompt - keylogger'
[LMOUSE]