

Window: 'C:\Users\Eye-tracking\Documents\keylogger\build\keylogger.exe'
[KEY \20][LMOUSE]

Window: 'runtime-EclipseApplication - MineSweeper/src/logic/MineSweeper.java - Eclipse Platform'
[LMOUSE][LMOUSE][LMOUSE][LMOUSE]

Window: NO ACTIVE WINDOW


Window: 'iTrace Engine'


Window: NO ACTIVE WINDOW


Window: 'Tobii Pro Eye Tracker Manager'
[LMOUSE]

Window: 'Calibration'
[LMOUSE][LMOUSE]

Window: 'Tobii Pro Eye Tracker Manager'
[LMOUSE]

Window: 'iTrace Engine'
[LMOUSE]

Window: 'itrace_core'
[LMOUSE]

Window: 'iTrace Engine'
[LMOUSE]

Window: NO ACTIVE WINDOW


Window: 'runtime-EclipseApplication - MineSweeper/src/logic/MineSweeper.java - Eclipse Platform'
[LMOUSE][LMOUSE][LMOUSE]

Window: NO ACTIVE WINDOW


Window: 'MineSweeper'
[LMOUSE][LMOUSE][LMOUSE][LMOUSE][LMOUSE][RMOUSE][LMOUSE][LMOUSE][LMOUSE][LMOUSE][RMOUSE][RMOUSE][RMOUSE][LMOUSE][LMOUSE][LMOUSE][LMOUSE][LMOUSE][LMOUSE][RMOUSE][RMOUSE][RMOUSE][LMOUSE][RMOUSE][RMOUSE][RMOUSE][LMOUSE][LMOUSE][LMOUSE][RMOUSE][RMOUSE][RMOUSE][RMOUSE][RMOUSE][RMOUSE][RMOUSE][RMOUSE][RMOUSE][LMOUSE][RMOUSE][RMOUSE][RMOUSE][LMOUSE][LMOUSE]

Window: NO ACTIVE WINDOW


Window: 'runtime-EclipseApplication - MineSweeper/src/logic/MineSweeper.java - Eclipse Platform'
[LMOUSE][LMOUSE][LMOUSE][LMOUSE][LMOUSE][LMOUSE][LMOUSE][LMOUSE][LMOUSE][LMOUSE][LMOUSE][LMOUSE]

Window: 'runtime-EclipseApplication - MineSweeper/src/logic/MineGenerator.java - Eclipse Platform'
[LMOUSE][LMOUSE]

Window: 'runtime-EclipseApplication - MineSweeper/src/logic/MineSweeperBoard.java - Eclipse Platform'
[LMOUSE][LMOUSE][LMOUSE][LMOUSE][LMOUSE][LMOUSE][LMOUSE][LMOUSE][LMOUSE][LMOUSE][LMOUSE][LMOUSE][LMOUSE][LMOUSE]

Window: 'runtime-EclipseApplication - Eclipse Platform'


Window: 'runtime-EclipseApplication - MineSweeper/src/logic/MineGenerator.java - Eclipse Platform'
[LMOUSE][LMOUSE]

Window: 'runtime-EclipseApplication - MineSweeper/src/logic/MineSweeper.java - Eclipse Platform'
[LMOUSE][LMOUSE][LMOUSE][LMOUSE][LMOUSE][LMOUSE][LMOUSE]

Window: 'runtime-EclipseApplication - Eclipse Platform'


Window: 'runtime-EclipseApplication - MineSweeper/src/logic/MineSweeperBoard.java - Eclipse Platform'
[LMOUSE][LMOUSE][LMOUSE][LMOUSE][LMOUSE][STRG]F

Window: 'Find/Replace'
[LMOUSE][LMOUSE][LMOUSE][LMOUSE]

Window: 'runtime-EclipseApplication - MineSweeper/src/logic/MineSweeperBoard.java - Eclipse Platform'
[LMOUSE][LMOUSE][LMOUSE]

Window: 'runtime-EclipseApplication - MineSweeper/src/logic/MineSweeper.java - Eclipse Platform'
[LMOUSE][LMOUSE]

Window: 'Find/Replace'
[LMOUSE][LMOUSE][LMOUSE][LMOUSE]

Window: 'runtime-EclipseApplication - MineSweeper/src/logic/MineSweeper.java - Eclipse Platform'
[LMOUSE]

Window: 'runtime-EclipseApplication - Eclipse Platform'


Window: 'runtime-EclipseApplication - MineSweeper/src/logic/MineGenerator.java - Eclipse Platform'
[LMOUSE]

Window: 'runtime-EclipseApplication - MineSweeper/src/logic/MineSweeperBoard.java - Eclipse Platform'
[LMOUSE]

Window: 'runtime-EclipseApplication - Eclipse Platform'


Window: 'runtime-EclipseApplication - MineSweeper/src/logic/MineSweeper.java - Eclipse Platform'
[LMOUSE][LMOUSE][LMOUSE][LMOUSE][LMOUSE]

Window: 'MineSweeper'
[LMOUSE][LMOUSE][LMOUSE][LMOUSE][LMOUSE][LMOUSE][LMOUSE][LMOUSE][LMOUSE][LMOUSE][LMOUSE][LMOUSE][LMOUSE][LMOUSE]

Window: 'runtime-EclipseApplication - MineSweeper/src/logic/MineSweeper.java - Eclipse Platform'
[RMOUSE][LMOUSE][RMOUSE][LMOUSE][LMOUSE]

Window: 'MineSweeper'
[LMOUSE][LMOUSE][LMOUSE]

Window: NO ACTIVE WINDOW


Window: 'runtime-EclipseApplication - MineSweeper/src/logic/MineSweeper.java - Eclipse Platform'
[LMOUSE][RMOUSE][LMOUSE][LMOUSE][RMOUSE][LMOUSE][LMOUSE]

Window: 'MineSweeper'
[LMOUSE][LMOUSE][LMOUSE]

Window: 'runtime-EclipseApplication - MineSweeper/src/logic/MineSweeper.java - Eclipse Platform'
[LMOUSE][LMOUSE][RMOUSE][RMOUSE][LMOUSE][LMOUSE]

Window: 'MineSweeper'
[LMOUSE]

Window: 'runtime-EclipseApplication - MineSweeper/src/logic/MineSweeper.java - Eclipse Platform'
[LMOUSE]

Window: 'Confirm Perspective Switch'
[LMOUSE]

Window: 'runtime-EclipseApplication - MineSweeper/src/logic/MineSweeper.java - Eclipse Platform'
[LMOUSE][LMOUSE][LMOUSE][LMOUSE][LMOUSE][LMOUSE][LMOUSE][LMOUSE][LMOUSE][LMOUSE][LMOUSE][LMOUSE][LMOUSE][RMOUSE][LMOUSE][LMOUSE][LMOUSE][LMOUSE]

Window: 'MineSweeper'
[LMOUSE]

Window: 'runtime-EclipseApplication - MineSweeper/src/logic/MineSweeper.java - Eclipse Platform'
[LMOUSE][LMOUSE][LMOUSE][LMOUSE][LMOUSE][LMOUSE][LMOUSE][LMOUSE][LMOUSE][LMOUSE][LMOUSE][LMOUSE][LMOUSE][LMOUSE][LMOUSE]

Window: 'runtime-EclipseApplication - MineSweeper/src/logic/MineSweeperBoard.java - Eclipse Platform'
[LMOUSE]

Window: 'runtime-EclipseApplication - Eclipse Platform'


Window: 'runtime-EclipseApplication - Source not found. - Eclipse Platform'


Window: 'Problem Occurred'
[LMOUSE]

Window: 'runtime-EclipseApplication - Source not found. - Eclipse Platform'
[LMOUSE][LMOUSE][LMOUSE][LMOUSE][LMOUSE][LMOUSE]

Window: 'runtime-EclipseApplication - Eclipse Platform'


Window: 'runtime-EclipseApplication - MineSweeper/src/logic/MineSweeper.java - Eclipse Platform'
[LMOUSE][LMOUSE]

Window: 'runtime-EclipseApplication - Eclipse Platform'


Window: 'runtime-EclipseApplication - MineSweeper/src/logic/MineSweeperBoard.java - Eclipse Platform'
[LMOUSE]

Window: 'runtime-EclipseApplication - MineSweeper/src/logic/MineSweeper.java - Eclipse Platform'
[LMOUSE]

Window: 'runtime-EclipseApplication - MineSweeper/src/logic/MineSweeperBoard.java - Eclipse Platform'
[LMOUSE][LMOUSE]

Window: 'runtime-EclipseApplication - Eclipse Platform'


Window: 'runtime-EclipseApplication - Source not found. - Eclipse Platform'


Window: 'Problem Occurred'
[LMOUSE]

Window: 'runtime-EclipseApplication - Source not found. - Eclipse Platform'
[LMOUSE][LMOUSE][LMOUSE][LMOUSE]

Window: 'runtime-EclipseApplication - Eclipse Platform'


Window: 'runtime-EclipseApplication - MineSweeper/src/logic/MineSweeper.java - Eclipse Platform'
[LMOUSE][LMOUSE][LMOUSE]

Window: 'runtime-EclipseApplication - MineSweeper/src/logic/MineSweeperBoard.java - Eclipse Platform'
[LMOUSE]

Window: 'runtime-EclipseApplication - MineSweeper/src/logic/MineSweeper.java - Eclipse Platform'
[LMOUSE]

Window: 'runtime-EclipseApplication - MineSweeper/src/logic/MineSweeperBoard.java - Eclipse Platform'
[LMOUSE][LMOUSE][LMOUSE][LMOUSE][LMOUSE]

Window: 'runtime-EclipseApplication - MineSweeper/src/logic/MineGenerator.java - Eclipse Platform'
[LMOUSE][LMOUSE][LMOUSE][LMOUSE][LMOUSE]

Window: 'runtime-EclipseApplication - MineSweeper/src/logic/MineSweeper.java - Eclipse Platform'
[LMOUSE]

Window: 'runtime-EclipseApplication - Eclipse Platform'


Window: 'runtime-EclipseApplication - MineSweeper/src/logic/MineGenerator.java - Eclipse Platform'
[LMOUSE]

Window: 'runtime-EclipseApplication - Eclipse Platform'


Window: 'runtime-EclipseApplication - MineSweeper/src/logic/MineSweeperBoard.java - Eclipse Platform'
[LMOUSE][LMOUSE][LMOUSE][LMOUSE][LMOUSE][LMOUSE][LMOUSE][LMOUSE][LMOUSE][LMOUSE]

Window: 'runtime-EclipseApplication - MineSweeper/src/logic/MineSweeper.java - Eclipse Platform'
[LMOUSE][LMOUSE][LMOUSE][LMOUSE][LMOUSE][LMOUSE]

Window: 'runtime-EclipseApplication - MineSweeper/src/logic/MineSweeperBoard.java - Eclipse Platform'
[LMOUSE]

Window: 'runtime-EclipseApplication - Eclipse Platform'


Window: 'runtime-EclipseApplication - MineSweeper/src/logic/MineSweeper.java - Eclipse Platform'
[LMOUSE]

Window: 'runtime-EclipseApplication - MineSweeper/src/logic/MineSweeperBoard.java - Eclipse Platform'
[LMOUSE][LMOUSE][LMOUSE][LMOUSE][LMOUSE][LMOUSE][LMOUSE][LMOUSE][LMOUSE][LMOUSE][LMOUSE]

Window: 'runtime-EclipseApplication - MineSweeper/src/logic/MineSweeper.java - Eclipse Platform'
[LMOUSE][LMOUSE][LMOUSE][LMOUSE][LMOUSE][LMOUSE]

Window: 'MineSweeper'
[LMOUSE][LMOUSE][LMOUSE][LMOUSE][LMOUSE]

Window: 'runtime-EclipseApplication - MineSweeper/src/logic/MineSweeper.java - Eclipse Platform'
[LMOUSE][LMOUSE]

Window: 'runtime-EclipseApplication - Eclipse Platform'


Window: 'runtime-EclipseApplication - MineSweeper/src/logic/MineGenerator.java - Eclipse Platform'
[LMOUSE]

Window: 'runtime-EclipseApplication - Eclipse Platform'


Window: 'runtime-EclipseApplication - MineSweeper/src/logic/MineSweeperBoard.java - Eclipse Platform'
[LMOUSE]

Window: 'runtime-EclipseApplication - Eclipse Platform'


Window: 'runtime-EclipseApplication - MineSweeper/src/logic/MineGenerator.java - Eclipse Platform'
[LMOUSE]

Window: 'runtime-EclipseApplication - MineSweeper/src/logic/MineSweeper.java - Eclipse Platform'
[LMOUSE][LMOUSE]

Window: 'runtime-EclipseApplication - Eclipse Platform'


Window: 'runtime-EclipseApplication - MineSweeper/src/logic/MineSweeperBoard.java - Eclipse Platform'
[LMOUSE]

Window: 'runtime-EclipseApplication - Eclipse Platform'


Window: 'runtime-EclipseApplication - MineSweeper/src/logic/MineSweeper.java - Eclipse Platform'
[LMOUSE]

Window: 'runtime-EclipseApplication - MineSweeper/src/logic/MineSweeperBoard.java - Eclipse Platform'
[STRG]F

Window: 'Find/Replace'
MINE[SHIFT]COUNT[RETURN][LMOUSE][LMOUSE][LMOUSE][LMOUSE][LMOUSE][LMOUSE][LMOUSE][LMOUSE]

Window: 'runtime-EclipseApplication - MineSweeper/src/logic/MineSweeperBoard.java - Eclipse Platform'
[LMOUSE][LMOUSE]

Window: 'Find/Replace'
[LMOUSE][LMOUSE]

Window: 'runtime-EclipseApplication - MineSweeper/src/logic/MineSweeperBoard.java - Eclipse Platform'
[LMOUSE]

Window: 'Find/Replace'


Window: 'runtime-EclipseApplication - MineSweeper/src/logic/MineSweeperBoard.java - Eclipse Platform'
[LMOUSE][LMOUSE][RMOUSE][LMOUSE][LMOUSE]

Window: 'runtime-EclipseApplication - Eclipse Platform'


Window: 'runtime-EclipseApplication - MineSweeper/src/logic/MineGenerator.java - Eclipse Platform'
[LMOUSE]

Window: 'runtime-EclipseApplication - MineSweeper/src/logic/MineSweeper.java - Eclipse Platform'
[LMOUSE][LMOUSE][LMOUSE][LMOUSE][LMOUSE][LMOUSE]

Window: 'MineSweeper'
[LMOUSE]

Window: 'runtime-EclipseApplication - MineSweeper/src/logic/MineSweeper.java - Eclipse Platform'
[LMOUSE]

Window: 'runtime-EclipseApplication - Eclipse Platform'


Window: 'runtime-EclipseApplication - MineSweeper/src/logic/MineGenerator.java - Eclipse Platform'
[LMOUSE]

Window: 'runtime-EclipseApplication - MineSweeper/src/logic/MineSweeperBoard.java - Eclipse Platform'
[LMOUSE][LMOUSE][LMOUSE]

Window: 'runtime-EclipseApplication - MineSweeper/src/logic/MineGenerator.java - Eclipse Platform'
[LMOUSE]

Window: 'runtime-EclipseApplication - MineSweeper/src/logic/MineSweeper.java - Eclipse Platform'
[LMOUSE][RMOUSE][LMOUSE][LMOUSE]

Window: 'MineSweeper'
[LMOUSE]

Window: 'runtime-EclipseApplication - MineSweeper/src/logic/MineSweeper.java - Eclipse Platform'
[LMOUSE][LMOUSE]

Window: 'runtime-EclipseApplication - Eclipse Platform'


Window: 'runtime-EclipseApplication - MineSweeper/src/logic/MineSweeperBoard.java - Eclipse Platform'
[LMOUSE]

Window: 'runtime-EclipseApplication - MineSweeper/src/logic/MineSweeper.java - Eclipse Platform'
[LMOUSE]

Window: 'runtime-EclipseApplication - Eclipse Platform'


Window: 'runtime-EclipseApplication - MineSweeper/src/logic/MineSweeperBoard.java - Eclipse Platform'
[LMOUSE][LMOUSE]

Window: 'runtime-EclipseApplication - Source not found. - Eclipse Platform'


Window: 'Problem Occurred'


Window: 'Multiple problems have occurred'


Window: 'runtime-EclipseApplication - Source not found. - Eclipse Platform'
[LMOUSE]

Window: 'runtime-EclipseApplication - Eclipse Platform'


Window: 'runtime-EclipseApplication - MineSweeper/src/logic/MineGenerator.java - Eclipse Platform'
[LMOUSE][RETURN]RETURN 10[BACKSPACE][BACKSPACE][BACKSPACE][BACKSPACE][BACKSPACE][BACKSPACE][BACKSPACE][BACKSPACE][BACKSPACE]MINE[SHIFT]COUNT [KEY \187] 10[UE][LMOUSE]

Window: 'Multiple problems have occurred'


Window: 'runtime-EclipseApplication - MineSweeper/src/logic/MineGenerator.java - Eclipse Platform'
[LMOUSE]

Window: 'Save and Launch'
[LMOUSE]

Window: 'runtime-EclipseApplication - MineSweeper/src/logic/MineGenerator.java - Eclipse Platform'


Window: NO ACTIVE WINDOW


Window: 'MineSweeper'
[LMOUSE][LMOUSE][LMOUSE][LMOUSE][LMOUSE][LMOUSE][LMOUSE][LMOUSE][LMOUSE][LMOUSE][LMOUSE][LMOUSE][LMOUSE][LMOUSE][LMOUSE][LMOUSE]

Window: 'runtime-EclipseApplication - MineSweeper/src/logic/MineGenerator.java - Eclipse Platform'
[LMOUSE]

Window: 'runtime-EclipseApplication - MineSweeper/src/logic/MineSweeper.java - Eclipse Platform'
[LMOUSE][LMOUSE]

Window: 'runtime-EclipseApplication - MineSweeper/src/logic/MineSweeperBoard.java - Eclipse Platform'
[LMOUSE][LMOUSE][LMOUSE]

Window: 'runtime-EclipseApplication - MineSweeper/src/logic/MineSweeper.java - Eclipse Platform'
[LMOUSE]

Window: 'runtime-EclipseApplication - Eclipse Platform'


Window: 'Problem Occurred'
[LMOUSE]

Window: 'runtime-EclipseApplication - Eclipse Platform'
[LMOUSE][LMOUSE][LMOUSE][LMOUSE]

Window: 'runtime-EclipseApplication - MineSweeper/src/logic/MineGenerator.java - Eclipse Platform'
[LMOUSE][LMOUSE][LMOUSE]

Window: 'runtime-EclipseApplication - Eclipse Platform'


Window: 'runtime-EclipseApplication - MineSweeper/src/logic/MineSweeper.java - Eclipse Platform'
[LMOUSE][LMOUSE][LMOUSE]

Window: 'runtime-EclipseApplication - Eclipse Platform'


Window: 'runtime-EclipseApplication - MineSweeper/src/logic/MineGenerator.java - Eclipse Platform'
[LMOUSE][LMOUSE][LMOUSE][LMOUSE]

Window: 'runtime-EclipseApplication - Eclipse Platform'


Window: 'runtime-EclipseApplication - MineSweeper/src/logic/MineSweeperBoard.java - Eclipse Platform'
[LMOUSE][STRG]F[STRG]FMMI[STRG]F[LMOUSE][STRG]F

Window: 'Find/Replace'
MINEGENERATOR[RETURN][LMOUSE][LMOUSE][LMOUSE][BACKSPACE][SHIFT],[BACKSPACE][BACKSPACE][SHIFT]MINE[SHIFT]GENERATOR[RETURN]

Window: 'runtime-EclipseApplication - MineSweeper/src/logic/MineSweeperBoard.java - Eclipse Platform'
[LMOUSE]

Window: 'Find/Replace'
[LMOUSE][LMOUSE][LMOUSE][LMOUSE][LMOUSE][LMOUSE][LMOUSE]

Window: 'runtime-EclipseApplication - MineSweeper/src/logic/MineSweeperBoard.java - Eclipse Platform'
[LMOUSE]

Window: 'runtime-EclipseApplication - Eclipse Platform'


Window: 'runtime-EclipseApplication - MineSweeper/src/logic/MineSweeper.java - Eclipse Platform'
[LMOUSE]

Window: 'Find/Replace'
[LMOUSE][LMOUSE]

Window: 'runtime-EclipseApplication - MineSweeper/src/logic/MineSweeper.java - Eclipse Platform'
[LMOUSE][LMOUSE]

Window: 'Find/Replace'
[LMOUSE][LMOUSE]

Window: 'runtime-EclipseApplication - MineSweeper/src/logic/MineSweeper.java - Eclipse Platform'
[LMOUSE]

Window: 'runtime-EclipseApplication - Eclipse Platform'


Window: 'runtime-EclipseApplication - MineSweeper/src/logic/MineGenerator.java - Eclipse Platform'
[LMOUSE]

Window: 'runtime-EclipseApplication - MineSweeper/src/logic/MineSweeper.java - Eclipse Platform'
[LMOUSE]

Window: 'runtime-EclipseApplication - Eclipse Platform'


Window: 'runtime-EclipseApplication - MineSweeper/src/logic/MineSweeperBoard.java - Eclipse Platform'
[STRG]F

Window: 'Find/Replace'
DATA[LMOUSE][LMOUSE]

Window: 'runtime-EclipseApplication - MineSweeper/src/logic/MineSweeperBoard.java - Eclipse Platform'
 ##10, 10[SHIFT][SHIFT]8[SHIFT]10 [KEY \187] [BACKSPACE][BACKSPACE]- 9[LMOUSE]

Window: 'Find/Replace'
[LMOUSE]

Window: 'runtime-EclipseApplication - MineSweeper/src/logic/MineSweeperBoard.java - Eclipse Platform'
[BACKSPACE][BACKSPACE] ## 10[BACKSPACE][BACKSPACE]MINE[SHIFT]COUNT [KEY \187] 10 SO 1[BACKSPACE]MIN[SHIFT]91-, 1[LMOUSE]

Window: 'Find/Replace'
[LMOUSE]

Window: 'runtime-EclipseApplication - MineSweeper/src/logic/MineSweeperBoard.java - Eclipse Platform'
[BACKSPACE]0[LMOUSE]0[SHIFT]810-2[BACKSPACE]9[SHIFT]0[LMOUSE]

Window: 'Find/Replace'
[LMOUSE]

Window: 'runtime-EclipseApplication - MineSweeper/src/logic/MineSweeperBoard.java - Eclipse Platform'
[LMOUSE][LMOUSE][LMOUSE][LMOUSE][LMOUSE][LMOUSE][LMOUSE][LMOUSE][LMOUSE]

Window: 'Save and Launch'
[LMOUSE]

Window: 'runtime-EclipseApplication - MineSweeper/src/logic/MineSweeperBoard.java - Eclipse Platform'


Window: 'runtime-EclipseApplication - Eclipse Platform'


Window: 'runtime-EclipseApplication - MineSweeper/src/logic/MineSweeper.java - Eclipse Platform'
[LMOUSE]

Window: 'runtime-EclipseApplication - MineSweeper/src/logic/MineSweeperBoard.java - Eclipse Platform'
[LMOUSE]

Window: 'runtime-EclipseApplication - MineSweeper/src/logic/MineSweeper.java - Eclipse Platform'
[LMOUSE]

Window: 'runtime-EclipseApplication - Eclipse Platform'


Window: 'runtime-EclipseApplication - MineSweeper/src/logic/MineSweeperBoard.java - Eclipse Platform'
[LMOUSE][LMOUSE][LMOUSE][LMOUSE][LMOUSE][LMOUSE][LMOUSE][LMOUSE][LMOUSE][LMOUSE][LMOUSE][LMOUSE][LMOUSE]

Window: 'runtime-EclipseApplication - MineSweeper/src/logic/MineSweeper.java - Eclipse Platform'
[LMOUSE][LMOUSE][LMOUSE]

Window: 'MineSweeper'
[LMOUSE][LMOUSE][LMOUSE]

Window: 'runtime-EclipseApplication - MineSweeper/src/logic/MineSweeper.java - Eclipse Platform'
[LMOUSE][LMOUSE]

Window: 'MineSweeper'
[LMOUSE][LMOUSE][LMOUSE][LMOUSE]

Window: NO ACTIVE WINDOW


Window: 'runtime-EclipseApplication - MineSweeper/src/logic/MineSweeper.java - Eclipse Platform'
[LMOUSE]

Window: 'runtime-EclipseApplication - MineSweeper/src/logic/MineGenerator.java - Eclipse Platform'
[LMOUSE]

Window: 'runtime-EclipseApplication - Eclipse Platform'


Window: 'runtime-EclipseApplication - MineSweeper/src/logic/MineSweeper.java - Eclipse Platform'
[LMOUSE]

Window: 'runtime-EclipseApplication - MineSweeper/src/logic/MineSweeperBoard.java - Eclipse Platform'
[LMOUSE][LMOUSE][LMOUSE][LMOUSE][LMOUSE][LMOUSE][LMOUSE][LMOUSE][LMOUSE][LMOUSE][LMOUSE][RMOUSE][LMOUSE][LMOUSE][LMOUSE][LMOUSE][RMOUSE][LMOUSE][LMOUSE]

Window: 'runtime-EclipseApplication - MineSweeper/src/logic/MineSweeper.java - Eclipse Platform'
[LMOUSE]

Window: 'runtime-EclipseApplication - Eclipse Platform'


Window: 'runtime-EclipseApplication - MineSweeper/src/logic/MineSweeperBoard.java - Eclipse Platform'
[LMOUSE]

Window: 'runtime-EclipseApplication - MineSweeper/src/logic/MineSweeper.java - Eclipse Platform'
[LMOUSE]

Window: 'runtime-EclipseApplication - MineSweeper/src/logic/MineSweeperBoard.java - Eclipse Platform'
[LMOUSE][LMOUSE][LMOUSE][LMOUSE][LMOUSE][LMOUSE][LMOUSE][LMOUSE][LMOUSE][LMOUSE][LMOUSE][LMOUSE][LMOUSE][LMOUSE][LMOUSE]

Window: 'Open Perspective'
[LMOUSE][LMOUSE]

Window: 'runtime-EclipseApplication - MineSweeper/src/logic/MineSweeperBoard.java - Eclipse Platform'
[LMOUSE][LMOUSE]

Window: NO ACTIVE WINDOW


Window: 'iTrace Engine'
[LMOUSE]

Window: 'runtime-EclipseApplication - MineSweeper/src/logic/MineSweeperBoard.java - Eclipse Platform'
[LMOUSE]

Window: 'Confirm Exit'
[LMOUSE]

Window: 'runtime-EclipseApplication - MineSweeper/src/logic/MineSweeperBoard.java - Eclipse Platform'


Window: 'Problem Occurred'


Window: 'MineSweeper'


Window: 'Progress Information'


Window: 'MineSweeper'


Window: 'eclipse-workspace - itrace/src/edu/ysu/itrace/ConnectionManager.java - Eclipse IDE'


Window: 'Program Manager'


Window: NO ACTIVE WINDOW


Window: 'Cortana'
ECLIPSE-[BACKSPACE][BACKSPACE][BACKSPACE][BACKSPACE][BACKSPACE][BACKSPACE][BACKSPACE][BACKSPACE][BACKSPACE]

Window: 'Program Manager'


Window: NO ACTIVE WINDOW


Window: 'File Explorer'
[LMOUSE]

Window: NO ACTIVE WINDOW


Window: 'Snap Assist'
[LMOUSE]

Window: 'File Explorer'


Window: NO ACTIVE WINDOW


Window: 'C:\Users\Eye-tracking\Documents\keylogger\build\keylogger.exe'
[LMOUSE]