

Window: 'Command Prompt - keylogger'
[RETURN]EGKLORY[LMOUSE]

Window: 'iTrace Engine'
[LMOUSE]

Window: 'runtime-EclipseApplication - MineSweeper/src/presentation/MineSweeperGui.java - Eclipse Platform'
[LMOUSE][LMOUSE][LMOUSE][LMOUSE]

Window: 'runtime-EclipseApplication - MineSweeper/src/logic/MineSweeper.java - Eclipse Platform'
[LMOUSE][LMOUSE][LMOUSE]

Window: 'MineSweeper'
[LMOUSE][LMOUSE][LMOUSE][LMOUSE][LMOUSE][LMOUSE][LMOUSE][LMOUSE][LMOUSE][LMOUSE][LMOUSE][LMOUSE][LMOUSE][LMOUSE][LMOUSE][LMOUSE][LMOUSE][LMOUSE][LMOUSE][LMOUSE][LMOUSE][LMOUSE]

Window: 'runtime-EclipseApplication - MineSweeper/src/logic/MineSweeper.java - Eclipse Platform'
[LMOUSE][LMOUSE][LMOUSE]

Window: 'runtime-EclipseApplication - MineSweeper/src/logic/MineSweeperBoard.java - Eclipse Platform'
[LMOUSE][LMOUSE][LMOUSE][LMOUSE][LMOUSE][LMOUSE][RETURN][RETURN][RETURN][ARROW UP][ARROW UP][ARROW DOWN]SYT[BACKSPACE]STEM.OUT.PRINTKLN[BACKSPACE][BACKSPACE][BACKSPACE]LN[SHIFT]9THIS.DATA.MINE[RETURN][SHIFT]0[UE][STRG]S[LMOUSE]

Window: 'MineSweeper'
[LMOUSE][LMOUSE][LMOUSE][LMOUSE][LMOUSE][LMOUSE][LMOUSE][LMOUSE][LMOUSE][LMOUSE]

Window: 'runtime-EclipseApplication - MineSweeper/src/logic/MineSweeperBoard.java - Eclipse Platform'
[LMOUSE][BACKSPACE][LMOUSE][STRG]F

Window: 'Find/Replace'
REST[BACKSPACE]ETDATA[RETURN][RETURN][LMOUSE][LMOUSE][LMOUSE]

Window: 'runtime-EclipseApplication - MineSweeper/src/logic/MineSweeperBoard.java - Eclipse Platform'
[LMOUSE]

Window: 'Find/Replace'
[LMOUSE][LMOUSE][LMOUSE][LMOUSE][LMOUSE][LMOUSE][LMOUSE]

Window: 'runtime-EclipseApplication - MineSweeper/src/logic/MineSweeperBoard.java - Eclipse Platform'
[RETURN][STRG]Z[LMOUSE]

Window: 'Find/Replace'
[RETURN][LMOUSE]

Window: 'runtime-EclipseApplication - MineSweeper/src/logic/MineSweeperBoard.java - Eclipse Platform'
[LMOUSE][LMOUSE][LMOUSE][LMOUSE][LMOUSE][LMOUSE][LMOUSE]

Window: 'runtime-EclipseApplication - MineSweeper/src/presentation/MineSweeperGui.java - Eclipse Platform'
[LMOUSE][STRG]F

Window: 'Find/Replace'
NEWA[BACKSPACE]GAME[RETURN][LMOUSE]

Window: 'runtime-EclipseApplication - MineSweeper/src/presentation/MineSweeperGui.java - Eclipse Platform'
[LMOUSE][LMOUSE]

Window: 'runtime-EclipseApplication - MineSweeper/src/logic/MineSweeperBoard.java - Eclipse Platform'
[LMOUSE][LMOUSE][LMOUSE][LMOUSE][STRG]F

Window: 'Find/Replace'
[LMOUSE]GENERATEMINES[RETURN][RETURN][LMOUSE][LMOUSE][RETURN][RETURN][LMOUSE][RETURN][LMOUSE][LMOUSE][LMOUSE][RETURN][LMOUSE][LMOUSE][RETURN][RETURN][RETURN][RETURN][RETURN][RETURN][LMOUSE][LMOUSE][LMOUSE]

Window: 'runtime-EclipseApplication - MineSweeper/src/logic/MineSweeperBoard.java - Eclipse Platform'
[LMOUSE]

Window: 'Find/Replace'
[RETURN][RETURN]

Window: 'runtime-EclipseApplication - MineSweeper/src/logic/MineSweeperBoard.java - Eclipse Platform'
[LMOUSE][LMOUSE]

Window: 'Find/Replace'
[RETURN][RETURN][RETURN][RETURN][LMOUSE][LMOUSE][RETURN][LMOUSE][LMOUSE][RETURN][RETURN][RETURN][LMOUSE][LMOUSE]

Window: 'runtime-EclipseApplication - MineSweeper/src/logic/MineSweeperBoard.java - Eclipse Platform'
[LMOUSE][LMOUSE]

Window: 'Find/Replace'
[RETURN][RETURN][RETURN][LMOUSE][LMOUSE][RETURN][LMOUSE][LMOUSE][RETURN][LMOUSE]

Window: 'runtime-EclipseApplication - MineSweeper/src/logic/MineSweeperBoard.java - Eclipse Platform'
[LMOUSE][LMOUSE][LMOUSE][LMOUSE][LMOUSE][LMOUSE][RETURN]INT[BACKSPACE][BACKSPACE][BACKSPACE][SHIFT]A[LMOUSE]RR[BACKSPACE][BACKSPACE][SHIFT][BACKSPACE]LIST[SHIFT],INTEGER[SHIFT]. [LMOUSE][LMOUSE]INT[ARROW RIGHT] USED[SHIFT]SPACES [KEY \187] NEW [SHIFT]ARRAY[SHIFT]LIST[SHIFT]90[UE][STRG]S[RETURN][LMOUSE][LMOUSE][LMOUSE]IN[BACKSPACE][BACKSPACE][SHIFT]INTEGER[STRG]S[LMOUSE][LMOUSE][LMOUSE][LMOUSE]INT[STRG]S[LMOUSE][LMOUSE][BACKSPACE][RETURN][RETURN]INT START[SHIFT]-MINE[BACKSPACE][BACKSPACE][BACKSPACE][BACKSPACE][LMOUSE][BACKSPACE][STRG]Z[LMOUSE][LMOUSE][BACKSPACE][BACKSPACE][LMOUSE][RETURN][RETURN]IF [SHIFT]9[LMOUSE][STRG]C[LMOUSE][STRG]V[LMOUSE][KEY \187][ARROW RIGHT][ARROW RIGHT][ARROW RIGHT][ARROW RIGHT][ARROW RIGHT][ARROW RIGHT][BACKSPACE][SHIFT]0-[BACKSPACE] [KEY \219][RETURN]## [SHIFT]OOPS[SHIFT]1[LMOUSE][LMOUSE][BACKSPACE][BACKSPACE][BACKSPACE][BACKSPACE][BACKSPACE][LMOUSE] [SHIFT]WE ALREADY USED THIS SPACE[RETURN]--9[BACKSPACE]I[BACKSPACE][BACKSPACE][BACKSPACE]I--[UE][LMOUSE] [BACKSPACE]. [SHIFT]TRY AGAIN[LMOUSE][LMOUSE] ELSE [SHIFT][KEY \219][RETURN][LMOUSE][STRG]X[LMOUSE][STRG]V[LMOUSE][BACKSPACE][STRG]S[LMOUSE]

Window: 'MineSweeper'
[LMOUSE][LMOUSE][LMOUSE][LMOUSE][LMOUSE][LMOUSE][LMOUSE][LMOUSE][LMOUSE][LMOUSE][LMOUSE][LMOUSE][LMOUSE][LMOUSE][LMOUSE]

Window: 'runtime-EclipseApplication - MineSweeper/src/logic/MineSweeperBoard.java - Eclipse Platform'
[LMOUSE]##[LMOUSE]

Window: 'Save and Launch'
[LMOUSE]

Window: 'runtime-EclipseApplication - MineSweeper/src/logic/MineSweeperBoard.java - Eclipse Platform'


Window: 'MineSweeper'
[LMOUSE][LMOUSE][LMOUSE][LMOUSE][LMOUSE][LMOUSE][LMOUSE][LMOUSE][LMOUSE][LMOUSE][LMOUSE][LMOUSE][LMOUSE][LMOUSE][LMOUSE][LMOUSE][LMOUSE]

Window: 'runtime-EclipseApplication - MineSweeper/src/logic/MineSweeperBoard.java - Eclipse Platform'
[BACKSPACE][BACKSPACE][STRG]S[LMOUSE]

Window: 'MineSweeper'
[LMOUSE][LMOUSE][LMOUSE][LMOUSE][LMOUSE][LMOUSE][LMOUSE][LMOUSE][LMOUSE][LMOUSE][LMOUSE][LMOUSE][LMOUSE][LMOUSE][LMOUSE][LMOUSE][LMOUSE][LMOUSE][LMOUSE][LMOUSE][LMOUSE][LMOUSE][LMOUSE][LMOUSE][LMOUSE][LMOUSE][LMOUSE][LMOUSE][LMOUSE][LMOUSE][LMOUSE][LMOUSE]

Window: 'runtime-EclipseApplication - MineSweeper/src/logic/MineSweeperBoard.java - Eclipse Platform'
[LMOUSE][LMOUSE]

Window: NO ACTIVE WINDOW


Window: 'iTrace Engine'
[LMOUSE]

Window: NO ACTIVE WINDOW


Window: 'Command Prompt - keylogger'
[LMOUSE]